2025-03-31T11:00:53.552 [http-nio-8080-exec-10] DEBUG j.sqltiming -  com.zaxxer.hikari.pool.ProxyPreparedStatement.execute(ProxyPreparedStatement.java:44)
1. SELECT COUNT(*)

		FROM code as a
		LEFT JOIN
			codeGroup b
		ON
			a.ifcgSeq = b.ifcgSeq
		WHERE 1=1
		 AND a.ifcdUseNy = 1 
         AND a.ifcdDelNy = 0 

		ORDER BY a.ifcdSeq DESC
 {executed in 0 msec} 
2025-03-31T11:00:53.554 [http-nio-8080-exec-10] DEBUG j.sqltiming -  com.zaxxer.hikari.pool.ProxyPreparedStatement.execute(ProxyPreparedStatement.java:44)
1. SELECT aa.* FROM (
			SELECT
				a.ifcdSeq,
			    a.ifcdName,
			    a.ifcdDelNy,
			    a.ifcdUseNy,
			    b.ifcgSeq,
			    b.ifcgName

		FROM code as a
		LEFT JOIN
			codeGroup b
		ON
			a.ifcgSeq = b.ifcgSeq
		WHERE 1=1
		 AND a.ifcdUseNy = 1 
         AND a.ifcdDelNy = 0 

		ORDER BY a.ifcdSeq DESC

		) aa
		limit 5 offset 0
 {executed in 1 msec} 
2025-03-31T11:01:05.374 [http-nio-8080-exec-9] DEBUG j.sqltiming -  com.zaxxer.hikari.pool.ProxyPreparedStatement.execute(ProxyPreparedStatement.java:44)
1. SELECT COUNT(*)

		FROM code as a
		LEFT JOIN
			codeGroup b
		ON
			a.ifcgSeq = b.ifcgSeq
		WHERE 1=1
		 AND a.ifcdUseNy = 1 
         AND a.ifcdDelNy = 0 

		ORDER BY a.ifcdSeq DESC
 {executed in 1 msec} 
2025-03-31T11:01:05.377 [http-nio-8080-exec-9] DEBUG j.sqltiming -  com.zaxxer.hikari.pool.ProxyPreparedStatement.execute(ProxyPreparedStatement.java:44)
1. SELECT aa.* FROM (
			SELECT
				a.ifcdSeq,
			    a.ifcdName,
			    a.ifcdDelNy,
			    a.ifcdUseNy,
			    b.ifcgSeq,
			    b.ifcgName

		FROM code as a
		LEFT JOIN
			codeGroup b
		ON
			a.ifcgSeq = b.ifcgSeq
		WHERE 1=1
		 AND a.ifcdUseNy = 1 
         AND a.ifcdDelNy = 0 

		ORDER BY a.ifcdSeq DESC

		) aa
		limit 5 offset 0
 {executed in 1 msec} 
2025-03-31T11:02:08.160 [http-nio-8080-exec-5] DEBUG j.sqltiming -  com.zaxxer.hikari.pool.ProxyPreparedStatement.execute(ProxyPreparedStatement.java:44)
1. SELECT COUNT(*)

		FROM code as a
		LEFT JOIN
			codeGroup b
		ON
			a.ifcgSeq = b.ifcgSeq
		WHERE 1=1
		 AND a.ifcdUseNy = 1 
         AND a.ifcdDelNy = 0 

		ORDER BY a.ifcdSeq DESC
 {executed in 1 msec} 
2025-03-31T11:02:08.162 [http-nio-8080-exec-5] DEBUG j.sqltiming -  com.zaxxer.hikari.pool.ProxyPreparedStatement.execute(ProxyPreparedStatement.java:44)
1. SELECT aa.* FROM (
			SELECT
				a.ifcdSeq,
			    a.ifcdName,
			    a.ifcdDelNy,
			    a.ifcdUseNy,
			    b.ifcgSeq,
			    b.ifcgName

		FROM code as a
		LEFT JOIN
			codeGroup b
		ON
			a.ifcgSeq = b.ifcgSeq
		WHERE 1=1
		 AND a.ifcdUseNy = 1 
         AND a.ifcdDelNy = 0 

		ORDER BY a.ifcdSeq DESC

		) aa
		limit 5 offset 0
 {executed in 1 msec} 
2025-03-31T11:02:29.792 [http-nio-8080-exec-9] DEBUG j.sqltiming -  com.zaxxer.hikari.pool.ProxyPreparedStatement.execute(ProxyPreparedStatement.java:44)
1. SELECT COUNT(*)

		FROM code as a
		LEFT JOIN
			codeGroup b
		ON
			a.ifcgSeq = b.ifcgSeq
		WHERE 1=1
		 AND a.ifcdUseNy = 1 
         AND a.ifcdDelNy = 0 

		ORDER BY a.ifcdSeq DESC
 {executed in 1 msec} 
2025-03-31T11:02:29.793 [http-nio-8080-exec-9] DEBUG j.sqltiming -  com.zaxxer.hikari.pool.ProxyPreparedStatement.execute(ProxyPreparedStatement.java:44)
1. SELECT aa.* FROM (
			SELECT
				a.ifcdSeq,
			    a.ifcdName,
			    a.ifcdDelNy,
			    a.ifcdUseNy,
			    b.ifcgSeq,
			    b.ifcgName

		FROM code as a
		LEFT JOIN
			codeGroup b
		ON
			a.ifcgSeq = b.ifcgSeq
		WHERE 1=1
		 AND a.ifcdUseNy = 1 
         AND a.ifcdDelNy = 0 

		ORDER BY a.ifcdSeq DESC

		) aa
		limit 5 offset 0
 {executed in 0 msec} 
2025-03-31T11:02:42.629 [http-nio-8080-exec-9] DEBUG j.sqltiming -  com.zaxxer.hikari.pool.ProxyPreparedStatement.execute(ProxyPreparedStatement.java:44)
1. SELECT COUNT(*)

		FROM code as a
		LEFT JOIN
			codeGroup b
		ON
			a.ifcgSeq = b.ifcgSeq
		WHERE 1=1
		 AND a.ifcdUseNy = 1 
         AND a.ifcdDelNy = 0 

		ORDER BY a.ifcdSeq DESC
 {executed in 2 msec} 
2025-03-31T11:02:42.630 [http-nio-8080-exec-9] DEBUG j.sqltiming -  com.zaxxer.hikari.pool.ProxyPreparedStatement.execute(ProxyPreparedStatement.java:44)
1. SELECT aa.* FROM (
			SELECT
				a.ifcdSeq,
			    a.ifcdName,
			    a.ifcdDelNy,
			    a.ifcdUseNy,
			    b.ifcgSeq,
			    b.ifcgName

		FROM code as a
		LEFT JOIN
			codeGroup b
		ON
			a.ifcgSeq = b.ifcgSeq
		WHERE 1=1
		 AND a.ifcdUseNy = 1 
         AND a.ifcdDelNy = 0 

		ORDER BY a.ifcdSeq DESC

		) aa
		limit 5 offset 0
 {executed in 0 msec} 
2025-03-31T11:03:24.584 [http-nio-8080-exec-3] DEBUG j.sqltiming -  com.zaxxer.hikari.pool.ProxyPreparedStatement.execute(ProxyPreparedStatement.java:44)
1. SELECT COUNT(*)

		FROM code as a
		LEFT JOIN
			codeGroup b
		ON
			a.ifcgSeq = b.ifcgSeq
		WHERE 1=1
		 AND a.ifcdUseNy = 1 
         AND a.ifcdDelNy = 0 

		ORDER BY a.ifcdSeq DESC
 {executed in 1 msec} 
2025-03-31T11:03:24.586 [http-nio-8080-exec-3] DEBUG j.sqltiming -  com.zaxxer.hikari.pool.ProxyPreparedStatement.execute(ProxyPreparedStatement.java:44)
1. SELECT aa.* FROM (
			SELECT
				a.ifcdSeq,
			    a.ifcdName,
			    a.ifcdDelNy,
			    a.ifcdUseNy,
			    b.ifcgSeq,
			    b.ifcgName

		FROM code as a
		LEFT JOIN
			codeGroup b
		ON
			a.ifcgSeq = b.ifcgSeq
		WHERE 1=1
		 AND a.ifcdUseNy = 1 
         AND a.ifcdDelNy = 0 

		ORDER BY a.ifcdSeq DESC

		) aa
		limit 5 offset 0
 {executed in 0 msec} 
2025-03-31T11:03:28.426 [http-nio-8080-exec-1] DEBUG j.sqltiming -  com.zaxxer.hikari.pool.ProxyPreparedStatement.execute(ProxyPreparedStatement.java:44)
1. SELECT COUNT(*)

		FROM code as a
		LEFT JOIN
			codeGroup b
		ON
			a.ifcgSeq = b.ifcgSeq
		WHERE 1=1
		 AND a.ifcdUseNy = 1 
         AND a.ifcdDelNy = 0 

		ORDER BY a.ifcdSeq DESC
 {executed in 1 msec} 
2025-03-31T11:03:28.428 [http-nio-8080-exec-1] DEBUG j.sqltiming -  com.zaxxer.hikari.pool.ProxyPreparedStatement.execute(ProxyPreparedStatement.java:44)
1. SELECT aa.* FROM (
			SELECT
				a.ifcdSeq,
			    a.ifcdName,
			    a.ifcdDelNy,
			    a.ifcdUseNy,
			    b.ifcgSeq,
			    b.ifcgName

		FROM code as a
		LEFT JOIN
			codeGroup b
		ON
			a.ifcgSeq = b.ifcgSeq
		WHERE 1=1
		 AND a.ifcdUseNy = 1 
         AND a.ifcdDelNy = 0 

		ORDER BY a.ifcdSeq DESC

		) aa
		limit 5 offset 0
 {executed in 1 msec} 
2025-03-31T11:04:01.041 [http-nio-8080-exec-3] DEBUG j.sqltiming -  com.zaxxer.hikari.pool.ProxyPreparedStatement.execute(ProxyPreparedStatement.java:44)
1. SELECT COUNT(*)

		FROM code as a
		LEFT JOIN
			codeGroup b
		ON
			a.ifcgSeq = b.ifcgSeq
		WHERE 1=1
		 AND a.ifcdUseNy = 1 
         AND a.ifcdDelNy = 0 

		ORDER BY a.ifcdSeq DESC
 {executed in 1 msec} 
2025-03-31T11:04:01.043 [http-nio-8080-exec-3] DEBUG j.sqltiming -  com.zaxxer.hikari.pool.ProxyPreparedStatement.execute(ProxyPreparedStatement.java:44)
1. SELECT aa.* FROM (
			SELECT
				a.ifcdSeq,
			    a.ifcdName,
			    a.ifcdDelNy,
			    a.ifcdUseNy,
			    b.ifcgSeq,
			    b.ifcgName

		FROM code as a
		LEFT JOIN
			codeGroup b
		ON
			a.ifcgSeq = b.ifcgSeq
		WHERE 1=1
		 AND a.ifcdUseNy = 1 
         AND a.ifcdDelNy = 0 

		ORDER BY a.ifcdSeq DESC

		) aa
		limit 5 offset 0
 {executed in 0 msec} 
2025-03-31T11:04:17.714 [http-nio-8080-exec-9] DEBUG j.sqltiming -  com.zaxxer.hikari.pool.ProxyPreparedStatement.execute(ProxyPreparedStatement.java:44)
1. SELECT COUNT(*)

		FROM code as a
		LEFT JOIN
			codeGroup b
		ON
			a.ifcgSeq = b.ifcgSeq
		WHERE 1=1
		 AND a.ifcdUseNy = 1 
         AND a.ifcdDelNy = 0 

		ORDER BY a.ifcdSeq DESC
 {executed in 1 msec} 
2025-03-31T11:04:17.715 [http-nio-8080-exec-9] DEBUG j.sqltiming -  com.zaxxer.hikari.pool.ProxyPreparedStatement.execute(ProxyPreparedStatement.java:44)
1. SELECT aa.* FROM (
			SELECT
				a.ifcdSeq,
			    a.ifcdName,
			    a.ifcdDelNy,
			    a.ifcdUseNy,
			    b.ifcgSeq,
			    b.ifcgName

		FROM code as a
		LEFT JOIN
			codeGroup b
		ON
			a.ifcgSeq = b.ifcgSeq
		WHERE 1=1
		 AND a.ifcdUseNy = 1 
         AND a.ifcdDelNy = 0 

		ORDER BY a.ifcdSeq DESC

		) aa
		limit 5 offset 0
 {executed in 0 msec} 
2025-03-31T11:04:51.266 [http-nio-8080-exec-1] DEBUG j.sqltiming -  com.zaxxer.hikari.pool.ProxyPreparedStatement.execute(ProxyPreparedStatement.java:44)
1. SELECT COUNT(*)

		FROM code as a
		LEFT JOIN
			codeGroup b
		ON
			a.ifcgSeq = b.ifcgSeq
		WHERE 1=1
		 AND a.ifcdUseNy = 1 
         AND a.ifcdDelNy = 0 

		ORDER BY a.ifcdSeq DESC
 {executed in 1 msec} 
2025-03-31T11:04:51.268 [http-nio-8080-exec-1] DEBUG j.sqltiming -  com.zaxxer.hikari.pool.ProxyPreparedStatement.execute(ProxyPreparedStatement.java:44)
1. SELECT aa.* FROM (
			SELECT
				a.ifcdSeq,
			    a.ifcdName,
			    a.ifcdDelNy,
			    a.ifcdUseNy,
			    b.ifcgSeq,
			    b.ifcgName

		FROM code as a
		LEFT JOIN
			codeGroup b
		ON
			a.ifcgSeq = b.ifcgSeq
		WHERE 1=1
		 AND a.ifcdUseNy = 1 
         AND a.ifcdDelNy = 0 

		ORDER BY a.ifcdSeq DESC

		) aa
		limit 5 offset 0
 {executed in 1 msec} 
2025-03-31T11:05:27.734 [http-nio-8080-exec-4] DEBUG j.sqltiming -  com.zaxxer.hikari.pool.ProxyPreparedStatement.execute(ProxyPreparedStatement.java:44)
1. SELECT COUNT(*)

		FROM code as a
		LEFT JOIN
			codeGroup b
		ON
			a.ifcgSeq = b.ifcgSeq
		WHERE 1=1
		 AND a.ifcdUseNy = 1 
         AND a.ifcdDelNy = 0 

		ORDER BY a.ifcdSeq DESC
 {executed in 1 msec} 
2025-03-31T11:05:27.735 [http-nio-8080-exec-4] DEBUG j.sqltiming -  com.zaxxer.hikari.pool.ProxyPreparedStatement.execute(ProxyPreparedStatement.java:44)
1. SELECT aa.* FROM (
			SELECT
				a.ifcdSeq,
			    a.ifcdName,
			    a.ifcdDelNy,
			    a.ifcdUseNy,
			    b.ifcgSeq,
			    b.ifcgName

		FROM code as a
		LEFT JOIN
			codeGroup b
		ON
			a.ifcgSeq = b.ifcgSeq
		WHERE 1=1
		 AND a.ifcdUseNy = 1 
         AND a.ifcdDelNy = 0 

		ORDER BY a.ifcdSeq DESC

		) aa
		limit 5 offset 0
 {executed in 1 msec} 
2025-03-31T11:05:35.627 [http-nio-8080-exec-10] DEBUG j.sqltiming -  com.zaxxer.hikari.pool.ProxyPreparedStatement.execute(ProxyPreparedStatement.java:44)
1. SELECT COUNT(*)

		FROM codeGroup as a
		WHERE 1=1
		 AND a.ifcgUseNy = 1 
         AND a.ifcgDelNy = 0 

		ORDER BY a.ifcgSeq DESC
 {executed in 1 msec} 
2025-03-31T11:05:35.629 [http-nio-8080-exec-10] DEBUG j.sqltiming -  com.zaxxer.hikari.pool.ProxyPreparedStatement.execute(ProxyPreparedStatement.java:44)
1. SELECT aa.* FROM (
			SELECT
				a.ifcgSeq,
			    a.ifcgName,
			    (select count(aa.ifcdSeq) from code aa 
			    	where 1=1 
			    		and aa.ifcdDelNy = 0
			    		and aa.ifcgSeq = a.ifcgSeq
			    ) as xifcdSeqCount,
			    a.ifcgDelNy,
			    a.ifcgUseNy

		FROM codeGroup as a
		WHERE 1=1
		 AND a.ifcgUseNy = 1 
         AND a.ifcgDelNy = 0 

		ORDER BY a.ifcgSeq DESC

		) aa
		limit 5 offset 0
 {executed in 0 msec} 
2025-03-31T11:05:37.370 [http-nio-8080-exec-1] DEBUG j.sqltiming -  com.zaxxer.hikari.pool.ProxyPreparedStatement.execute(ProxyPreparedStatement.java:44)
1. SELECT COUNT(*)

		FROM code as a
		LEFT JOIN
			codeGroup b
		ON
			a.ifcgSeq = b.ifcgSeq
		WHERE 1=1
		 AND a.ifcdUseNy = 1 
         AND a.ifcdDelNy = 0 

		ORDER BY a.ifcdSeq DESC
 {executed in 1 msec} 
2025-03-31T11:05:37.371 [http-nio-8080-exec-1] DEBUG j.sqltiming -  com.zaxxer.hikari.pool.ProxyPreparedStatement.execute(ProxyPreparedStatement.java:44)
1. SELECT aa.* FROM (
			SELECT
				a.ifcdSeq,
			    a.ifcdName,
			    a.ifcdDelNy,
			    a.ifcdUseNy,
			    b.ifcgSeq,
			    b.ifcgName

		FROM code as a
		LEFT JOIN
			codeGroup b
		ON
			a.ifcgSeq = b.ifcgSeq
		WHERE 1=1
		 AND a.ifcdUseNy = 1 
         AND a.ifcdDelNy = 0 

		ORDER BY a.ifcdSeq DESC

		) aa
		limit 5 offset 0
 {executed in 0 msec} 
2025-03-31T11:23:14.291 [http-nio-8080-exec-7] DEBUG j.sqltiming -  com.zaxxer.hikari.pool.ProxyPreparedStatement.execute(ProxyPreparedStatement.java:44)
11. SELECT COUNT(*)

		FROM codeGroup as a
		WHERE 1=1
		 AND a.ifcgUseNy = 1 
         AND a.ifcgDelNy = 0 

		ORDER BY a.ifcgSeq DESC
 {executed in 1 msec} 
2025-03-31T11:23:14.293 [http-nio-8080-exec-7] DEBUG j.sqltiming -  com.zaxxer.hikari.pool.ProxyPreparedStatement.execute(ProxyPreparedStatement.java:44)
11. SELECT aa.* FROM (
			SELECT
				a.ifcgSeq,
			    a.ifcgName,
			    (select count(aa.ifcdSeq) from code aa 
			    	where 1=1 
			    		and aa.ifcdDelNy = 0
			    		and aa.ifcgSeq = a.ifcgSeq
			    ) as xifcdSeqCount,
			    a.ifcgDelNy,
			    a.ifcgUseNy

		FROM codeGroup as a
		WHERE 1=1
		 AND a.ifcgUseNy = 1 
         AND a.ifcgDelNy = 0 

		ORDER BY a.ifcgSeq DESC

		) aa
		limit 5 offset 0
 {executed in 1 msec} 
2025-03-31T11:30:06.930 [http-nio-8080-exec-6] DEBUG j.sqltiming -  com.zaxxer.hikari.pool.ProxyPreparedStatement.execute(ProxyPreparedStatement.java:44)
11. SELECT COUNT(*)

		FROM code as a
		LEFT JOIN
			codeGroup b
		ON
			a.ifcgSeq = b.ifcgSeq
		WHERE 1=1
		 AND a.ifcdUseNy = 1 
         AND a.ifcdDelNy = 0 

		ORDER BY a.ifcdSeq DESC
 {executed in 0 msec} 
2025-03-31T11:30:06.931 [http-nio-8080-exec-6] DEBUG j.sqltiming -  com.zaxxer.hikari.pool.ProxyPreparedStatement.execute(ProxyPreparedStatement.java:44)
11. SELECT aa.* FROM (
			SELECT
				a.ifcdSeq,
			    a.ifcdName,
			    a.ifcdDelNy,
			    a.ifcdUseNy,
			    b.ifcgSeq,
			    b.ifcgName

		FROM code as a
		LEFT JOIN
			codeGroup b
		ON
			a.ifcgSeq = b.ifcgSeq
		WHERE 1=1
		 AND a.ifcdUseNy = 1 
         AND a.ifcdDelNy = 0 

		ORDER BY a.ifcdSeq DESC

		) aa
		limit 5 offset 0
 {executed in 1 msec} 
2025-03-31T11:33:59.047 [http-nio-8080-exec-10] DEBUG j.sqltiming -  com.zaxxer.hikari.pool.ProxyPreparedStatement.execute(ProxyPreparedStatement.java:44)
11. SELECT COUNT(*)

		FROM code as a
		LEFT JOIN
			codeGroup b
		ON
			a.ifcgSeq = b.ifcgSeq
		WHERE 1=1
		 AND a.ifcdUseNy = 1 
         AND a.ifcdDelNy = 0 

		ORDER BY a.ifcdSeq DESC
 {executed in 0 msec} 
2025-03-31T11:33:59.049 [http-nio-8080-exec-10] DEBUG j.sqltiming -  com.zaxxer.hikari.pool.ProxyPreparedStatement.execute(ProxyPreparedStatement.java:44)
11. SELECT aa.* FROM (
			SELECT
				a.ifcdSeq,
			    a.ifcdName,
			    a.ifcdDelNy,
			    a.ifcdUseNy,
			    b.ifcgSeq,
			    b.ifcgName

		FROM code as a
		LEFT JOIN
			codeGroup b
		ON
			a.ifcgSeq = b.ifcgSeq
		WHERE 1=1
		 AND a.ifcdUseNy = 1 
         AND a.ifcdDelNy = 0 

		ORDER BY a.ifcdSeq DESC

		) aa
		limit 5 offset 0
 {executed in 1 msec} 
2025-03-31T11:34:04.267 [http-nio-8080-exec-6] DEBUG j.sqltiming -  com.zaxxer.hikari.pool.ProxyPreparedStatement.execute(ProxyPreparedStatement.java:44)
11. SELECT COUNT(*)

		FROM codeGroup as a
		WHERE 1=1
		 AND a.ifcgUseNy = 1 
         AND a.ifcgDelNy = 0 

		ORDER BY a.ifcgSeq DESC
 {executed in 1 msec} 
2025-03-31T11:34:04.269 [http-nio-8080-exec-6] DEBUG j.sqltiming -  com.zaxxer.hikari.pool.ProxyPreparedStatement.execute(ProxyPreparedStatement.java:44)
11. SELECT aa.* FROM (
			SELECT
				a.ifcgSeq,
			    a.ifcgName,
			    (select count(aa.ifcdSeq) from code aa 
			    	where 1=1 
			    		and aa.ifcdDelNy = 0
			    		and aa.ifcgSeq = a.ifcgSeq
			    ) as xifcdSeqCount,
			    a.ifcgDelNy,
			    a.ifcgUseNy

		FROM codeGroup as a
		WHERE 1=1
		 AND a.ifcgUseNy = 1 
         AND a.ifcgDelNy = 0 

		ORDER BY a.ifcgSeq DESC

		) aa
		limit 5 offset 0
 {executed in 1 msec} 
2025-03-31T11:34:11.179 [http-nio-8080-exec-4] DEBUG j.sqltiming -  com.zaxxer.hikari.pool.ProxyPreparedStatement.execute(ProxyPreparedStatement.java:44)
11. SELECT COUNT(*)

		FROM userUi as a
		WHERE 1=1

		ORDER BY a.seq DESC
 {executed in 1 msec} 
2025-03-31T11:34:11.180 [http-nio-8080-exec-4] DEBUG j.sqltiming -  com.zaxxer.hikari.pool.ProxyPreparedStatement.execute(ProxyPreparedStatement.java:44)
11. SELECT aa.* FROM (
			SELECT
				a.seq,

			    a.name,
			    a.gender,
			    a.btd,
			    a.email,
			    a.passWord,
			    a.price,
			    a.score,
			    a.delNy,
			    a.admSignin,
			    a.mobileCarrier

		FROM userUi as a
		WHERE 1=1

		ORDER BY a.seq DESC

		) aa
		limit 5 offset 0
 {executed in 0 msec} 
2025-03-31T11:34:16.168 [http-nio-8080-exec-3] DEBUG j.sqltiming -  com.zaxxer.hikari.pool.ProxyPreparedStatement.execute(ProxyPreparedStatement.java:44)
11. SELECT COUNT(*)

		FROM codeGroup as a
		WHERE 1=1
		 AND a.ifcgUseNy = 1 
         AND a.ifcgDelNy = 0 

		ORDER BY a.ifcgSeq DESC
 {executed in 0 msec} 
2025-03-31T11:34:16.169 [http-nio-8080-exec-3] DEBUG j.sqltiming -  com.zaxxer.hikari.pool.ProxyPreparedStatement.execute(ProxyPreparedStatement.java:44)
11. SELECT aa.* FROM (
			SELECT
				a.ifcgSeq,
			    a.ifcgName,
			    (select count(aa.ifcdSeq) from code aa 
			    	where 1=1 
			    		and aa.ifcdDelNy = 0
			    		and aa.ifcgSeq = a.ifcgSeq
			    ) as xifcdSeqCount,
			    a.ifcgDelNy,
			    a.ifcgUseNy

		FROM codeGroup as a
		WHERE 1=1
		 AND a.ifcgUseNy = 1 
         AND a.ifcgDelNy = 0 

		ORDER BY a.ifcgSeq DESC

		) aa
		limit 5 offset 0
 {executed in 0 msec} 
2025-03-31T11:34:19.124 [http-nio-8080-exec-10] DEBUG j.sqltiming -  com.zaxxer.hikari.pool.ProxyPreparedStatement.execute(ProxyPreparedStatement.java:44)
11. SELECT COUNT(*)

		FROM code as a
		LEFT JOIN
			codeGroup b
		ON
			a.ifcgSeq = b.ifcgSeq
		WHERE 1=1
		 AND a.ifcdUseNy = 1 
         AND a.ifcdDelNy = 0 

		ORDER BY a.ifcdSeq DESC
 {executed in 1 msec} 
2025-03-31T11:34:19.126 [http-nio-8080-exec-10] DEBUG j.sqltiming -  com.zaxxer.hikari.pool.ProxyPreparedStatement.execute(ProxyPreparedStatement.java:44)
11. SELECT aa.* FROM (
			SELECT
				a.ifcdSeq,
			    a.ifcdName,
			    a.ifcdDelNy,
			    a.ifcdUseNy,
			    b.ifcgSeq,
			    b.ifcgName

		FROM code as a
		LEFT JOIN
			codeGroup b
		ON
			a.ifcgSeq = b.ifcgSeq
		WHERE 1=1
		 AND a.ifcdUseNy = 1 
         AND a.ifcdDelNy = 0 

		ORDER BY a.ifcdSeq DESC

		) aa
		limit 5 offset 0
 {executed in 1 msec} 
2025-03-31T11:34:23.137 [http-nio-8080-exec-4] DEBUG j.sqltiming -  com.zaxxer.hikari.pool.ProxyPreparedStatement.execute(ProxyPreparedStatement.java:44)
11. SELECT COUNT(*)

		FROM code as a
		LEFT JOIN
			codeGroup b
		ON
			a.ifcgSeq = b.ifcgSeq
		WHERE 1=1
		 AND a.ifcdUseNy = 1 
         AND a.ifcdDelNy = 0 

		ORDER BY a.ifcdSeq DESC
 {executed in 1 msec} 
2025-03-31T11:34:23.139 [http-nio-8080-exec-4] DEBUG j.sqltiming -  com.zaxxer.hikari.pool.ProxyPreparedStatement.execute(ProxyPreparedStatement.java:44)
11. SELECT aa.* FROM (
			SELECT
				a.ifcdSeq,
			    a.ifcdName,
			    a.ifcdDelNy,
			    a.ifcdUseNy,
			    b.ifcgSeq,
			    b.ifcgName

		FROM code as a
		LEFT JOIN
			codeGroup b
		ON
			a.ifcgSeq = b.ifcgSeq
		WHERE 1=1
		 AND a.ifcdUseNy = 1 
         AND a.ifcdDelNy = 0 

		ORDER BY a.ifcdSeq DESC

		) aa
		limit 5 offset 0
 {executed in 1 msec} 
2025-03-31T11:35:24.647 [http-nio-8080-exec-3] DEBUG j.sqltiming -  com.zaxxer.hikari.pool.ProxyPreparedStatement.execute(ProxyPreparedStatement.java:44)
11. SELECT COUNT(*)

		FROM code as a
		LEFT JOIN
			codeGroup b
		ON
			a.ifcgSeq = b.ifcgSeq
		WHERE 1=1
		 AND a.ifcdUseNy = 1 
         AND a.ifcdDelNy = 0 

		ORDER BY a.ifcdSeq DESC
 {executed in 0 msec} 
2025-03-31T11:35:24.648 [http-nio-8080-exec-3] DEBUG j.sqltiming -  com.zaxxer.hikari.pool.ProxyPreparedStatement.execute(ProxyPreparedStatement.java:44)
11. SELECT aa.* FROM (
			SELECT
				a.ifcdSeq,
			    a.ifcdName,
			    a.ifcdDelNy,
			    a.ifcdUseNy,
			    b.ifcgSeq,
			    b.ifcgName

		FROM code as a
		LEFT JOIN
			codeGroup b
		ON
			a.ifcgSeq = b.ifcgSeq
		WHERE 1=1
		 AND a.ifcdUseNy = 1 
         AND a.ifcdDelNy = 0 

		ORDER BY a.ifcdSeq DESC

		) aa
		limit 5 offset 0
 {executed in 1 msec} 
2025-03-31T11:35:32.511 [http-nio-8080-exec-4] DEBUG j.sqltiming -  com.zaxxer.hikari.pool.ProxyPreparedStatement.execute(ProxyPreparedStatement.java:44)
11. SELECT
			a.seq,
			a.email,
			a.passWord,
			a.name
		FROM
			userUi a
		WHERE 1=1
			AND a.email = 'qwer@naver.com'
			 AND a.passWord = '1'
 {executed in 1 msec} 
2025-03-31T11:35:32.530 [http-nio-8080-exec-3] DEBUG j.sqltiming -  com.zaxxer.hikari.pool.ProxyPreparedStatement.execute(ProxyPreparedStatement.java:44)
11. SELECT COUNT(*)

		FROM userUi as a
		WHERE 1=1

		ORDER BY a.seq DESC
 {executed in 1 msec} 
2025-03-31T11:35:32.531 [http-nio-8080-exec-3] DEBUG j.sqltiming -  com.zaxxer.hikari.pool.ProxyPreparedStatement.execute(ProxyPreparedStatement.java:44)
11. SELECT aa.* FROM (
			SELECT
				a.seq,

			    a.name,
			    a.gender,
			    a.btd,
			    a.email,
			    a.passWord,
			    a.price,
			    a.score,
			    a.delNy,
			    a.admSignin,
			    a.mobileCarrier

		FROM userUi as a
		WHERE 1=1

		ORDER BY a.seq DESC

		) aa
		limit 5 offset 0
 {executed in 1 msec} 
2025-03-31T11:35:35.187 [http-nio-8080-exec-3] DEBUG j.sqltiming -  com.zaxxer.hikari.pool.ProxyPreparedStatement.execute(ProxyPreparedStatement.java:44)
11. SELECT COUNT(*)

		FROM code as a
		LEFT JOIN
			codeGroup b
		ON
			a.ifcgSeq = b.ifcgSeq
		WHERE 1=1
		 AND a.ifcdUseNy = 1 
         AND a.ifcdDelNy = 0 

		ORDER BY a.ifcdSeq DESC
 {executed in 1 msec} 
2025-03-31T11:35:35.188 [http-nio-8080-exec-3] DEBUG j.sqltiming -  com.zaxxer.hikari.pool.ProxyPreparedStatement.execute(ProxyPreparedStatement.java:44)
11. SELECT aa.* FROM (
			SELECT
				a.ifcdSeq,
			    a.ifcdName,
			    a.ifcdDelNy,
			    a.ifcdUseNy,
			    b.ifcgSeq,
			    b.ifcgName

		FROM code as a
		LEFT JOIN
			codeGroup b
		ON
			a.ifcgSeq = b.ifcgSeq
		WHERE 1=1
		 AND a.ifcdUseNy = 1 
         AND a.ifcdDelNy = 0 

		ORDER BY a.ifcdSeq DESC

		) aa
		limit 5 offset 0
 {executed in 1 msec} 
2025-03-31T11:48:16.714 [http-nio-8080-exec-10] INFO o.a.c.h.Http11Processor - Error parsing HTTP request header
 Note: further occurrences of HTTP request parsing errors will be logged at DEBUG level. 
java.lang.IllegalArgumentException: Invalid character found in method name [0x050x010x00...]. HTTP method names must be tokens
	at org.apache.coyote.http11.Http11InputBuffer.parseRequestLine(Http11InputBuffer.java:409)
	at org.apache.coyote.http11.Http11Processor.service(Http11Processor.java:270)
	at org.apache.coyote.AbstractProcessorLight.process(AbstractProcessorLight.java:63)
	at org.apache.coyote.AbstractProtocol$ConnectionHandler.process(AbstractProtocol.java:905)
	at org.apache.tomcat.util.net.NioEndpoint$SocketProcessor.doRun(NioEndpoint.java:1743)
	at org.apache.tomcat.util.net.SocketProcessorBase.run(SocketProcessorBase.java:52)
	at org.apache.tomcat.util.threads.ThreadPoolExecutor.runWorker(ThreadPoolExecutor.java:1190)
	at org.apache.tomcat.util.threads.ThreadPoolExecutor$Worker.run(ThreadPoolExecutor.java:659)
	at org.apache.tomcat.util.threads.TaskThread$WrappingRunnable.run(TaskThread.java:63)
	at java.base/java.lang.Thread.run(Thread.java:1583)
2025-03-31T11:48:16.719 [http-nio-8080-exec-2] INFO o.a.c.h.Http11Processor - Error parsing HTTP request header
 Note: further occurrences of HTTP request parsing errors will be logged at DEBUG level. 
java.lang.IllegalArgumentException: Invalid character found in method name [0x040x010x00P0x000x000x000x010x00example.com0x00...]. HTTP method names must be tokens
	at org.apache.coyote.http11.Http11InputBuffer.parseRequestLine(Http11InputBuffer.java:409)
	at org.apache.coyote.http11.Http11Processor.service(Http11Processor.java:270)
	at org.apache.coyote.AbstractProcessorLight.process(AbstractProcessorLight.java:63)
	at org.apache.coyote.AbstractProtocol$ConnectionHandler.process(AbstractProtocol.java:905)
	at org.apache.tomcat.util.net.NioEndpoint$SocketProcessor.doRun(NioEndpoint.java:1743)
	at org.apache.tomcat.util.net.SocketProcessorBase.run(SocketProcessorBase.java:52)
	at org.apache.tomcat.util.threads.ThreadPoolExecutor.runWorker(ThreadPoolExecutor.java:1190)
	at org.apache.tomcat.util.threads.ThreadPoolExecutor$Worker.run(ThreadPoolExecutor.java:659)
	at org.apache.tomcat.util.threads.TaskThread$WrappingRunnable.run(TaskThread.java:63)
	at java.base/java.lang.Thread.run(Thread.java:1583)
2025-03-31T11:58:49.849 [http-nio-8080-exec-9] DEBUG j.sqltiming -  com.zaxxer.hikari.pool.ProxyPreparedStatement.execute(ProxyPreparedStatement.java:44)
21. SELECT COUNT(*)

		FROM code as a
		LEFT JOIN
			codeGroup b
		ON
			a.ifcgSeq = b.ifcgSeq
		WHERE 1=1
		 AND a.ifcdUseNy = 1 
         AND a.ifcdDelNy = 0 

		ORDER BY a.ifcdSeq DESC
 {executed in 1 msec} 
2025-03-31T11:58:49.850 [http-nio-8080-exec-9] DEBUG j.sqltiming -  com.zaxxer.hikari.pool.ProxyPreparedStatement.execute(ProxyPreparedStatement.java:44)
21. SELECT aa.* FROM (
			SELECT
				a.ifcdSeq,
			    a.ifcdName,
			    a.ifcdDelNy,
			    a.ifcdUseNy,
			    b.ifcgSeq,
			    b.ifcgName

		FROM code as a
		LEFT JOIN
			codeGroup b
		ON
			a.ifcgSeq = b.ifcgSeq
		WHERE 1=1
		 AND a.ifcdUseNy = 1 
         AND a.ifcdDelNy = 0 

		ORDER BY a.ifcdSeq DESC

		) aa
		limit 5 offset 0
 {executed in 0 msec} 
2025-03-31T11:58:53.380 [http-nio-8080-exec-2] DEBUG j.sqltiming -  com.zaxxer.hikari.pool.ProxyPreparedStatement.execute(ProxyPreparedStatement.java:44)
21. SELECT COUNT(*)

		FROM codeGroup as a
		WHERE 1=1
		 AND a.ifcgUseNy = 1 
         AND a.ifcgDelNy = 0 

		ORDER BY a.ifcgSeq DESC
 {executed in 1 msec} 
2025-03-31T11:58:53.382 [http-nio-8080-exec-2] DEBUG j.sqltiming -  com.zaxxer.hikari.pool.ProxyPreparedStatement.execute(ProxyPreparedStatement.java:44)
21. SELECT aa.* FROM (
			SELECT
				a.ifcgSeq,
			    a.ifcgName,
			    (select count(aa.ifcdSeq) from code aa 
			    	where 1=1 
			    		and aa.ifcdDelNy = 0
			    		and aa.ifcgSeq = a.ifcgSeq
			    ) as xifcdSeqCount,
			    a.ifcgDelNy,
			    a.ifcgUseNy

		FROM codeGroup as a
		WHERE 1=1
		 AND a.ifcgUseNy = 1 
         AND a.ifcgDelNy = 0 

		ORDER BY a.ifcgSeq DESC

		) aa
		limit 5 offset 0
 {executed in 0 msec} 
