2025-03-28T14:00:03.019 [http-nio-8080-exec-5] INFO o.a.c.h.Http11Processor - Error parsing HTTP request header
 Note: further occurrences of HTTP request parsing errors will be logged at DEBUG level. 
java.lang.IllegalArgumentException: Invalid character found in method name [0x050x020x000x01...]. HTTP method names must be tokens
	at org.apache.coyote.http11.Http11InputBuffer.parseRequestLine(Http11InputBuffer.java:409)
	at org.apache.coyote.http11.Http11Processor.service(Http11Processor.java:270)
	at org.apache.coyote.AbstractProcessorLight.process(AbstractProcessorLight.java:63)
	at org.apache.coyote.AbstractProtocol$ConnectionHandler.process(AbstractProtocol.java:905)
	at org.apache.tomcat.util.net.NioEndpoint$SocketProcessor.doRun(NioEndpoint.java:1743)
	at org.apache.tomcat.util.net.SocketProcessorBase.run(SocketProcessorBase.java:52)
	at org.apache.tomcat.util.threads.ThreadPoolExecutor.runWorker(ThreadPoolExecutor.java:1190)
	at org.apache.tomcat.util.threads.ThreadPoolExecutor$Worker.run(ThreadPoolExecutor.java:659)
	at org.apache.tomcat.util.threads.TaskThread$WrappingRunnable.run(TaskThread.java:63)
	at java.base/java.lang.Thread.run(Thread.java:1583)
2025-03-28T14:00:25.436 [HikariPool-8 housekeeper] WARN c.z.h.p.HikariPool - HikariPool-8 - Thread starvation or clock leap detected (housekeeper delta=37m57s299ms757µs800ns). 
2025-03-28T14:04:06.077 [File Watcher] INFO o.s.b.d.a.LocalDevToolsAutoConfiguration$RestartingClassPathChangeChangedEventListener - Restarting due to 1 class path change (0 additions, 0 deletions, 1 modification) 
2025-03-28T14:04:06.078 [Thread-31] INFO o.s.b.w.e.t.GracefulShutdown - Commencing graceful shutdown. Waiting for active requests to complete 
2025-03-28T14:04:06.079 [tomcat-shutdown] INFO o.a.c.h.Http11NioProtocol - Pausing ProtocolHandler ["http-nio-8080"] 
2025-03-28T14:04:06.080 [tomcat-shutdown] INFO o.s.b.w.e.t.GracefulShutdown - Graceful shutdown complete 
2025-03-28T14:04:06.080 [Thread-31] INFO o.a.c.h.Http11NioProtocol - Stopping ProtocolHandler ["http-nio-8080"] 
2025-03-28T14:04:06.082 [Thread-31] INFO c.z.h.HikariDataSource - HikariPool-8 - Shutdown initiated... 
2025-03-28T14:04:06.084 [Thread-31] INFO c.z.h.HikariDataSource - HikariPool-8 - Shutdown completed. 
2025-03-28T14:04:06.129 [restartedMain] INFO c.a.ZipApplication - Starting ZipApplication using Java 21.0.5 with PID 12212 (C:\factory\ws_sts4_4270\repo_zip\zip\bin\main started by user in C:\factory\ws_sts4_4270\repo_zip\zip) 
2025-03-28T14:04:06.129 [restartedMain] INFO c.a.ZipApplication - No active profile set, falling back to 1 default profile: "default" 
2025-03-28T14:04:06.258 [restartedMain] INFO o.s.b.w.e.t.TomcatWebServer - Tomcat initialized with port 8080 (http) 
2025-03-28T14:04:06.259 [restartedMain] INFO o.a.c.h.Http11NioProtocol - Initializing ProtocolHandler ["http-nio-8080"] 
2025-03-28T14:04:06.259 [restartedMain] INFO o.a.c.c.StandardService - Starting service [Tomcat] 
2025-03-28T14:04:06.259 [restartedMain] INFO o.a.c.c.StandardEngine - Starting Servlet engine: [Apache Tomcat/10.1.36] 
2025-03-28T14:04:06.265 [restartedMain] INFO o.a.c.c.C.[.[.[/] - Initializing Spring embedded WebApplicationContext 
2025-03-28T14:04:06.266 [restartedMain] INFO o.s.b.w.s.c.ServletWebServerApplicationContext - Root WebApplicationContext: initialization completed in 136 ms 
2025-03-28T14:04:06.290 [restartedMain] INFO c.z.h.HikariDataSource - HikariPool-9 - Starting... 
2025-03-28T14:04:06.296 [restartedMain] INFO c.z.h.p.HikariPool - HikariPool-9 - Added connection net.sf.log4jdbc.sql.jdbcapi.ConnectionSpy@5fafeaa2 
2025-03-28T14:04:06.297 [restartedMain] INFO c.z.h.HikariDataSource - HikariPool-9 - Start completed. 
2025-03-28T14:04:06.297 [restartedMain] DEBUG j.sqltiming -  com.zaxxer.hikari.pool.ProxyPreparedStatement.execute(ProxyPreparedStatement.java:44)
91. SELECT 
			ifcdSeq
			, ifcdName
			, ifcgSeq
		FROM
			code
		WHERE 1=1
			AND ifcdDelNy = 0
		    AND ifcdUseNy = 1
 {executed in 0 msec} 
2025-03-28T14:04:06.357 [restartedMain] INFO o.s.b.d.a.OptionalLiveReloadServer - LiveReload server is running on port 35729 
2025-03-28T14:04:06.360 [restartedMain] INFO o.a.c.h.Http11NioProtocol - Starting ProtocolHandler ["http-nio-8080"] 
2025-03-28T14:04:06.362 [restartedMain] INFO o.s.b.w.e.t.TomcatWebServer - Tomcat started on port 8080 (http) with context path '/' 
2025-03-28T14:04:06.363 [restartedMain] INFO c.a.ZipApplication - Started ZipApplication in 0.252 seconds (process running for 4371.702) 
2025-03-28T14:04:06.364 [restartedMain] INFO o.s.b.d.a.ConditionEvaluationDeltaLoggingListener - Condition evaluation unchanged 
2025-03-28T14:11:05.015 [http-nio-8080-exec-1] INFO o.a.c.c.C.[.[.[/] - Initializing Spring DispatcherServlet 'dispatcherServlet' 
2025-03-28T14:11:05.016 [http-nio-8080-exec-1] INFO o.s.w.s.DispatcherServlet - Initializing Servlet 'dispatcherServlet' 
2025-03-28T14:11:05.016 [http-nio-8080-exec-1] INFO o.s.w.s.DispatcherServlet - Completed initialization in 0 ms 
2025-03-28T14:11:06.085 [http-nio-8080-exec-3] DEBUG j.sqltiming -  com.zaxxer.hikari.pool.ProxyPreparedStatement.execute(ProxyPreparedStatement.java:44)
91. SELECT
			a.seq,
			a.email,
			a.passWord
		FROM
			userUi a
		WHERE 1=1
			AND a.email = 'hello@example.com'
			 AND a.passWord = 'Password'
 {executed in 1 msec} 
2025-03-28T14:11:06.100 [http-nio-8080-exec-10] DEBUG j.sqltiming -  com.zaxxer.hikari.pool.ProxyPreparedStatement.execute(ProxyPreparedStatement.java:44)
91. SELECT COUNT(*)

		FROM userUi as a
		WHERE 1=1

		ORDER BY a.seq DESC
 {executed in 2 msec} 
2025-03-28T14:11:06.101 [http-nio-8080-exec-10] DEBUG j.sqltiming -  com.zaxxer.hikari.pool.ProxyPreparedStatement.execute(ProxyPreparedStatement.java:44)
91. SELECT aa.* FROM (
			SELECT
				a.seq,

			    a.name,
			    a.gender,
			    a.btd,
			    a.email,
			    a.passWord,
			    a.price,
			    a.score,
			    a.delNy,
			    a.admSignin,
			    a.mobileCarrier

		FROM userUi as a
		WHERE 1=1

		ORDER BY a.seq DESC

		) aa
		limit 5 offset 0
 {executed in 0 msec} 
2025-03-28T14:11:10.244 [http-nio-8080-exec-3] DEBUG j.sqltiming -  com.zaxxer.hikari.pool.ProxyPreparedStatement.execute(ProxyPreparedStatement.java:44)
91. SELECT COUNT(*)

		FROM code as a
		LEFT JOIN
			codeGroup b
		ON
			a.ifcgSeq = b.ifcgSeq
		WHERE 1=1
		 AND a.ifcdUseNy = 1 
         AND a.ifcdDelNy = 0 

		ORDER BY a.ifcdSeq DESC
 {executed in 1 msec} 
2025-03-28T14:11:10.245 [http-nio-8080-exec-3] DEBUG j.sqltiming -  com.zaxxer.hikari.pool.ProxyPreparedStatement.execute(ProxyPreparedStatement.java:44)
91. SELECT aa.* FROM (
			SELECT
				a.ifcdSeq,
			    a.ifcdName,
			    a.ifcdDelNy,
			    a.ifcdUseNy,
			    b.ifcgSeq,
			    b.ifcgName

		FROM code as a
		LEFT JOIN
			codeGroup b
		ON
			a.ifcgSeq = b.ifcgSeq
		WHERE 1=1
		 AND a.ifcdUseNy = 1 
         AND a.ifcdDelNy = 0 

		ORDER BY a.ifcdSeq DESC

		) aa
		limit 5 offset 0
 {executed in 0 msec} 
2025-03-28T14:11:11.498 [http-nio-8080-exec-4] DEBUG j.sqltiming -  com.zaxxer.hikari.pool.ProxyPreparedStatement.execute(ProxyPreparedStatement.java:44)
91. SELECT COUNT(*)

		FROM codeGroup as a
		WHERE 1=1
		 AND a.ifcgUseNy = 1 
         AND a.ifcgDelNy = 0 

		ORDER BY a.ifcgSeq DESC
 {executed in 0 msec} 
2025-03-28T14:11:11.500 [http-nio-8080-exec-4] DEBUG j.sqltiming -  com.zaxxer.hikari.pool.ProxyPreparedStatement.execute(ProxyPreparedStatement.java:44)
91. SELECT aa.* FROM (
			SELECT
				a.ifcgSeq,
			    a.ifcgName,
			    (select count(aa.ifcdSeq) from code aa 
			    	where 1=1 
			    		and aa.ifcdDelNy = 0
			    		and aa.ifcgSeq = a.ifcgSeq
			    ) as xifcdSeqCount,
			    a.ifcgDelNy,
			    a.ifcgUseNy

		FROM codeGroup as a
		WHERE 1=1
		 AND a.ifcgUseNy = 1 
         AND a.ifcgDelNy = 0 

		ORDER BY a.ifcgSeq DESC

		) aa
		limit 5 offset 0
 {executed in 1 msec} 
2025-03-28T14:11:12.591 [http-nio-8080-exec-4] DEBUG j.sqltiming -  com.zaxxer.hikari.pool.ProxyPreparedStatement.execute(ProxyPreparedStatement.java:44)
91. SELECT COUNT(*)

		FROM codeGroup as a
		WHERE 1=1
		 AND a.ifcgUseNy = 1 
         AND a.ifcgDelNy = 0 

		ORDER BY a.ifcgSeq DESC
 {executed in 0 msec} 
2025-03-28T14:11:12.592 [http-nio-8080-exec-4] DEBUG j.sqltiming -  com.zaxxer.hikari.pool.ProxyPreparedStatement.execute(ProxyPreparedStatement.java:44)
91. SELECT aa.* FROM (
			SELECT
				a.ifcgSeq,
			    a.ifcgName,
			    (select count(aa.ifcdSeq) from code aa 
			    	where 1=1 
			    		and aa.ifcdDelNy = 0
			    		and aa.ifcgSeq = a.ifcgSeq
			    ) as xifcdSeqCount,
			    a.ifcgDelNy,
			    a.ifcgUseNy

		FROM codeGroup as a
		WHERE 1=1
		 AND a.ifcgUseNy = 1 
         AND a.ifcgDelNy = 0 

		ORDER BY a.ifcgSeq DESC

		) aa
		limit 5 offset 0
 {executed in 1 msec} 
2025-03-28T14:11:13.562 [http-nio-8080-exec-7] DEBUG j.sqltiming -  com.zaxxer.hikari.pool.ProxyPreparedStatement.execute(ProxyPreparedStatement.java:44)
91. SELECT COUNT(*)

		FROM codeGroup as a
		WHERE 1=1
		 AND a.ifcgUseNy = 1 
         AND a.ifcgDelNy = 0 

		ORDER BY a.ifcgSeq DESC
 {executed in 1 msec} 
2025-03-28T14:11:13.563 [http-nio-8080-exec-7] DEBUG j.sqltiming -  com.zaxxer.hikari.pool.ProxyPreparedStatement.execute(ProxyPreparedStatement.java:44)
91. SELECT aa.* FROM (
			SELECT
				a.ifcgSeq,
			    a.ifcgName,
			    (select count(aa.ifcdSeq) from code aa 
			    	where 1=1 
			    		and aa.ifcdDelNy = 0
			    		and aa.ifcgSeq = a.ifcgSeq
			    ) as xifcdSeqCount,
			    a.ifcgDelNy,
			    a.ifcgUseNy

		FROM codeGroup as a
		WHERE 1=1
		 AND a.ifcgUseNy = 1 
         AND a.ifcgDelNy = 0 

		ORDER BY a.ifcgSeq DESC

		) aa
		limit 5 offset 0
 {executed in 0 msec} 
2025-03-28T14:11:18.856 [http-nio-8080-exec-9] DEBUG j.sqltiming -  com.zaxxer.hikari.pool.ProxyPreparedStatement.execute(ProxyPreparedStatement.java:44)
91. SELECT COUNT(*)

		FROM code as a
		LEFT JOIN
			codeGroup b
		ON
			a.ifcgSeq = b.ifcgSeq
		WHERE 1=1
		 AND a.ifcdUseNy = 1 
         AND a.ifcdDelNy = 0 

		ORDER BY a.ifcdSeq DESC
 {executed in 0 msec} 
2025-03-28T14:11:18.858 [http-nio-8080-exec-9] DEBUG j.sqltiming -  com.zaxxer.hikari.pool.ProxyPreparedStatement.execute(ProxyPreparedStatement.java:44)
91. SELECT aa.* FROM (
			SELECT
				a.ifcdSeq,
			    a.ifcdName,
			    a.ifcdDelNy,
			    a.ifcdUseNy,
			    b.ifcgSeq,
			    b.ifcgName

		FROM code as a
		LEFT JOIN
			codeGroup b
		ON
			a.ifcgSeq = b.ifcgSeq
		WHERE 1=1
		 AND a.ifcdUseNy = 1 
         AND a.ifcdDelNy = 0 

		ORDER BY a.ifcdSeq DESC

		) aa
		limit 5 offset 0
 {executed in 1 msec} 
2025-03-28T14:11:20.026 [http-nio-8080-exec-7] DEBUG j.sqltiming -  com.zaxxer.hikari.pool.ProxyPreparedStatement.execute(ProxyPreparedStatement.java:44)
91. SELECT
			ifcdSeq,
			ifcdName,
			ifcdDelNy,
			ifcdUseNy,
			ifcgSeq
		FROM
			code
		WHERE 1=1
			AND ifcdSeq = '0'
		ORDER BY ifcdSeq DESC
 {executed in 0 msec} 
2025-03-28T14:11:20.028 [http-nio-8080-exec-7] DEBUG j.sqltiming -  com.zaxxer.hikari.pool.ProxyPreparedStatement.execute(ProxyPreparedStatement.java:44)
91. SELECT aa.* FROM (
			SELECT
				a.ifcgSeq,
			    a.ifcgName,
			    (select count(aa.ifcdSeq) from code aa 
			    	where 1=1 
			    		and aa.ifcdDelNy = 0
			    		and aa.ifcgSeq = a.ifcgSeq
			    ) as xifcdSeqCount,
			    a.ifcgDelNy,
			    a.ifcgUseNy
			FROM codeGroup as a
			WHERE 1=1
            AND ifcgDelNy = 0
			AND ifcgUseNy = 1
		) aa
 {executed in 0 msec} 
2025-03-28T14:11:22.769 [http-nio-8080-exec-1] DEBUG j.sqltiming -  com.zaxxer.hikari.pool.ProxyPreparedStatement.execute(ProxyPreparedStatement.java:44)
91. SELECT COUNT(*)

		FROM userUi as a
		WHERE 1=1

		ORDER BY a.seq DESC
 {executed in 2 msec} 
2025-03-28T14:11:22.770 [http-nio-8080-exec-1] DEBUG j.sqltiming -  com.zaxxer.hikari.pool.ProxyPreparedStatement.execute(ProxyPreparedStatement.java:44)
91. SELECT aa.* FROM (
			SELECT
				a.seq,

			    a.name,
			    a.gender,
			    a.btd,
			    a.email,
			    a.passWord,
			    a.price,
			    a.score,
			    a.delNy,
			    a.admSignin,
			    a.mobileCarrier

		FROM userUi as a
		WHERE 1=1

		ORDER BY a.seq DESC

		) aa
		limit 5 offset 0
 {executed in 0 msec} 
2025-03-28T14:11:23.908 [http-nio-8080-exec-3] DEBUG j.sqltiming -  com.zaxxer.hikari.pool.ProxyPreparedStatement.execute(ProxyPreparedStatement.java:44)
91. SELECT
			seq,
			name,
			gender,
			btd,
			email,
			passWord,
			price,
			score,
			delNy,
			admSignin,
			mobileCarrier
		FROM
			userUi
		WHERE 1=1
			AND seq = '0'
		ORDER BY seq DESC
 {executed in 0 msec} 
2025-03-28T14:11:44.394 [http-nio-8080-exec-9] DEBUG j.sqltiming -  com.zaxxer.hikari.pool.ProxyPreparedStatement.execute(ProxyPreparedStatement.java:44)
91. SELECT
			seq,
			name,
			gender,
			btd,
			email,
			passWord,
			price,
			score,
			delNy,
			admSignin,
			mobileCarrier
		FROM
			userUi
		WHERE 1=1
			AND seq = '0'
		ORDER BY seq DESC
 {executed in 0 msec} 
2025-03-28T14:12:21.967 [http-nio-8080-exec-4] DEBUG j.sqltiming -  com.zaxxer.hikari.pool.ProxyPreparedStatement.execute(ProxyPreparedStatement.java:44)
91. SELECT COUNT(*)

		FROM userUi as a
		WHERE 1=1

		ORDER BY a.seq DESC
 {executed in 1 msec} 
2025-03-28T14:12:21.968 [http-nio-8080-exec-4] DEBUG j.sqltiming -  com.zaxxer.hikari.pool.ProxyPreparedStatement.execute(ProxyPreparedStatement.java:44)
91. SELECT aa.* FROM (
			SELECT
				a.seq,

			    a.name,
			    a.gender,
			    a.btd,
			    a.email,
			    a.passWord,
			    a.price,
			    a.score,
			    a.delNy,
			    a.admSignin,
			    a.mobileCarrier

		FROM userUi as a
		WHERE 1=1

		ORDER BY a.seq DESC

		) aa
		limit 5 offset 0
 {executed in 1 msec} 
2025-03-28T14:12:30.709 [http-nio-8080-exec-10] DEBUG j.sqltiming -  com.zaxxer.hikari.pool.ProxyPreparedStatement.execute(ProxyPreparedStatement.java:44)
91. SELECT
			a.seq,
			a.email,
			a.passWord
		FROM
			userUi a
		WHERE 1=1
			AND a.email = 'hello@example.com'
			 AND a.passWord = 'Password'
 {executed in 0 msec} 
2025-03-28T14:12:30.721 [http-nio-8080-exec-5] DEBUG j.sqltiming -  com.zaxxer.hikari.pool.ProxyPreparedStatement.execute(ProxyPreparedStatement.java:44)
91. SELECT COUNT(*)

		FROM userUi as a
		WHERE 1=1

		ORDER BY a.seq DESC
 {executed in 1 msec} 
2025-03-28T14:12:30.722 [http-nio-8080-exec-5] DEBUG j.sqltiming -  com.zaxxer.hikari.pool.ProxyPreparedStatement.execute(ProxyPreparedStatement.java:44)
91. SELECT aa.* FROM (
			SELECT
				a.seq,

			    a.name,
			    a.gender,
			    a.btd,
			    a.email,
			    a.passWord,
			    a.price,
			    a.score,
			    a.delNy,
			    a.admSignin,
			    a.mobileCarrier

		FROM userUi as a
		WHERE 1=1

		ORDER BY a.seq DESC

		) aa
		limit 5 offset 0
 {executed in 1 msec} 
2025-03-28T14:12:51.211 [http-nio-8080-exec-6] DEBUG j.sqltiming -  com.zaxxer.hikari.pool.ProxyPreparedStatement.execute(ProxyPreparedStatement.java:44)
91. SELECT
			seq,
			name,
			gender,
			btd,
			email,
			passWord,
			price,
			score,
			delNy,
			admSignin,
			mobileCarrier
		FROM
			userUi
		WHERE 1=1
			AND seq = '0'
		ORDER BY seq DESC
 {executed in 1 msec} 
2025-03-28T14:16:37.012 [http-nio-8080-exec-3] DEBUG j.sqltiming -  com.zaxxer.hikari.pool.ProxyPreparedStatement.execute(ProxyPreparedStatement.java:44)
91. SELECT
			seq,
			name,
			gender,
			btd,
			email,
			passWord,
			price,
			score,
			delNy,
			admSignin,
			mobileCarrier
		FROM
			userUi
		WHERE 1=1
			AND seq = '0'
		ORDER BY seq DESC
 {executed in 2 msec} 
2025-03-28T14:17:52.439 [http-nio-8080-exec-4] DEBUG j.sqltiming -  com.zaxxer.hikari.pool.ProxyPreparedStatement.execute(ProxyPreparedStatement.java:44)
91. SELECT
			seq,
			name,
			gender,
			btd,
			email,
			passWord,
			price,
			score,
			delNy,
			admSignin,
			mobileCarrier
		FROM
			userUi
		WHERE 1=1
			AND seq = '0'
		ORDER BY seq DESC
 {executed in 1 msec} 
2025-03-28T14:18:57.964 [http-nio-8080-exec-6] DEBUG j.sqltiming -  com.zaxxer.hikari.pool.ProxyPreparedStatement.execute(ProxyPreparedStatement.java:44)
91. SELECT
			seq,
			name,
			gender,
			btd,
			email,
			passWord,
			price,
			score,
			delNy,
			admSignin,
			mobileCarrier
		FROM
			userUi
		WHERE 1=1
			AND seq = '0'
		ORDER BY seq DESC
 {executed in 1 msec} 
2025-03-28T14:19:26.622 [http-nio-8080-exec-6] DEBUG j.sqltiming -  com.zaxxer.hikari.pool.ProxyPreparedStatement.execute(ProxyPreparedStatement.java:44)
91. SELECT
			seq,
			name,
			gender,
			btd,
			email,
			passWord,
			price,
			score,
			delNy,
			admSignin,
			mobileCarrier
		FROM
			userUi
		WHERE 1=1
			AND seq = '0'
		ORDER BY seq DESC
 {executed in 2 msec} 
2025-03-28T14:20:15.753 [http-nio-8080-exec-2] DEBUG j.sqltiming -  com.zaxxer.hikari.pool.ProxyPreparedStatement.execute(ProxyPreparedStatement.java:44)
91. SELECT
			seq,
			name,
			gender,
			btd,
			email,
			passWord,
			price,
			score,
			delNy,
			admSignin,
			mobileCarrier
		FROM
			userUi
		WHERE 1=1
			AND seq = '0'
		ORDER BY seq DESC
 {executed in 2 msec} 
2025-03-28T14:21:26.459 [http-nio-8080-exec-3] DEBUG j.sqltiming -  com.zaxxer.hikari.pool.ProxyPreparedStatement.execute(ProxyPreparedStatement.java:44)
91. SELECT
			seq,
			name,
			gender,
			btd,
			email,
			passWord,
			price,
			score,
			delNy,
			admSignin,
			mobileCarrier
		FROM
			userUi
		WHERE 1=1
			AND seq = '0'
		ORDER BY seq DESC
 {executed in 1 msec} 
2025-03-28T14:21:31.013 [http-nio-8080-exec-4] DEBUG j.sqltiming -  com.zaxxer.hikari.pool.ProxyPreparedStatement.execute(ProxyPreparedStatement.java:44)
91. SELECT
			seq,
			name,
			gender,
			btd,
			email,
			passWord,
			price,
			score,
			delNy,
			admSignin,
			mobileCarrier
		FROM
			userUi
		WHERE 1=1
			AND seq = '0'
		ORDER BY seq DESC
 {executed in 0 msec} 
2025-03-28T14:22:21.184 [http-nio-8080-exec-5] DEBUG j.sqltiming -  com.zaxxer.hikari.pool.ProxyPreparedStatement.execute(ProxyPreparedStatement.java:44)
91. SELECT COUNT(*)

		FROM userUi as a
		WHERE 1=1

		ORDER BY a.seq DESC
 {executed in 2 msec} 
2025-03-28T14:22:21.185 [http-nio-8080-exec-5] DEBUG j.sqltiming -  com.zaxxer.hikari.pool.ProxyPreparedStatement.execute(ProxyPreparedStatement.java:44)
91. SELECT aa.* FROM (
			SELECT
				a.seq,

			    a.name,
			    a.gender,
			    a.btd,
			    a.email,
			    a.passWord,
			    a.price,
			    a.score,
			    a.delNy,
			    a.admSignin,
			    a.mobileCarrier

		FROM userUi as a
		WHERE 1=1

		ORDER BY a.seq DESC

		) aa
		limit 5 offset 0
 {executed in 0 msec} 
2025-03-28T14:22:22.651 [http-nio-8080-exec-2] DEBUG j.sqltiming -  com.zaxxer.hikari.pool.ProxyPreparedStatement.execute(ProxyPreparedStatement.java:44)
91. SELECT COUNT(*)

		FROM userUi as a
		WHERE 1=1

		ORDER BY a.seq DESC
 {executed in 2 msec} 
2025-03-28T14:22:22.652 [http-nio-8080-exec-2] DEBUG j.sqltiming -  com.zaxxer.hikari.pool.ProxyPreparedStatement.execute(ProxyPreparedStatement.java:44)
91. SELECT aa.* FROM (
			SELECT
				a.seq,

			    a.name,
			    a.gender,
			    a.btd,
			    a.email,
			    a.passWord,
			    a.price,
			    a.score,
			    a.delNy,
			    a.admSignin,
			    a.mobileCarrier

		FROM userUi as a
		WHERE 1=1

		ORDER BY a.seq DESC

		) aa
		limit 5 offset 0
 {executed in 1 msec} 
2025-03-28T14:22:40.983 [http-nio-8080-exec-1] DEBUG j.sqltiming -  com.zaxxer.hikari.pool.ProxyPreparedStatement.execute(ProxyPreparedStatement.java:44)
91. SELECT
			a.seq,
			a.email,
			a.passWord
		FROM
			userUi a
		WHERE 1=1
			AND a.email = 'hello@example.com'
			 AND a.passWord = 'Password'
 {executed in 0 msec} 
2025-03-28T14:22:40.996 [http-nio-8080-exec-10] DEBUG j.sqltiming -  com.zaxxer.hikari.pool.ProxyPreparedStatement.execute(ProxyPreparedStatement.java:44)
91. SELECT COUNT(*)

		FROM userUi as a
		WHERE 1=1

		ORDER BY a.seq DESC
 {executed in 1 msec} 
2025-03-28T14:22:40.997 [http-nio-8080-exec-10] DEBUG j.sqltiming -  com.zaxxer.hikari.pool.ProxyPreparedStatement.execute(ProxyPreparedStatement.java:44)
91. SELECT aa.* FROM (
			SELECT
				a.seq,

			    a.name,
			    a.gender,
			    a.btd,
			    a.email,
			    a.passWord,
			    a.price,
			    a.score,
			    a.delNy,
			    a.admSignin,
			    a.mobileCarrier

		FROM userUi as a
		WHERE 1=1

		ORDER BY a.seq DESC

		) aa
		limit 5 offset 0
 {executed in 0 msec} 
2025-03-28T14:22:46.627 [http-nio-8080-exec-6] DEBUG j.sqltiming -  com.zaxxer.hikari.pool.ProxyPreparedStatement.execute(ProxyPreparedStatement.java:44)
91. SELECT
			seq,
			name,
			gender,
			btd,
			email,
			passWord,
			price,
			score,
			delNy,
			admSignin,
			mobileCarrier
		FROM
			userUi
		WHERE 1=1
			AND seq = '1'
		ORDER BY seq DESC
 {executed in 1 msec} 
2025-03-28T14:22:46.628 [http-nio-8080-exec-6] DEBUG j.sqltiming -  com.zaxxer.hikari.pool.ProxyPreparedStatement.execute(ProxyPreparedStatement.java:44)
91. SELECT
			seq,
			name,
			gender,
			btd,
			email,
			passWord,
			price,
			score,
			delNy,
			admSignin,
			mobileCarrier
		FROM
			userUi
		WHERE 1=1
			AND seq = '1'
		ORDER BY seq DESC
 {executed in 0 msec} 
2025-03-28T14:23:13.652 [http-nio-8080-exec-3] DEBUG j.sqltiming -  com.zaxxer.hikari.pool.ProxyPreparedStatement.execute(ProxyPreparedStatement.java:44)
91. UPDATE userUi SET
			name = 'admin',
			gender = 1,
			btd = '1999-08-23',
			email = 'qwer@naver.com',
			passWord = '1',
			price = '11',
			score = '11',
			delNy = '0',
			mobileCarrier = 5
		WHERE seq = '1'
 {executed in 2 msec} 
2025-03-28T14:23:13.659 [http-nio-8080-exec-2] DEBUG j.sqltiming -  com.zaxxer.hikari.pool.ProxyPreparedStatement.execute(ProxyPreparedStatement.java:44)
91. SELECT COUNT(*)

		FROM userUi as a
		WHERE 1=1

		ORDER BY a.seq DESC
 {executed in 2 msec} 
2025-03-28T14:23:13.660 [http-nio-8080-exec-2] DEBUG j.sqltiming -  com.zaxxer.hikari.pool.ProxyPreparedStatement.execute(ProxyPreparedStatement.java:44)
91. SELECT aa.* FROM (
			SELECT
				a.seq,

			    a.name,
			    a.gender,
			    a.btd,
			    a.email,
			    a.passWord,
			    a.price,
			    a.score,
			    a.delNy,
			    a.admSignin,
			    a.mobileCarrier

		FROM userUi as a
		WHERE 1=1

		ORDER BY a.seq DESC

		) aa
		limit 5 offset 0
 {executed in 0 msec} 
2025-03-28T14:23:55.303 [File Watcher] INFO o.s.b.d.a.LocalDevToolsAutoConfiguration$RestartingClassPathChangeChangedEventListener - Restarting due to 1 class path change (0 additions, 0 deletions, 1 modification) 
2025-03-28T14:23:55.305 [Thread-35] INFO o.s.b.w.e.t.GracefulShutdown - Commencing graceful shutdown. Waiting for active requests to complete 
2025-03-28T14:23:55.305 [tomcat-shutdown] INFO o.a.c.h.Http11NioProtocol - Pausing ProtocolHandler ["http-nio-8080"] 
2025-03-28T14:23:55.308 [tomcat-shutdown] INFO o.s.b.w.e.t.GracefulShutdown - Graceful shutdown complete 
2025-03-28T14:23:55.309 [Thread-35] INFO o.a.c.h.Http11NioProtocol - Stopping ProtocolHandler ["http-nio-8080"] 
2025-03-28T14:23:55.311 [Thread-35] INFO c.z.h.HikariDataSource - HikariPool-9 - Shutdown initiated... 
2025-03-28T14:23:55.314 [Thread-35] INFO c.z.h.HikariDataSource - HikariPool-9 - Shutdown completed. 
2025-03-28T14:23:55.372 [restartedMain] INFO c.a.ZipApplication - Starting ZipApplication using Java 21.0.5 with PID 12212 (C:\factory\ws_sts4_4270\repo_zip\zip\bin\main started by user in C:\factory\ws_sts4_4270\repo_zip\zip) 
2025-03-28T14:23:55.372 [restartedMain] INFO c.a.ZipApplication - No active profile set, falling back to 1 default profile: "default" 
2025-03-28T14:23:55.495 [restartedMain] INFO o.s.b.w.e.t.TomcatWebServer - Tomcat initialized with port 8080 (http) 
2025-03-28T14:23:55.496 [restartedMain] INFO o.a.c.h.Http11NioProtocol - Initializing ProtocolHandler ["http-nio-8080"] 
2025-03-28T14:23:55.496 [restartedMain] INFO o.a.c.c.StandardService - Starting service [Tomcat] 
2025-03-28T14:23:55.496 [restartedMain] INFO o.a.c.c.StandardEngine - Starting Servlet engine: [Apache Tomcat/10.1.36] 
2025-03-28T14:23:55.502 [restartedMain] INFO o.a.c.c.C.[.[.[/] - Initializing Spring embedded WebApplicationContext 
2025-03-28T14:23:55.502 [restartedMain] INFO o.s.b.w.s.c.ServletWebServerApplicationContext - Root WebApplicationContext: initialization completed in 129 ms 
2025-03-28T14:23:55.535 [restartedMain] INFO c.z.h.HikariDataSource - HikariPool-10 - Starting... 
2025-03-28T14:23:55.543 [restartedMain] INFO c.z.h.p.HikariPool - HikariPool-10 - Added connection net.sf.log4jdbc.sql.jdbcapi.ConnectionSpy@46c91434 
2025-03-28T14:23:55.543 [restartedMain] INFO c.z.h.HikariDataSource - HikariPool-10 - Start completed. 
2025-03-28T14:23:55.544 [restartedMain] DEBUG j.sqltiming -  com.zaxxer.hikari.pool.ProxyPreparedStatement.execute(ProxyPreparedStatement.java:44)
101. SELECT 
			ifcdSeq
			, ifcdName
			, ifcgSeq
		FROM
			code
		WHERE 1=1
			AND ifcdDelNy = 0
		    AND ifcdUseNy = 1
 {executed in 1 msec} 
2025-03-28T14:23:55.618 [restartedMain] INFO o.s.b.d.a.OptionalLiveReloadServer - LiveReload server is running on port 35729 
2025-03-28T14:23:55.622 [restartedMain] INFO o.a.c.h.Http11NioProtocol - Starting ProtocolHandler ["http-nio-8080"] 
2025-03-28T14:23:55.623 [restartedMain] INFO o.s.b.w.e.t.TomcatWebServer - Tomcat started on port 8080 (http) with context path '/' 
2025-03-28T14:23:55.625 [restartedMain] INFO c.a.ZipApplication - Started ZipApplication in 0.27 seconds (process running for 5560.964) 
2025-03-28T14:23:55.625 [restartedMain] INFO o.s.b.d.a.ConditionEvaluationDeltaLoggingListener - Condition evaluation unchanged 
2025-03-28T14:24:00.969 [File Watcher] INFO o.s.b.d.a.LocalDevToolsAutoConfiguration$RestartingClassPathChangeChangedEventListener - Restarting due to 1 class path change (0 additions, 0 deletions, 1 modification) 
2025-03-28T14:24:00.970 [Thread-39] INFO o.s.b.w.e.t.GracefulShutdown - Commencing graceful shutdown. Waiting for active requests to complete 
2025-03-28T14:24:00.970 [tomcat-shutdown] INFO o.a.c.h.Http11NioProtocol - Pausing ProtocolHandler ["http-nio-8080"] 
2025-03-28T14:24:00.972 [tomcat-shutdown] INFO o.s.b.w.e.t.GracefulShutdown - Graceful shutdown complete 
2025-03-28T14:24:00.972 [Thread-39] INFO o.a.c.h.Http11NioProtocol - Stopping ProtocolHandler ["http-nio-8080"] 
2025-03-28T14:24:00.974 [Thread-39] INFO c.z.h.HikariDataSource - HikariPool-10 - Shutdown initiated... 
2025-03-28T14:24:00.977 [Thread-39] INFO c.z.h.HikariDataSource - HikariPool-10 - Shutdown completed. 
2025-03-28T14:24:01.029 [restartedMain] INFO c.a.ZipApplication - Starting ZipApplication using Java 21.0.5 with PID 12212 (C:\factory\ws_sts4_4270\repo_zip\zip\bin\main started by user in C:\factory\ws_sts4_4270\repo_zip\zip) 
2025-03-28T14:24:01.029 [restartedMain] INFO c.a.ZipApplication - No active profile set, falling back to 1 default profile: "default" 
2025-03-28T14:24:01.140 [restartedMain] INFO o.s.b.w.e.t.TomcatWebServer - Tomcat initialized with port 8080 (http) 
2025-03-28T14:24:01.141 [restartedMain] INFO o.a.c.h.Http11NioProtocol - Initializing ProtocolHandler ["http-nio-8080"] 
2025-03-28T14:24:01.141 [restartedMain] INFO o.a.c.c.StandardService - Starting service [Tomcat] 
2025-03-28T14:24:01.141 [restartedMain] INFO o.a.c.c.StandardEngine - Starting Servlet engine: [Apache Tomcat/10.1.36] 
2025-03-28T14:24:01.147 [restartedMain] INFO o.a.c.c.C.[.[.[/] - Initializing Spring embedded WebApplicationContext 
2025-03-28T14:24:01.147 [restartedMain] INFO o.s.b.w.s.c.ServletWebServerApplicationContext - Root WebApplicationContext: initialization completed in 117 ms 
2025-03-28T14:24:01.172 [restartedMain] INFO c.z.h.HikariDataSource - HikariPool-11 - Starting... 
2025-03-28T14:24:01.179 [restartedMain] INFO c.z.h.p.HikariPool - HikariPool-11 - Added connection net.sf.log4jdbc.sql.jdbcapi.ConnectionSpy@77afd68e 
2025-03-28T14:24:01.179 [restartedMain] INFO c.z.h.HikariDataSource - HikariPool-11 - Start completed. 
2025-03-28T14:24:01.180 [restartedMain] DEBUG j.sqltiming -  com.zaxxer.hikari.pool.ProxyPreparedStatement.execute(ProxyPreparedStatement.java:44)
111. SELECT 
			ifcdSeq
			, ifcdName
			, ifcgSeq
		FROM
			code
		WHERE 1=1
			AND ifcdDelNy = 0
		    AND ifcdUseNy = 1
 {executed in 1 msec} 
2025-03-28T14:24:01.231 [restartedMain] INFO o.s.b.d.a.OptionalLiveReloadServer - LiveReload server is running on port 35729 
2025-03-28T14:24:01.234 [restartedMain] INFO o.a.c.h.Http11NioProtocol - Starting ProtocolHandler ["http-nio-8080"] 
2025-03-28T14:24:01.236 [restartedMain] INFO o.s.b.w.e.t.TomcatWebServer - Tomcat started on port 8080 (http) with context path '/' 
2025-03-28T14:24:01.237 [restartedMain] INFO c.a.ZipApplication - Started ZipApplication in 0.223 seconds (process running for 5566.576) 
2025-03-28T14:24:01.238 [restartedMain] INFO o.s.b.d.a.ConditionEvaluationDeltaLoggingListener - Condition evaluation unchanged 
2025-03-28T14:24:36.162 [File Watcher] INFO o.s.b.d.a.LocalDevToolsAutoConfiguration$RestartingClassPathChangeChangedEventListener - Restarting due to 1 class path change (0 additions, 0 deletions, 1 modification) 
2025-03-28T14:24:36.163 [Thread-43] INFO o.s.b.w.e.t.GracefulShutdown - Commencing graceful shutdown. Waiting for active requests to complete 
2025-03-28T14:24:36.164 [tomcat-shutdown] INFO o.a.c.h.Http11NioProtocol - Pausing ProtocolHandler ["http-nio-8080"] 
2025-03-28T14:24:36.166 [tomcat-shutdown] INFO o.s.b.w.e.t.GracefulShutdown - Graceful shutdown complete 
2025-03-28T14:24:36.166 [Thread-43] INFO o.a.c.h.Http11NioProtocol - Stopping ProtocolHandler ["http-nio-8080"] 
2025-03-28T14:24:36.168 [Thread-43] INFO c.z.h.HikariDataSource - HikariPool-11 - Shutdown initiated... 
2025-03-28T14:24:36.169 [Thread-43] INFO c.z.h.HikariDataSource - HikariPool-11 - Shutdown completed. 
2025-03-28T14:24:36.213 [restartedMain] INFO c.a.ZipApplication - Starting ZipApplication using Java 21.0.5 with PID 12212 (C:\factory\ws_sts4_4270\repo_zip\zip\bin\main started by user in C:\factory\ws_sts4_4270\repo_zip\zip) 
2025-03-28T14:24:36.213 [restartedMain] INFO c.a.ZipApplication - No active profile set, falling back to 1 default profile: "default" 
2025-03-28T14:24:36.320 [restartedMain] INFO o.s.b.w.e.t.TomcatWebServer - Tomcat initialized with port 8080 (http) 
2025-03-28T14:24:36.320 [restartedMain] INFO o.a.c.h.Http11NioProtocol - Initializing ProtocolHandler ["http-nio-8080"] 
2025-03-28T14:24:36.320 [restartedMain] INFO o.a.c.c.StandardService - Starting service [Tomcat] 
2025-03-28T14:24:36.320 [restartedMain] INFO o.a.c.c.StandardEngine - Starting Servlet engine: [Apache Tomcat/10.1.36] 
2025-03-28T14:24:36.326 [restartedMain] INFO o.a.c.c.C.[.[.[/] - Initializing Spring embedded WebApplicationContext 
2025-03-28T14:24:36.326 [restartedMain] INFO o.s.b.w.s.c.ServletWebServerApplicationContext - Root WebApplicationContext: initialization completed in 112 ms 
2025-03-28T14:24:36.361 [restartedMain] INFO c.z.h.HikariDataSource - HikariPool-12 - Starting... 
2025-03-28T14:24:36.367 [restartedMain] INFO c.z.h.p.HikariPool - HikariPool-12 - Added connection net.sf.log4jdbc.sql.jdbcapi.ConnectionSpy@f2ee62f 
2025-03-28T14:24:36.367 [restartedMain] INFO c.z.h.HikariDataSource - HikariPool-12 - Start completed. 
2025-03-28T14:24:36.368 [restartedMain] DEBUG j.sqltiming -  com.zaxxer.hikari.pool.ProxyPreparedStatement.execute(ProxyPreparedStatement.java:44)
121. SELECT 
			ifcdSeq
			, ifcdName
			, ifcgSeq
		FROM
			code
		WHERE 1=1
			AND ifcdDelNy = 0
		    AND ifcdUseNy = 1
 {executed in 0 msec} 
2025-03-28T14:24:36.415 [restartedMain] INFO o.s.b.d.a.OptionalLiveReloadServer - LiveReload server is running on port 35729 
2025-03-28T14:24:36.418 [restartedMain] INFO o.a.c.h.Http11NioProtocol - Starting ProtocolHandler ["http-nio-8080"] 
2025-03-28T14:24:36.420 [restartedMain] INFO o.s.b.w.e.t.TomcatWebServer - Tomcat started on port 8080 (http) with context path '/' 
2025-03-28T14:24:36.421 [restartedMain] INFO c.a.ZipApplication - Started ZipApplication in 0.224 seconds (process running for 5601.76) 
2025-03-28T14:24:36.422 [restartedMain] INFO o.s.b.d.a.ConditionEvaluationDeltaLoggingListener - Condition evaluation unchanged 
2025-03-28T14:25:13.889 [http-nio-8080-exec-3] INFO o.a.c.c.C.[.[.[/] - Initializing Spring DispatcherServlet 'dispatcherServlet' 
2025-03-28T14:25:13.889 [http-nio-8080-exec-3] INFO o.s.w.s.DispatcherServlet - Initializing Servlet 'dispatcherServlet' 
2025-03-28T14:25:13.890 [http-nio-8080-exec-3] INFO o.s.w.s.DispatcherServlet - Completed initialization in 1 ms 
2025-03-28T14:25:13.896 [http-nio-8080-exec-3] DEBUG j.sqltiming -  com.zaxxer.hikari.pool.ProxyPreparedStatement.execute(ProxyPreparedStatement.java:44)
121. SELECT COUNT(*)

		FROM userUi as a
		WHERE 1=1

		ORDER BY a.seq DESC
 {executed in 1 msec} 
2025-03-28T14:25:13.898 [http-nio-8080-exec-3] DEBUG j.sqltiming -  com.zaxxer.hikari.pool.ProxyPreparedStatement.execute(ProxyPreparedStatement.java:44)
121. SELECT aa.* FROM (
			SELECT
				a.seq,

			    a.name,
			    a.gender,
			    a.btd,
			    a.email,
			    a.passWord,
			    a.price,
			    a.score,
			    a.delNy,
			    a.admSignin,
			    a.mobileCarrier

		FROM userUi as a
		WHERE 1=1

		ORDER BY a.seq DESC

		) aa
		limit 5 offset 0
 {executed in 1 msec} 
2025-03-28T14:26:23.086 [http-nio-8080-exec-5] DEBUG j.sqltiming -  com.zaxxer.hikari.pool.ProxyPreparedStatement.execute(ProxyPreparedStatement.java:44)
121. SELECT COUNT(*)

		FROM userUi as a
		WHERE 1=1

		ORDER BY a.seq DESC
 {executed in 1 msec} 
2025-03-28T14:26:23.087 [http-nio-8080-exec-5] DEBUG j.sqltiming -  com.zaxxer.hikari.pool.ProxyPreparedStatement.execute(ProxyPreparedStatement.java:44)
121. SELECT aa.* FROM (
			SELECT
				a.seq,

			    a.name,
			    a.gender,
			    a.btd,
			    a.email,
			    a.passWord,
			    a.price,
			    a.score,
			    a.delNy,
			    a.admSignin,
			    a.mobileCarrier

		FROM userUi as a
		WHERE 1=1

		ORDER BY a.seq DESC

		) aa
		limit 5 offset 0
 {executed in 0 msec} 
