2025-04-07T17:01:39.251 [HikariPool-7 housekeeper] WARN c.z.h.p.HikariPool - HikariPool-7 - Thread starvation or clock leap detected (housekeeper delta=1m2s448ms761µs600ns). 
2025-04-07T17:03:25.584 [http-nio-8080-exec-5] DEBUG j.sqltiming -  com.zaxxer.hikari.pool.ProxyPreparedStatement.execute(ProxyPreparedStatement.java:44)
71. SELECT COUNT(*) FROM userUi WHERE iD = 'asdf'
 {executed in 0 msec} 
2025-04-07T17:03:28.103 [http-nio-8080-exec-8] DEBUG j.sqltiming -  com.zaxxer.hikari.pool.ProxyPreparedStatement.execute(ProxyPreparedStatement.java:44)
71. SELECT COUNT(*) FROM userUi WHERE iD = 'qwer'
 {executed in 1 msec} 
2025-04-07T17:04:04.656 [http-nio-8080-exec-9] DEBUG j.sqltiming -  com.zaxxer.hikari.pool.ProxyPreparedStatement.execute(ProxyPreparedStatement.java:44)
71. SELECT COUNT(*) FROM userUi WHERE iD = 'qwer'
 {executed in 1 msec} 
2025-04-07T17:04:06.874 [http-nio-8080-exec-3] DEBUG j.sqltiming -  com.zaxxer.hikari.pool.ProxyPreparedStatement.execute(ProxyPreparedStatement.java:44)
71. SELECT COUNT(*) FROM userUi WHERE iD = 'qwer'
 {executed in 1 msec} 
2025-04-07T17:05:55.241 [http-nio-8080-exec-3] DEBUG j.sqltiming -  com.zaxxer.hikari.pool.ProxyPreparedStatement.execute(ProxyPreparedStatement.java:44)
71. SELECT COUNT(*) FROM userUi WHERE iD = 'qwer'
 {executed in 1 msec} 
2025-04-07T17:06:18.412 [http-nio-8080-exec-6] DEBUG j.sqltiming -  com.zaxxer.hikari.pool.ProxyPreparedStatement.execute(ProxyPreparedStatement.java:44)
71. SELECT COUNT(*) FROM userUi WHERE iD = 'qwer'
 {executed in 1 msec} 
2025-04-07T17:06:19.763 [http-nio-8080-exec-7] DEBUG j.sqltiming -  com.zaxxer.hikari.pool.ProxyPreparedStatement.execute(ProxyPreparedStatement.java:44)
71. SELECT COUNT(*) FROM userUi WHERE iD = 'qwer'
 {executed in 1 msec} 
2025-04-07T17:06:44.418 [http-nio-8080-exec-10] DEBUG j.sqltiming -  com.zaxxer.hikari.pool.ProxyPreparedStatement.execute(ProxyPreparedStatement.java:44)
71. SELECT COUNT(*) FROM userUi WHERE iD = 'qwer'
 {executed in 1 msec} 
2025-04-07T17:06:48.583 [http-nio-8080-exec-2] DEBUG j.sqltiming -  com.zaxxer.hikari.pool.ProxyPreparedStatement.execute(ProxyPreparedStatement.java:44)
71. SELECT COUNT(*) FROM userUi WHERE iD = 'qwer'
 {executed in 1 msec} 
2025-04-07T17:07:25.903 [http-nio-8080-exec-6] DEBUG j.sqltiming -  com.zaxxer.hikari.pool.ProxyPreparedStatement.execute(ProxyPreparedStatement.java:44)
71. SELECT COUNT(*) FROM userUi WHERE iD = 'qwer'
 {executed in 0 msec} 
2025-04-07T17:07:37.665 [http-nio-8080-exec-7] DEBUG j.sqltiming -  com.zaxxer.hikari.pool.ProxyPreparedStatement.execute(ProxyPreparedStatement.java:44)
71. SELECT COUNT(*) FROM userUi WHERE iD = 'qwer'
 {executed in 0 msec} 
2025-04-07T17:09:08.593 [http-nio-8080-exec-2] DEBUG j.sqltiming -  com.zaxxer.hikari.pool.ProxyPreparedStatement.execute(ProxyPreparedStatement.java:44)
71. SELECT COUNT(*) FROM userUi WHERE iD = 'qwer'
 {executed in 0 msec} 
2025-04-07T17:09:16.977 [http-nio-8080-exec-3] DEBUG j.sqltiming -  com.zaxxer.hikari.pool.ProxyPreparedStatement.execute(ProxyPreparedStatement.java:44)
71. SELECT COUNT(*) FROM userUi WHERE iD = 'qwer'
 {executed in 1 msec} 
2025-04-07T17:09:32.436 [http-nio-8080-exec-6] DEBUG j.sqltiming -  com.zaxxer.hikari.pool.ProxyPreparedStatement.execute(ProxyPreparedStatement.java:44)
71. SELECT COUNT(*) FROM userUi WHERE iD = 'ㅂㅈㄷㄱ'
 {executed in 5 msec} 
2025-04-07T17:09:34.935 [http-nio-8080-exec-7] DEBUG j.sqltiming -  com.zaxxer.hikari.pool.ProxyPreparedStatement.execute(ProxyPreparedStatement.java:44)
71. SELECT COUNT(*) FROM userUi WHERE iD = 'ㅂㅈㄷㄱ'
 {executed in 2 msec} 
2025-04-07T17:09:37.151 [http-nio-8080-exec-4] DEBUG j.sqltiming -  com.zaxxer.hikari.pool.ProxyPreparedStatement.execute(ProxyPreparedStatement.java:44)
71. SELECT COUNT(*) FROM userUi WHERE iD = 'qwer'
 {executed in 1 msec} 
2025-04-07T17:11:44.911 [http-nio-8080-exec-3] DEBUG j.sqltiming -  com.zaxxer.hikari.pool.ProxyPreparedStatement.execute(ProxyPreparedStatement.java:44)
81. SELECT COUNT(*) FROM userUi WHERE iD = 'qwer'
 {executed in 1 msec} 
2025-04-07T17:15:13.349 [http-nio-8080-exec-3] DEBUG j.sqltiming -  com.zaxxer.hikari.pool.ProxyPreparedStatement.execute(ProxyPreparedStatement.java:44)
81. SELECT COUNT(*) FROM userUi WHERE iD = 'qwer'
 {executed in 1 msec} 
2025-04-07T17:15:18.343 [http-nio-8080-exec-6] DEBUG j.sqltiming -  com.zaxxer.hikari.pool.ProxyPreparedStatement.execute(ProxyPreparedStatement.java:44)
81. SELECT COUNT(*) FROM userUi WHERE iD = 'qwer'
 {executed in 1 msec} 
2025-04-07T17:17:24.804 [http-nio-8080-exec-5] DEBUG j.sqltiming -  com.zaxxer.hikari.pool.ProxyPreparedStatement.execute(ProxyPreparedStatement.java:44)
81. SELECT COUNT(*) FROM userUi WHERE iD = 'qwer'
 {executed in 1 msec} 
2025-04-07T17:17:28.731 [http-nio-8080-exec-1] DEBUG j.sqltiming -  com.zaxxer.hikari.pool.ProxyPreparedStatement.execute(ProxyPreparedStatement.java:44)
81. SELECT COUNT(*) FROM userUi WHERE iD = 'qwer'
 {executed in 1 msec} 
2025-04-07T17:19:30.853 [http-nio-8080-exec-9] DEBUG j.sqltiming -  com.zaxxer.hikari.pool.ProxyPreparedStatement.execute(ProxyPreparedStatement.java:44)
81. SELECT COUNT(*) FROM userUi WHERE iD = 'qwer'
 {executed in 2 msec} 
2025-04-07T17:21:26.888 [http-nio-8080-exec-9] DEBUG j.sqltiming -  com.zaxxer.hikari.pool.ProxyPreparedStatement.execute(ProxyPreparedStatement.java:44)
81. SELECT COUNT(*) FROM userUi WHERE iD = 'qwer'
 {executed in 0 msec} 
2025-04-07T17:21:59.159 [http-nio-8080-exec-3] DEBUG j.sqltiming -  com.zaxxer.hikari.pool.ProxyPreparedStatement.execute(ProxyPreparedStatement.java:44)
81. SELECT COUNT(*) FROM userUi WHERE iD = 'qwer'
 {executed in 1 msec} 
2025-04-07T17:22:16.881 [http-nio-8080-exec-2] DEBUG j.sqltiming -  com.zaxxer.hikari.pool.ProxyPreparedStatement.execute(ProxyPreparedStatement.java:44)
81. SELECT COUNT(*) FROM userUi WHERE iD = 'qwer12'
 {executed in 1 msec} 
2025-04-07T17:23:30.907 [http-nio-8080-exec-9] DEBUG j.sqltiming -  com.zaxxer.hikari.pool.ProxyPreparedStatement.execute(ProxyPreparedStatement.java:44)
81. SELECT COUNT(*) FROM userUi WHERE iD = 'qwer'
 {executed in 1 msec} 
2025-04-07T17:23:42.968 [http-nio-8080-exec-7] DEBUG j.sqltiming -  com.zaxxer.hikari.pool.ProxyPreparedStatement.execute(ProxyPreparedStatement.java:44)
81. SELECT COUNT(*) FROM userUi WHERE iD = 'qwer'
 {executed in 2 msec} 
2025-04-07T17:23:48.340 [http-nio-8080-exec-5] DEBUG j.sqltiming -  com.zaxxer.hikari.pool.ProxyPreparedStatement.execute(ProxyPreparedStatement.java:44)
81. SELECT COUNT(*) FROM userUi WHERE iD = 'qwer1'
 {executed in 1 msec} 
2025-04-07T17:23:54.539 [http-nio-8080-exec-10] DEBUG j.sqltiming -  com.zaxxer.hikari.pool.ProxyPreparedStatement.execute(ProxyPreparedStatement.java:44)
81. SELECT COUNT(*) FROM userUi WHERE iD = 'qwer'
 {executed in 1 msec} 
2025-04-07T17:25:34.423 [http-nio-8080-exec-9] DEBUG j.sqltiming -  com.zaxxer.hikari.pool.ProxyPreparedStatement.execute(ProxyPreparedStatement.java:44)
81. SELECT COUNT(*) FROM userUi WHERE iD = 'qwer'
 {executed in 1 msec} 
2025-04-07T17:29:50.025 [http-nio-8080-exec-1] DEBUG j.sqltiming -  com.zaxxer.hikari.pool.ProxyPreparedStatement.execute(ProxyPreparedStatement.java:44)
81. SELECT COUNT(*) FROM userUi WHERE iD = 'qwer'
 {executed in 1 msec} 
2025-04-07T17:40:13.178 [http-nio-8080-exec-4] DEBUG j.sqltiming -  com.zaxxer.hikari.pool.ProxyPreparedStatement.execute(ProxyPreparedStatement.java:44)
91. SELECT COUNT(*) FROM userUi WHERE iD = 'qwer'
 {executed in 2 msec} 
2025-04-07T17:40:39.652 [http-nio-8080-exec-6] DEBUG j.sqltiming -  com.zaxxer.hikari.pool.ProxyPreparedStatement.execute(ProxyPreparedStatement.java:44)
91. SELECT COUNT(*) FROM userUi WHERE iD = 'qwer'
 {executed in 1 msec} 
2025-04-07T17:41:40.818 [http-nio-8080-exec-10] DEBUG j.sqltiming -  com.zaxxer.hikari.pool.ProxyPreparedStatement.execute(ProxyPreparedStatement.java:44)
91. SELECT COUNT(*) FROM userUi WHERE iD = 'qwer'
 {executed in 1 msec} 
2025-04-07T17:42:00.840 [http-nio-8080-exec-8] DEBUG j.sqltiming -  com.zaxxer.hikari.pool.ProxyPreparedStatement.execute(ProxyPreparedStatement.java:44)
91. SELECT COUNT(*) FROM userUi WHERE iD = 'qwer'
 {executed in 1 msec} 
2025-04-07T17:43:36.115 [http-nio-8080-exec-7] DEBUG j.sqltiming -  com.zaxxer.hikari.pool.ProxyPreparedStatement.execute(ProxyPreparedStatement.java:44)
91. SELECT COUNT(*) FROM userUi WHERE iD = 'qwer'
 {executed in 0 msec} 
2025-04-07T17:43:39.365 [http-nio-8080-exec-10] DEBUG j.sqltiming -  com.zaxxer.hikari.pool.ProxyPreparedStatement.execute(ProxyPreparedStatement.java:44)
91. SELECT COUNT(*) FROM userUi WHERE iD = 'qwer'
 {executed in 1 msec} 
2025-04-07T17:48:49.560 [RMI TCP Connection(133)-127.0.0.1] INFO o.s.b.a.SpringApplicationAdminMXBeanRegistrar$SpringApplicationAdmin - Application shutdown requested. 
2025-04-07T17:48:49.561 [RMI TCP Connection(133)-127.0.0.1] INFO o.s.b.w.e.t.GracefulShutdown - Commencing graceful shutdown. Waiting for active requests to complete 
2025-04-07T17:48:49.561 [tomcat-shutdown] INFO o.a.c.h.Http11NioProtocol - Pausing ProtocolHandler ["http-nio-8080"] 
2025-04-07T17:48:49.564 [tomcat-shutdown] INFO o.s.b.w.e.t.GracefulShutdown - Graceful shutdown complete 
2025-04-07T17:48:49.565 [RMI TCP Connection(133)-127.0.0.1] INFO o.a.c.h.Http11NioProtocol - Stopping ProtocolHandler ["http-nio-8080"] 
2025-04-07T17:48:49.566 [RMI TCP Connection(133)-127.0.0.1] INFO c.z.h.HikariDataSource - HikariPool-7 - Shutdown initiated... 
2025-04-07T17:48:49.569 [RMI TCP Connection(133)-127.0.0.1] INFO c.z.h.HikariDataSource - HikariPool-7 - Shutdown completed. 
