2025-03-26T00:26:55.004 [restartedMain] INFO c.a.ZipApplication - Starting ZipApplication using Java 21.0.5 with PID 23528 (C:\factory\ws_sts4_4270\repo_zip\zip\bin\main started by user in C:\factory\ws_sts4_4270\repo_zip\zip) 
2025-03-26T00:26:55.005 [restartedMain] INFO c.a.ZipApplication - No active profile set, falling back to 1 default profile: "default" 
2025-03-26T00:26:55.034 [restartedMain] INFO o.s.b.d.e.DevToolsPropertyDefaultsPostProcessor - Devtools property defaults active! Set 'spring.devtools.add-properties' to 'false' to disable 
2025-03-26T00:26:55.034 [restartedMain] INFO o.s.b.d.e.DevToolsPropertyDefaultsPostProcessor - For additional web related logging consider setting the 'logging.level.web' property to 'DEBUG' 
2025-03-26T00:26:55.942 [restartedMain] INFO o.s.b.w.e.t.TomcatWebServer - Tomcat initialized with port 8080 (http) 
2025-03-26T00:26:55.958 [restartedMain] INFO o.a.c.h.Http11NioProtocol - Initializing ProtocolHandler ["http-nio-8080"] 
2025-03-26T00:26:55.959 [restartedMain] INFO o.a.c.c.StandardService - Starting service [Tomcat] 
2025-03-26T00:26:55.959 [restartedMain] INFO o.a.c.c.StandardEngine - Starting Servlet engine: [Apache Tomcat/10.1.36] 
2025-03-26T00:26:55.985 [restartedMain] INFO o.a.c.c.C.[.[.[/] - Initializing Spring embedded WebApplicationContext 
2025-03-26T00:26:55.985 [restartedMain] INFO o.s.b.w.s.c.ServletWebServerApplicationContext - Root WebApplicationContext: initialization completed in 950 ms 
2025-03-26T00:26:56.308 [restartedMain] INFO c.z.h.HikariDataSource - HikariPool-1 - Starting... 
2025-03-26T00:26:56.711 [restartedMain] INFO c.z.h.p.HikariPool - HikariPool-1 - Added connection net.sf.log4jdbc.sql.jdbcapi.ConnectionSpy@4170c465 
2025-03-26T00:26:56.714 [restartedMain] INFO c.z.h.HikariDataSource - HikariPool-1 - Start completed. 
2025-03-26T00:26:56.740 [restartedMain] DEBUG j.sqltiming -  com.zaxxer.hikari.pool.ProxyPreparedStatement.execute(ProxyPreparedStatement.java:44)
1. SELECT 
			ifcdSeq,
			ifcdName,
			ifcgSeq
		FROM
			code
		WHERE 1=1
			AND ifcdDelNy = 0
		    AND ifcdUseNy = 1
 {executed in 9 msec} 
2025-03-26T00:26:58.054 [restartedMain] INFO o.s.b.d.a.OptionalLiveReloadServer - LiveReload server is running on port 35729 
2025-03-26T00:26:58.078 [restartedMain] INFO o.a.c.h.Http11NioProtocol - Starting ProtocolHandler ["http-nio-8080"] 
2025-03-26T00:26:58.093 [restartedMain] INFO o.s.b.w.e.t.TomcatWebServer - Tomcat started on port 8080 (http) with context path '/' 
2025-03-26T00:26:58.105 [restartedMain] INFO c.a.ZipApplication - Started ZipApplication in 3.375 seconds (process running for 4.118) 
2025-03-26T00:27:07.275 [http-nio-8080-exec-1] INFO o.a.c.c.C.[.[.[/] - Initializing Spring DispatcherServlet 'dispatcherServlet' 
2025-03-26T00:27:07.276 [http-nio-8080-exec-1] INFO o.s.w.s.DispatcherServlet - Initializing Servlet 'dispatcherServlet' 
2025-03-26T00:27:07.276 [http-nio-8080-exec-1] INFO o.s.w.s.DispatcherServlet - Completed initialization in 0 ms 
2025-03-26T00:27:07.334 [http-nio-8080-exec-1] DEBUG j.sqltiming -  com.zaxxer.hikari.pool.ProxyPreparedStatement.execute(ProxyPreparedStatement.java:44)
1. SELECT COUNT(*)

		FROM codeGroup as a
		WHERE 1=1
		 AND a.ifcgUseNy = 1 
         AND a.ifcgDelNy = 0 

		ORDER BY a.ifcgSeq DESC
 {executed in 1 msec} 
2025-03-26T00:27:07.337 [http-nio-8080-exec-1] DEBUG j.sqltiming -  com.zaxxer.hikari.pool.ProxyPreparedStatement.execute(ProxyPreparedStatement.java:44)
1. SELECT aa.* FROM (
			SELECT
				a.ifcgSeq,
			    a.ifcgName,
			    (select count(aa.ifcdSeq) from code aa 
			    	where 1=1 
			    		and aa.ifcdDelNy = 0
			    		and aa.ifcgSeq = a.ifcgSeq
			    ) as xifcdSeqCount,
			    a.ifcgDelNy,
			    a.ifcgUseNy

		FROM codeGroup as a
		WHERE 1=1
		 AND a.ifcgUseNy = 1 
         AND a.ifcgDelNy = 0 

		ORDER BY a.ifcgSeq DESC

		) aa
		limit 5 offset 0
 {executed in 1 msec} 
2025-03-26T00:27:11.202 [http-nio-8080-exec-6] DEBUG j.sqltiming -  com.zaxxer.hikari.pool.ProxyPreparedStatement.execute(ProxyPreparedStatement.java:44)
1. SELECT COUNT(*)

		FROM codeGroup as a
		WHERE 1=1

		ORDER BY a.ifcgSeq DESC
 {executed in 5 msec} 
2025-03-26T00:27:11.211 [http-nio-8080-exec-6] DEBUG j.sqltiming -  com.zaxxer.hikari.pool.ProxyPreparedStatement.execute(ProxyPreparedStatement.java:44)
1. SELECT aa.* FROM (
			SELECT
				a.ifcgSeq,
			    a.ifcgName,
			    (select count(aa.ifcdSeq) from code aa 
			    	where 1=1 
			    		and aa.ifcdDelNy = 0
			    		and aa.ifcgSeq = a.ifcgSeq
			    ) as xifcdSeqCount,
			    a.ifcgDelNy,
			    a.ifcgUseNy

		FROM codeGroup as a
		WHERE 1=1
		 AND a.ifcgUseNy = 1 
         AND a.ifcgDelNy = 0 

		ORDER BY a.ifcgSeq DESC

		) aa
		limit 5 offset 0
 {executed in 3 msec} 
2025-03-26T00:58:27.461 [File Watcher] INFO o.s.b.d.a.LocalDevToolsAutoConfiguration$RestartingClassPathChangeChangedEventListener - Restarting due to 1 class path change (0 additions, 0 deletions, 1 modification) 
2025-03-26T00:58:27.468 [Thread-5] INFO o.s.b.w.e.t.GracefulShutdown - Commencing graceful shutdown. Waiting for active requests to complete 
2025-03-26T00:58:27.470 [tomcat-shutdown] INFO o.a.c.h.Http11NioProtocol - Pausing ProtocolHandler ["http-nio-8080"] 
2025-03-26T00:58:27.473 [tomcat-shutdown] INFO o.s.b.w.e.t.GracefulShutdown - Graceful shutdown complete 
2025-03-26T00:58:27.474 [Thread-5] INFO o.a.c.h.Http11NioProtocol - Stopping ProtocolHandler ["http-nio-8080"] 
2025-03-26T00:58:27.481 [Thread-5] INFO c.z.h.HikariDataSource - HikariPool-1 - Shutdown initiated... 
2025-03-26T00:58:27.490 [Thread-5] INFO c.z.h.HikariDataSource - HikariPool-1 - Shutdown completed. 
2025-03-26T00:58:27.632 [restartedMain] INFO c.a.ZipApplication - Starting ZipApplication using Java 21.0.5 with PID 23528 (C:\factory\ws_sts4_4270\repo_zip\zip\bin\main started by user in C:\factory\ws_sts4_4270\repo_zip\zip) 
2025-03-26T00:58:27.633 [restartedMain] INFO c.a.ZipApplication - No active profile set, falling back to 1 default profile: "default" 
2025-03-26T00:58:27.819 [restartedMain] INFO o.s.b.w.e.t.TomcatWebServer - Tomcat initialized with port 8080 (http) 
2025-03-26T00:58:27.820 [restartedMain] INFO o.a.c.h.Http11NioProtocol - Initializing ProtocolHandler ["http-nio-8080"] 
2025-03-26T00:58:27.821 [restartedMain] INFO o.a.c.c.StandardService - Starting service [Tomcat] 
2025-03-26T00:58:27.821 [restartedMain] INFO o.a.c.c.StandardEngine - Starting Servlet engine: [Apache Tomcat/10.1.36] 
2025-03-26T00:58:27.829 [restartedMain] INFO o.a.c.c.C.[.[.[/] - Initializing Spring embedded WebApplicationContext 
2025-03-26T00:58:27.830 [restartedMain] INFO o.s.b.w.s.c.ServletWebServerApplicationContext - Root WebApplicationContext: initialization completed in 193 ms 
2025-03-26T00:58:27.907 [restartedMain] INFO c.z.h.HikariDataSource - HikariPool-2 - Starting... 
2025-03-26T00:58:27.920 [restartedMain] INFO c.z.h.p.HikariPool - HikariPool-2 - Added connection net.sf.log4jdbc.sql.jdbcapi.ConnectionSpy@2f20c057 
2025-03-26T00:58:27.920 [restartedMain] INFO c.z.h.HikariDataSource - HikariPool-2 - Start completed. 
2025-03-26T00:58:27.921 [restartedMain] DEBUG j.sqltiming -  com.zaxxer.hikari.pool.ProxyPreparedStatement.execute(ProxyPreparedStatement.java:44)
21. SELECT 
			ifcdSeq,
			ifcdName,
			ifcgSeq
		FROM
			code
		WHERE 1=1
			AND ifcdDelNy = 0
		    AND ifcdUseNy = 1
 {executed in 1 msec} 
2025-03-26T00:58:28.002 [restartedMain] INFO o.s.b.d.a.OptionalLiveReloadServer - LiveReload server is running on port 35729 
2025-03-26T00:58:28.009 [restartedMain] INFO o.a.c.h.Http11NioProtocol - Starting ProtocolHandler ["http-nio-8080"] 
2025-03-26T00:58:28.011 [restartedMain] INFO o.s.b.w.e.t.TomcatWebServer - Tomcat started on port 8080 (http) with context path '/' 
2025-03-26T00:58:28.014 [restartedMain] INFO c.a.ZipApplication - Started ZipApplication in 0.456 seconds (process running for 1894.028) 
2025-03-26T00:58:28.016 [restartedMain] INFO o.s.b.d.a.ConditionEvaluationDeltaLoggingListener - Condition evaluation unchanged 
