2025-04-02T14:00:08.075 [http-nio-8080-exec-7] DEBUG j.sqltiming -  com.zaxxer.hikari.pool.ProxyPreparedStatement.execute(ProxyPreparedStatement.java:44)
101. SELECT
			a.seq,
			a.email,
			a.passWord,
			a.name
		FROM
			userUi a
		WHERE 1=1
			AND a.email = 'qwer@naver.com'
			 AND a.passWord = '1'
 {executed in 2 msec} 
2025-04-02T14:00:08.101 [http-nio-8080-exec-1] DEBUG j.sqltiming -  com.zaxxer.hikari.pool.ProxyPreparedStatement.execute(ProxyPreparedStatement.java:44)
101. SELECT COUNT(*)

		FROM userUi as a
		WHERE 1=1

         AND a.delNy = 0 

		ORDER BY a.seq DESC
 {executed in 1 msec} 
2025-04-02T14:00:08.104 [http-nio-8080-exec-1] DEBUG j.sqltiming -  com.zaxxer.hikari.pool.ProxyPreparedStatement.execute(ProxyPreparedStatement.java:44)
101. SELECT aa.* FROM (
			SELECT
				a.seq,

			    a.name,
			    a.gender,
			    a.btd,
			    a.email,
			    a.passWord,
			    a.delNy,
			    a.admSignin,
			    a.mobileCarrier,
			    a.phoneNumber

		FROM userUi as a
		WHERE 1=1

         AND a.delNy = 0 

		ORDER BY a.seq DESC

		) aa
		limit 5 offset 0
 {executed in 1 msec} 
2025-04-02T14:02:02.598 [http-nio-8080-exec-9] DEBUG j.sqltiming -  com.zaxxer.hikari.pool.ProxyPreparedStatement.execute(ProxyPreparedStatement.java:44)
101. SELECT COUNT(*)

		FROM userUi as a
		WHERE 1=1

         AND a.delNy = 0 

		ORDER BY a.seq DESC
 {executed in 1 msec} 
2025-04-02T14:02:02.600 [http-nio-8080-exec-9] DEBUG j.sqltiming -  com.zaxxer.hikari.pool.ProxyPreparedStatement.execute(ProxyPreparedStatement.java:44)
101. SELECT aa.* FROM (
			SELECT
				a.seq,

			    a.name,
			    a.gender,
			    a.btd,
			    a.email,
			    a.passWord,
			    a.delNy,
			    a.admSignin,
			    a.mobileCarrier,
			    a.phoneNumber

		FROM userUi as a
		WHERE 1=1

         AND a.delNy = 0 

		ORDER BY a.seq DESC

		) aa
		limit 5 offset 0
 {executed in 1 msec} 
2025-04-02T14:02:04.578 [http-nio-8080-exec-3] DEBUG j.sqltiming -  com.zaxxer.hikari.pool.ProxyPreparedStatement.execute(ProxyPreparedStatement.java:44)
101. SELECT COUNT(*)

		FROM mealKit as a
		WHERE 1=1
		 AND a.mealUseNy = 1 
         AND a.mealDelNy = 0 

		ORDER BY a.seq DESC
 {executed in 1 msec} 
2025-04-02T14:02:04.580 [http-nio-8080-exec-3] DEBUG j.sqltiming -  com.zaxxer.hikari.pool.ProxyPreparedStatement.execute(ProxyPreparedStatement.java:44)
101. SELECT aa.* FROM (
			SELECT
				a.seq,
				a.brandName,
				a.mealKitName,
				a.stock,
				a.price,
				a.score,
				a.ingredient,
				a.mealDelNy,
				a.mealUseNy

		FROM mealKit as a
		WHERE 1=1
		 AND a.mealUseNy = 1 
         AND a.mealDelNy = 0 

		ORDER BY a.seq DESC

		) aa
		limit 5 offset 0
 {executed in 1 msec} 
2025-04-02T14:02:05.718 [http-nio-8080-exec-1] DEBUG j.sqltiming -  com.zaxxer.hikari.pool.ProxyPreparedStatement.execute(ProxyPreparedStatement.java:44)
101. SELECT
			seq,
			brandName,
			mealKitName,
			stock,
			price,
			score,
			ingredient,
			mealDelNy,
			mealUseNy
		FROM
			mealKit
		WHERE 1=1
			AND seq = '1'
		ORDER BY seq DESC
 {executed in 1 msec} 
2025-04-02T14:03:49.136 [http-nio-8080-exec-8] DEBUG j.sqltiming -  com.zaxxer.hikari.pool.ProxyPreparedStatement.execute(ProxyPreparedStatement.java:44)
101. SELECT COUNT(*)

		FROM mealKit as a
		WHERE 1=1
		 AND a.mealUseNy = 1 
         AND a.mealDelNy = 0 

		ORDER BY a.seq DESC
 {executed in 0 msec} 
2025-04-02T14:03:49.137 [http-nio-8080-exec-8] DEBUG j.sqltiming -  com.zaxxer.hikari.pool.ProxyPreparedStatement.execute(ProxyPreparedStatement.java:44)
101. SELECT aa.* FROM (
			SELECT
				a.seq,
				a.brandName,
				a.mealKitName,
				a.stock,
				a.price,
				a.score,
				a.ingredient,
				a.mealDelNy,
				a.mealUseNy

		FROM mealKit as a
		WHERE 1=1
		 AND a.mealUseNy = 1 
         AND a.mealDelNy = 0 

		ORDER BY a.seq DESC

		) aa
		limit 5 offset 0
 {executed in 1 msec} 
2025-04-02T14:03:50.040 [http-nio-8080-exec-9] DEBUG j.sqltiming -  com.zaxxer.hikari.pool.ProxyPreparedStatement.execute(ProxyPreparedStatement.java:44)
101. SELECT
			seq,
			brandName,
			mealKitName,
			stock,
			price,
			score,
			ingredient,
			mealDelNy,
			mealUseNy
		FROM
			mealKit
		WHERE 1=1
			AND seq = '1'
		ORDER BY seq DESC
 {executed in 0 msec} 
2025-04-02T14:04:00.384 [http-nio-8080-exec-6] DEBUG j.sqltiming -  com.zaxxer.hikari.pool.ProxyPreparedStatement.execute(ProxyPreparedStatement.java:44)
101. SELECT
			seq,
			brandName,
			mealKitName,
			stock,
			price,
			score,
			ingredient,
			mealDelNy,
			mealUseNy
		FROM
			mealKit
		WHERE 1=1
			AND seq = '1'
		ORDER BY seq DESC
 {executed in 1 msec} 
2025-04-02T14:04:56.134 [http-nio-8080-exec-1] DEBUG j.sqltiming -  com.zaxxer.hikari.pool.ProxyPreparedStatement.execute(ProxyPreparedStatement.java:44)
101. SELECT COUNT(*)

		FROM code as a
		LEFT JOIN
			codeGroup b
		ON
			a.ifcgSeq = b.ifcgSeq
		WHERE 1=1
		 AND a.ifcdUseNy = 1 
         AND a.ifcdDelNy = 0 

		ORDER BY a.ifcdSeq DESC
 {executed in 1 msec} 
2025-04-02T14:04:56.135 [http-nio-8080-exec-1] DEBUG j.sqltiming -  com.zaxxer.hikari.pool.ProxyPreparedStatement.execute(ProxyPreparedStatement.java:44)
101. SELECT aa.* FROM (
			SELECT
				a.ifcdSeq,
			    a.ifcdName,
			    a.ifcdDelNy,
			    a.ifcdUseNy,
			    a.ifcdRegDateTime,
			    a.ifcdModDateTime,
			    b.ifcgSeq,
			    b.ifcgName

		FROM code as a
		LEFT JOIN
			codeGroup b
		ON
			a.ifcgSeq = b.ifcgSeq
		WHERE 1=1
		 AND a.ifcdUseNy = 1 
         AND a.ifcdDelNy = 0 

		ORDER BY a.ifcdSeq DESC

		) aa
		limit 5 offset 0
 {executed in 1 msec} 
2025-04-02T14:04:57.804 [http-nio-8080-exec-4] DEBUG j.sqltiming -  com.zaxxer.hikari.pool.ProxyPreparedStatement.execute(ProxyPreparedStatement.java:44)
101. SELECT
			ifcdSeq,
			ifcdName,
			ifcdDelNy,
			ifcdUseNy,
			ifcgSeq
		FROM
			code
		WHERE 1=1
			AND ifcdSeq = '0'
		ORDER BY ifcdSeq DESC
 {executed in 1 msec} 
2025-04-02T14:04:57.806 [http-nio-8080-exec-4] DEBUG j.sqltiming -  com.zaxxer.hikari.pool.ProxyPreparedStatement.execute(ProxyPreparedStatement.java:44)
101. SELECT aa.* FROM (
			SELECT
				a.ifcgSeq,
			    a.ifcgName,
			    (select count(aa.ifcdSeq) from code aa 
			    	where 1=1 
			    		and aa.ifcdDelNy = 0
			    		and aa.ifcgSeq = a.ifcgSeq
			    ) as xifcdSeqCount,
			    a.ifcgDelNy,
			    a.ifcgUseNy,
			    a.ifcgRegDateTime,
			    a.ifcgModDateTime
			FROM codeGroup as a
			WHERE 1=1
            AND ifcgDelNy = 0
			AND ifcgUseNy = 1
		) aa
 {executed in 0 msec} 
2025-04-02T14:05:03.416 [http-nio-8080-exec-2] DEBUG j.sqltiming -  com.zaxxer.hikari.pool.ProxyPreparedStatement.execute(ProxyPreparedStatement.java:44)
101. SELECT COUNT(*)

		FROM userUi as a
		WHERE 1=1

         AND a.delNy = 0 

		ORDER BY a.seq DESC
 {executed in 2 msec} 
2025-04-02T14:05:03.418 [http-nio-8080-exec-2] DEBUG j.sqltiming -  com.zaxxer.hikari.pool.ProxyPreparedStatement.execute(ProxyPreparedStatement.java:44)
101. SELECT aa.* FROM (
			SELECT
				a.seq,

			    a.name,
			    a.gender,
			    a.btd,
			    a.email,
			    a.passWord,
			    a.delNy,
			    a.admSignin,
			    a.mobileCarrier,
			    a.phoneNumber

		FROM userUi as a
		WHERE 1=1

         AND a.delNy = 0 

		ORDER BY a.seq DESC

		) aa
		limit 5 offset 0
 {executed in 1 msec} 
2025-04-02T14:05:04.629 [http-nio-8080-exec-5] DEBUG j.sqltiming -  com.zaxxer.hikari.pool.ProxyPreparedStatement.execute(ProxyPreparedStatement.java:44)
101. SELECT
			seq,
			name,
			gender,
			btd,
			email,
			passWord,
			delNy,
			admSignin,
			mobileCarrier,
			phoneNumber
		FROM
			userUi
		WHERE 1=1
			AND seq = '0'
		ORDER BY seq DESC
 {executed in 1 msec} 
2025-04-02T14:06:24.215 [http-nio-8080-exec-7] DEBUG j.sqltiming -  com.zaxxer.hikari.pool.ProxyPreparedStatement.execute(ProxyPreparedStatement.java:44)
101. SELECT
			seq,
			name,
			gender,
			btd,
			email,
			passWord,
			delNy,
			admSignin,
			mobileCarrier,
			phoneNumber
		FROM
			userUi
		WHERE 1=1
			AND seq = '0'
		ORDER BY seq DESC
 {executed in 1 msec} 
2025-04-02T14:06:43.922 [http-nio-8080-exec-6] DEBUG j.sqltiming -  com.zaxxer.hikari.pool.ProxyPreparedStatement.execute(ProxyPreparedStatement.java:44)
101. SELECT
			seq,
			name,
			gender,
			btd,
			email,
			passWord,
			delNy,
			admSignin,
			mobileCarrier,
			phoneNumber
		FROM
			userUi
		WHERE 1=1
			AND seq = '0'
		ORDER BY seq DESC
 {executed in 1 msec} 
2025-04-02T14:45:31.880 [File Watcher] INFO o.s.b.d.a.LocalDevToolsAutoConfiguration$RestartingClassPathChangeChangedEventListener - Restarting due to 1 class path change (1 addition, 0 deletions, 0 modifications) 
2025-04-02T14:45:31.884 [Thread-39] INFO o.s.b.w.e.t.GracefulShutdown - Commencing graceful shutdown. Waiting for active requests to complete 
2025-04-02T14:45:31.885 [tomcat-shutdown] INFO o.a.c.h.Http11NioProtocol - Pausing ProtocolHandler ["http-nio-8080"] 
2025-04-02T14:45:31.889 [tomcat-shutdown] INFO o.s.b.w.e.t.GracefulShutdown - Graceful shutdown complete 
2025-04-02T14:45:31.890 [Thread-39] INFO o.a.c.h.Http11NioProtocol - Stopping ProtocolHandler ["http-nio-8080"] 
2025-04-02T14:45:31.892 [Thread-39] INFO c.z.h.HikariDataSource - HikariPool-10 - Shutdown initiated... 
2025-04-02T14:45:31.897 [Thread-39] INFO c.z.h.HikariDataSource - HikariPool-10 - Shutdown completed. 
2025-04-02T14:45:31.971 [restartedMain] INFO c.a.ZipApplication - Starting ZipApplication using Java 21.0.5 with PID 14872 (C:\factory\ws_sts4_4270\repo_zip\zip\bin\main started by user in C:\factory\ws_sts4_4270\repo_zip\zip) 
2025-04-02T14:45:31.972 [restartedMain] INFO c.a.ZipApplication - No active profile set, falling back to 1 default profile: "default" 
2025-04-02T14:45:32.097 [restartedMain] INFO o.s.b.w.e.t.TomcatWebServer - Tomcat initialized with port 8080 (http) 
2025-04-02T14:45:32.098 [restartedMain] INFO o.a.c.h.Http11NioProtocol - Initializing ProtocolHandler ["http-nio-8080"] 
2025-04-02T14:45:32.098 [restartedMain] INFO o.a.c.c.StandardService - Starting service [Tomcat] 
2025-04-02T14:45:32.098 [restartedMain] INFO o.a.c.c.StandardEngine - Starting Servlet engine: [Apache Tomcat/10.1.36] 
2025-04-02T14:45:32.105 [restartedMain] INFO o.a.c.c.C.[.[.[/] - Initializing Spring embedded WebApplicationContext 
2025-04-02T14:45:32.105 [restartedMain] INFO o.s.b.w.s.c.ServletWebServerApplicationContext - Root WebApplicationContext: initialization completed in 132 ms 
2025-04-02T14:45:32.140 [restartedMain] INFO c.z.h.HikariDataSource - HikariPool-11 - Starting... 
2025-04-02T14:45:32.148 [restartedMain] INFO c.z.h.p.HikariPool - HikariPool-11 - Added connection net.sf.log4jdbc.sql.jdbcapi.ConnectionSpy@5a42fcae 
2025-04-02T14:45:32.148 [restartedMain] INFO c.z.h.HikariDataSource - HikariPool-11 - Start completed. 
2025-04-02T14:45:32.149 [restartedMain] DEBUG j.sqltiming -  com.zaxxer.hikari.pool.ProxyPreparedStatement.execute(ProxyPreparedStatement.java:44)
121. SELECT 
			ifcdSeq
			, ifcdName
			, ifcgSeq
		FROM
			code
		WHERE 1=1
			AND ifcdDelNy = 0
		    AND ifcdUseNy = 1
 {executed in 0 msec} 
2025-04-02T14:45:32.234 [restartedMain] INFO o.s.b.d.a.OptionalLiveReloadServer - LiveReload server is running on port 35729 
2025-04-02T14:45:32.239 [restartedMain] INFO o.a.c.h.Http11NioProtocol - Starting ProtocolHandler ["http-nio-8080"] 
2025-04-02T14:45:32.241 [restartedMain] INFO o.s.b.w.e.t.TomcatWebServer - Tomcat started on port 8080 (http) with context path '/' 
2025-04-02T14:45:32.244 [restartedMain] INFO c.a.ZipApplication - Started ZipApplication in 0.29 seconds (process running for 7715.209) 
2025-04-02T14:45:32.244 [restartedMain] INFO o.s.b.d.a.ConditionEvaluationDeltaLoggingListener - Condition evaluation unchanged 
2025-04-02T14:46:10.601 [File Watcher] INFO o.s.b.d.a.LocalDevToolsAutoConfiguration$RestartingClassPathChangeChangedEventListener - Restarting due to 1 class path change (0 additions, 0 deletions, 1 modification) 
2025-04-02T14:46:10.603 [Thread-43] INFO o.s.b.w.e.t.GracefulShutdown - Commencing graceful shutdown. Waiting for active requests to complete 
2025-04-02T14:46:10.604 [tomcat-shutdown] INFO o.a.c.h.Http11NioProtocol - Pausing ProtocolHandler ["http-nio-8080"] 
2025-04-02T14:46:10.605 [tomcat-shutdown] INFO o.s.b.w.e.t.GracefulShutdown - Graceful shutdown complete 
2025-04-02T14:46:10.605 [Thread-43] INFO o.a.c.h.Http11NioProtocol - Stopping ProtocolHandler ["http-nio-8080"] 
2025-04-02T14:46:10.608 [Thread-43] INFO c.z.h.HikariDataSource - HikariPool-11 - Shutdown initiated... 
2025-04-02T14:46:10.610 [Thread-43] INFO c.z.h.HikariDataSource - HikariPool-11 - Shutdown completed. 
2025-04-02T14:46:10.668 [restartedMain] INFO c.a.ZipApplication - Starting ZipApplication using Java 21.0.5 with PID 14872 (C:\factory\ws_sts4_4270\repo_zip\zip\bin\main started by user in C:\factory\ws_sts4_4270\repo_zip\zip) 
2025-04-02T14:46:10.669 [restartedMain] INFO c.a.ZipApplication - No active profile set, falling back to 1 default profile: "default" 
2025-04-02T14:46:10.776 [restartedMain] INFO o.s.b.w.e.t.TomcatWebServer - Tomcat initialized with port 8080 (http) 
2025-04-02T14:46:10.777 [restartedMain] INFO o.a.c.h.Http11NioProtocol - Initializing ProtocolHandler ["http-nio-8080"] 
2025-04-02T14:46:10.777 [restartedMain] INFO o.a.c.c.StandardService - Starting service [Tomcat] 
2025-04-02T14:46:10.777 [restartedMain] INFO o.a.c.c.StandardEngine - Starting Servlet engine: [Apache Tomcat/10.1.36] 
2025-04-02T14:46:10.783 [restartedMain] INFO o.a.c.c.C.[.[.[/] - Initializing Spring embedded WebApplicationContext 
2025-04-02T14:46:10.783 [restartedMain] INFO o.s.b.w.s.c.ServletWebServerApplicationContext - Root WebApplicationContext: initialization completed in 114 ms 
2025-04-02T14:46:10.814 [restartedMain] INFO c.z.h.HikariDataSource - HikariPool-12 - Starting... 
2025-04-02T14:46:10.828 [restartedMain] INFO c.z.h.p.HikariPool - HikariPool-12 - Added connection net.sf.log4jdbc.sql.jdbcapi.ConnectionSpy@70aaaaca 
2025-04-02T14:46:10.828 [restartedMain] INFO c.z.h.HikariDataSource - HikariPool-12 - Start completed. 
2025-04-02T14:46:10.829 [restartedMain] DEBUG j.sqltiming -  com.zaxxer.hikari.pool.ProxyPreparedStatement.execute(ProxyPreparedStatement.java:44)
131. SELECT 
			ifcdSeq
			, ifcdName
			, ifcgSeq
		FROM
			code
		WHERE 1=1
			AND ifcdDelNy = 0
		    AND ifcdUseNy = 1
 {executed in 1 msec} 
2025-04-02T14:46:10.877 [restartedMain] INFO o.s.b.d.a.OptionalLiveReloadServer - LiveReload server is running on port 35729 
2025-04-02T14:46:10.880 [restartedMain] INFO o.a.c.h.Http11NioProtocol - Starting ProtocolHandler ["http-nio-8080"] 
2025-04-02T14:46:10.882 [restartedMain] INFO o.s.b.w.e.t.TomcatWebServer - Tomcat started on port 8080 (http) with context path '/' 
2025-04-02T14:46:10.883 [restartedMain] INFO c.a.ZipApplication - Started ZipApplication in 0.229 seconds (process running for 7753.848) 
2025-04-02T14:46:10.884 [restartedMain] INFO o.s.b.d.a.ConditionEvaluationDeltaLoggingListener - Condition evaluation unchanged 
2025-04-02T14:46:22.345 [File Watcher] INFO o.s.b.d.a.LocalDevToolsAutoConfiguration$RestartingClassPathChangeChangedEventListener - Restarting due to 1 class path change (0 additions, 0 deletions, 1 modification) 
2025-04-02T14:46:22.346 [Thread-47] INFO o.s.b.w.e.t.GracefulShutdown - Commencing graceful shutdown. Waiting for active requests to complete 
2025-04-02T14:46:22.347 [tomcat-shutdown] INFO o.a.c.h.Http11NioProtocol - Pausing ProtocolHandler ["http-nio-8080"] 
2025-04-02T14:46:22.349 [tomcat-shutdown] INFO o.s.b.w.e.t.GracefulShutdown - Graceful shutdown complete 
2025-04-02T14:46:22.349 [Thread-47] INFO o.a.c.h.Http11NioProtocol - Stopping ProtocolHandler ["http-nio-8080"] 
2025-04-02T14:46:22.351 [Thread-47] INFO c.z.h.HikariDataSource - HikariPool-12 - Shutdown initiated... 
2025-04-02T14:46:22.354 [Thread-47] INFO c.z.h.HikariDataSource - HikariPool-12 - Shutdown completed. 
2025-04-02T14:46:22.415 [restartedMain] INFO c.a.ZipApplication - Starting ZipApplication using Java 21.0.5 with PID 14872 (C:\factory\ws_sts4_4270\repo_zip\zip\bin\main started by user in C:\factory\ws_sts4_4270\repo_zip\zip) 
2025-04-02T14:46:22.415 [restartedMain] INFO c.a.ZipApplication - No active profile set, falling back to 1 default profile: "default" 
2025-04-02T14:46:22.522 [restartedMain] INFO o.s.b.w.e.t.TomcatWebServer - Tomcat initialized with port 8080 (http) 
2025-04-02T14:46:22.522 [restartedMain] INFO o.a.c.h.Http11NioProtocol - Initializing ProtocolHandler ["http-nio-8080"] 
2025-04-02T14:46:22.522 [restartedMain] INFO o.a.c.c.StandardService - Starting service [Tomcat] 
2025-04-02T14:46:22.522 [restartedMain] INFO o.a.c.c.StandardEngine - Starting Servlet engine: [Apache Tomcat/10.1.36] 
2025-04-02T14:46:22.528 [restartedMain] INFO o.a.c.c.C.[.[.[/] - Initializing Spring embedded WebApplicationContext 
2025-04-02T14:46:22.528 [restartedMain] INFO o.s.b.w.s.c.ServletWebServerApplicationContext - Root WebApplicationContext: initialization completed in 112 ms 
2025-04-02T14:46:22.556 [restartedMain] INFO c.z.h.HikariDataSource - HikariPool-13 - Starting... 
2025-04-02T14:46:22.563 [restartedMain] INFO c.z.h.p.HikariPool - HikariPool-13 - Added connection net.sf.log4jdbc.sql.jdbcapi.ConnectionSpy@7c1a7ad0 
2025-04-02T14:46:22.563 [restartedMain] INFO c.z.h.HikariDataSource - HikariPool-13 - Start completed. 
2025-04-02T14:46:22.564 [restartedMain] DEBUG j.sqltiming -  com.zaxxer.hikari.pool.ProxyPreparedStatement.execute(ProxyPreparedStatement.java:44)
141. SELECT 
			ifcdSeq
			, ifcdName
			, ifcgSeq
		FROM
			code
		WHERE 1=1
			AND ifcdDelNy = 0
		    AND ifcdUseNy = 1
 {executed in 1 msec} 
2025-04-02T14:46:22.613 [restartedMain] INFO o.s.b.d.a.OptionalLiveReloadServer - LiveReload server is running on port 35729 
2025-04-02T14:46:22.617 [restartedMain] INFO o.a.c.h.Http11NioProtocol - Starting ProtocolHandler ["http-nio-8080"] 
2025-04-02T14:46:22.618 [restartedMain] INFO o.s.b.w.e.t.TomcatWebServer - Tomcat started on port 8080 (http) with context path '/' 
2025-04-02T14:46:22.620 [restartedMain] INFO c.a.ZipApplication - Started ZipApplication in 0.22 seconds (process running for 7765.585) 
2025-04-02T14:46:22.620 [restartedMain] INFO o.s.b.d.a.ConditionEvaluationDeltaLoggingListener - Condition evaluation unchanged 
2025-04-02T14:46:28.058 [File Watcher] INFO o.s.b.d.a.LocalDevToolsAutoConfiguration$RestartingClassPathChangeChangedEventListener - Restarting due to 1 class path change (0 additions, 0 deletions, 1 modification) 
2025-04-02T14:46:28.059 [Thread-51] INFO o.s.b.w.e.t.GracefulShutdown - Commencing graceful shutdown. Waiting for active requests to complete 
2025-04-02T14:46:28.060 [tomcat-shutdown] INFO o.a.c.h.Http11NioProtocol - Pausing ProtocolHandler ["http-nio-8080"] 
2025-04-02T14:46:28.062 [tomcat-shutdown] INFO o.s.b.w.e.t.GracefulShutdown - Graceful shutdown complete 
2025-04-02T14:46:28.062 [Thread-51] INFO o.a.c.h.Http11NioProtocol - Stopping ProtocolHandler ["http-nio-8080"] 
2025-04-02T14:46:28.064 [Thread-51] INFO c.z.h.HikariDataSource - HikariPool-13 - Shutdown initiated... 
2025-04-02T14:46:28.067 [Thread-51] INFO c.z.h.HikariDataSource - HikariPool-13 - Shutdown completed. 
2025-04-02T14:46:28.115 [restartedMain] INFO c.a.ZipApplication - Starting ZipApplication using Java 21.0.5 with PID 14872 (C:\factory\ws_sts4_4270\repo_zip\zip\bin\main started by user in C:\factory\ws_sts4_4270\repo_zip\zip) 
2025-04-02T14:46:28.115 [restartedMain] INFO c.a.ZipApplication - No active profile set, falling back to 1 default profile: "default" 
2025-04-02T14:46:28.232 [restartedMain] INFO o.s.b.w.e.t.TomcatWebServer - Tomcat initialized with port 8080 (http) 
2025-04-02T14:46:28.232 [restartedMain] INFO o.a.c.h.Http11NioProtocol - Initializing ProtocolHandler ["http-nio-8080"] 
2025-04-02T14:46:28.232 [restartedMain] INFO o.a.c.c.StandardService - Starting service [Tomcat] 
2025-04-02T14:46:28.232 [restartedMain] INFO o.a.c.c.StandardEngine - Starting Servlet engine: [Apache Tomcat/10.1.36] 
2025-04-02T14:46:28.239 [restartedMain] INFO o.a.c.c.C.[.[.[/] - Initializing Spring embedded WebApplicationContext 
2025-04-02T14:46:28.239 [restartedMain] INFO o.s.b.w.s.c.ServletWebServerApplicationContext - Root WebApplicationContext: initialization completed in 123 ms 
2025-04-02T14:46:28.266 [restartedMain] INFO c.z.h.HikariDataSource - HikariPool-14 - Starting... 
2025-04-02T14:46:28.272 [restartedMain] INFO c.z.h.p.HikariPool - HikariPool-14 - Added connection net.sf.log4jdbc.sql.jdbcapi.ConnectionSpy@5ebe464e 
2025-04-02T14:46:28.272 [restartedMain] INFO c.z.h.HikariDataSource - HikariPool-14 - Start completed. 
2025-04-02T14:46:28.272 [restartedMain] DEBUG j.sqltiming -  com.zaxxer.hikari.pool.ProxyPreparedStatement.execute(ProxyPreparedStatement.java:44)
151. SELECT 
			ifcdSeq
			, ifcdName
			, ifcgSeq
		FROM
			code
		WHERE 1=1
			AND ifcdDelNy = 0
		    AND ifcdUseNy = 1
 {executed in 0 msec} 
2025-04-02T14:46:28.321 [restartedMain] INFO o.s.b.d.a.OptionalLiveReloadServer - LiveReload server is running on port 35729 
2025-04-02T14:46:28.324 [restartedMain] INFO o.a.c.h.Http11NioProtocol - Starting ProtocolHandler ["http-nio-8080"] 
2025-04-02T14:46:28.326 [restartedMain] INFO o.s.b.w.e.t.TomcatWebServer - Tomcat started on port 8080 (http) with context path '/' 
2025-04-02T14:46:28.327 [restartedMain] INFO c.a.ZipApplication - Started ZipApplication in 0.227 seconds (process running for 7771.292) 
2025-04-02T14:46:28.328 [restartedMain] INFO o.s.b.d.a.ConditionEvaluationDeltaLoggingListener - Condition evaluation unchanged 
2025-04-02T14:47:29.124 [http-nio-8080-exec-9] INFO o.a.c.c.C.[.[.[/] - Initializing Spring DispatcherServlet 'dispatcherServlet' 
2025-04-02T14:47:29.125 [http-nio-8080-exec-9] INFO o.s.w.s.DispatcherServlet - Initializing Servlet 'dispatcherServlet' 
2025-04-02T14:47:29.126 [http-nio-8080-exec-9] INFO o.s.w.s.DispatcherServlet - Completed initialization in 1 ms 
2025-04-02T14:47:29.137 [http-nio-8080-exec-9] DEBUG j.sqltiming -  com.zaxxer.hikari.pool.ProxyPreparedStatement.execute(ProxyPreparedStatement.java:44)
151. SELECT COUNT(*)

		FROM codeGroup as a
		WHERE 1=1
		 AND a.ifcgUseNy = 1 
         AND a.ifcgDelNy = 0 

		ORDER BY a.ifcgSeq DESC
 {executed in 1 msec} 
2025-04-02T14:47:29.140 [http-nio-8080-exec-9] DEBUG j.sqltiming -  com.zaxxer.hikari.pool.ProxyPreparedStatement.execute(ProxyPreparedStatement.java:44)
151. SELECT aa.* FROM (
			SELECT
				a.ifcgSeq,
			    a.ifcgName,
			    (select count(aa.ifcdSeq) from code aa 
			    	where 1=1 
			    		and aa.ifcdDelNy = 0
			    		and aa.ifcgSeq = a.ifcgSeq
			    ) as xifcdSeqCount,
			    a.ifcgDelNy,
			    a.ifcgUseNy,
			    a.ifcgRegDateTime,
			    a.ifcgModDateTime

		FROM codeGroup as a
		WHERE 1=1
		 AND a.ifcgUseNy = 1 
         AND a.ifcgDelNy = 0 

		ORDER BY a.ifcgSeq DESC

		) aa
		limit 5 offset 0
 {executed in 1 msec} 
