2025-04-08T15:28:13.109 [restartedMain] INFO c.a.ZipApplication - Starting ZipApplication using Java 21.0.5 with PID 4520 (C:\factory\ws_sts4_4270\repo_zip\zip\bin\main started by user in C:\factory\ws_sts4_4270\repo_zip\zip) 
2025-04-08T15:28:13.110 [restartedMain] INFO c.a.ZipApplication - No active profile set, falling back to 1 default profile: "default" 
2025-04-08T15:28:13.136 [restartedMain] INFO o.s.b.d.e.DevToolsPropertyDefaultsPostProcessor - Devtools property defaults active! Set 'spring.devtools.add-properties' to 'false' to disable 
2025-04-08T15:28:13.136 [restartedMain] INFO o.s.b.d.e.DevToolsPropertyDefaultsPostProcessor - For additional web related logging consider setting the 'logging.level.web' property to 'DEBUG' 
2025-04-08T15:28:13.715 [restartedMain] INFO o.s.b.w.e.t.TomcatWebServer - Tomcat initialized with port 8080 (http) 
2025-04-08T15:28:13.723 [restartedMain] INFO o.a.c.h.Http11NioProtocol - Initializing ProtocolHandler ["http-nio-8080"] 
2025-04-08T15:28:13.724 [restartedMain] INFO o.a.c.c.StandardService - Starting service [Tomcat] 
2025-04-08T15:28:13.724 [restartedMain] INFO o.a.c.c.StandardEngine - Starting Servlet engine: [Apache Tomcat/10.1.36] 
2025-04-08T15:28:13.747 [restartedMain] INFO o.a.c.c.C.[.[.[/] - Initializing Spring embedded WebApplicationContext 
2025-04-08T15:28:13.747 [restartedMain] INFO o.s.b.w.s.c.ServletWebServerApplicationContext - Root WebApplicationContext: initialization completed in 611 ms 
2025-04-08T15:28:13.927 [restartedMain] INFO c.z.h.HikariDataSource - HikariPool-1 - Starting... 
2025-04-08T15:28:14.138 [restartedMain] INFO c.z.h.p.HikariPool - HikariPool-1 - Added connection net.sf.log4jdbc.sql.jdbcapi.ConnectionSpy@705d313e 
2025-04-08T15:28:14.139 [restartedMain] INFO c.z.h.HikariDataSource - HikariPool-1 - Start completed. 
2025-04-08T15:28:14.154 [restartedMain] DEBUG j.sqltiming -  com.zaxxer.hikari.pool.ProxyPreparedStatement.execute(ProxyPreparedStatement.java:44)
1. SELECT 
			ifcdSeq
			, ifcdName
			, ifcgSeq
		FROM
			code
		WHERE 1=1
			AND ifcdDelNy = 0
		    AND ifcdUseNy = 1
 {executed in 5 msec} 
2025-04-08T15:28:14.980 [restartedMain] INFO o.s.b.d.a.OptionalLiveReloadServer - LiveReload server is running on port 35729 
2025-04-08T15:28:14.991 [restartedMain] INFO o.a.c.h.Http11NioProtocol - Starting ProtocolHandler ["http-nio-8080"] 
2025-04-08T15:28:15.001 [restartedMain] INFO o.s.b.w.e.t.TomcatWebServer - Tomcat started on port 8080 (http) with context path '/' 
2025-04-08T15:28:15.006 [restartedMain] INFO c.a.ZipApplication - Started ZipApplication in 2.091 seconds (process running for 3.299) 
2025-04-08T15:28:18.720 [http-nio-8080-exec-1] INFO o.a.c.c.C.[.[.[/] - Initializing Spring DispatcherServlet 'dispatcherServlet' 
2025-04-08T15:28:18.720 [http-nio-8080-exec-1] INFO o.s.w.s.DispatcherServlet - Initializing Servlet 'dispatcherServlet' 
2025-04-08T15:28:18.721 [http-nio-8080-exec-1] INFO o.s.w.s.DispatcherServlet - Completed initialization in 1 ms 
2025-04-08T15:28:20.844 [http-nio-8080-exec-9] DEBUG j.sqltiming -  com.zaxxer.hikari.pool.ProxyPreparedStatement.execute(ProxyPreparedStatement.java:44)
1. SELECT
			a.seq,
			a.iD,
			a.passWord,
			a.name
		FROM
			userUi a
		WHERE 1=1
			AND a.iD = 'qwer@naver.com'
			 AND a.passWord = '1234'
 {executed in 2 msec} 
2025-04-08T15:28:30.452 [RMI TCP Connection(2)-127.0.0.1] INFO o.s.b.a.SpringApplicationAdminMXBeanRegistrar$SpringApplicationAdmin - Application shutdown requested. 
2025-04-08T15:28:30.455 [RMI TCP Connection(2)-127.0.0.1] INFO o.s.b.w.e.t.GracefulShutdown - Commencing graceful shutdown. Waiting for active requests to complete 
2025-04-08T15:28:30.457 [tomcat-shutdown] INFO o.a.c.h.Http11NioProtocol - Pausing ProtocolHandler ["http-nio-8080"] 
2025-04-08T15:28:30.460 [tomcat-shutdown] INFO o.s.b.w.e.t.GracefulShutdown - Graceful shutdown complete 
2025-04-08T15:28:30.461 [RMI TCP Connection(2)-127.0.0.1] INFO o.a.c.h.Http11NioProtocol - Stopping ProtocolHandler ["http-nio-8080"] 
2025-04-08T15:28:30.910 [RMI TCP Connection(2)-127.0.0.1] INFO c.z.h.HikariDataSource - HikariPool-1 - Shutdown initiated... 
2025-04-08T15:28:30.917 [RMI TCP Connection(2)-127.0.0.1] INFO c.z.h.HikariDataSource - HikariPool-1 - Shutdown completed. 
