2025-03-24T09:37:31.474 [restartedMain] INFO c.a.ZipApplication - Starting ZipApplication using Java 21.0.5 with PID 16900 (C:\factory\ws_sts4_4270\repo_zip\zip\bin\main started by user in C:\factory\ws_sts4_4270\repo_zip\zip) 
2025-03-24T09:37:31.475 [restartedMain] INFO c.a.ZipApplication - No active profile set, falling back to 1 default profile: "default" 
2025-03-24T09:37:31.504 [restartedMain] INFO o.s.b.d.e.DevToolsPropertyDefaultsPostProcessor - Devtools property defaults active! Set 'spring.devtools.add-properties' to 'false' to disable 
2025-03-24T09:37:31.505 [restartedMain] INFO o.s.b.d.e.DevToolsPropertyDefaultsPostProcessor - For additional web related logging consider setting the 'logging.level.web' property to 'DEBUG' 
2025-03-24T09:37:32.162 [restartedMain] INFO o.s.b.w.e.t.TomcatWebServer - Tomcat initialized with port 8080 (http) 
2025-03-24T09:37:32.173 [restartedMain] INFO o.a.c.h.Http11NioProtocol - Initializing ProtocolHandler ["http-nio-8080"] 
2025-03-24T09:37:32.174 [restartedMain] INFO o.a.c.c.StandardService - Starting service [Tomcat] 
2025-03-24T09:37:32.174 [restartedMain] INFO o.a.c.c.StandardEngine - Starting Servlet engine: [Apache Tomcat/10.1.36] 
2025-03-24T09:37:32.200 [restartedMain] INFO o.a.c.c.C.[.[.[/] - Initializing Spring embedded WebApplicationContext 
2025-03-24T09:37:32.201 [restartedMain] INFO o.s.b.w.s.c.ServletWebServerApplicationContext - Root WebApplicationContext: initialization completed in 696 ms 
2025-03-24T09:37:33.361 [restartedMain] INFO o.s.b.d.a.OptionalLiveReloadServer - LiveReload server is running on port 35729 
2025-03-24T09:37:33.371 [restartedMain] INFO o.a.c.h.Http11NioProtocol - Starting ProtocolHandler ["http-nio-8080"] 
2025-03-24T09:37:33.383 [restartedMain] INFO o.s.b.w.e.t.TomcatWebServer - Tomcat started on port 8080 (http) with context path '/' 
2025-03-24T09:37:33.388 [restartedMain] INFO c.a.ZipApplication - Started ZipApplication in 2.15 seconds (process running for 3.954) 
2025-03-24T09:37:35.891 [http-nio-8080-exec-1] INFO o.a.c.c.C.[.[.[/] - Initializing Spring DispatcherServlet 'dispatcherServlet' 
2025-03-24T09:37:35.891 [http-nio-8080-exec-1] INFO o.s.w.s.DispatcherServlet - Initializing Servlet 'dispatcherServlet' 
2025-03-24T09:37:35.892 [http-nio-8080-exec-1] INFO o.s.w.s.DispatcherServlet - Completed initialization in 1 ms 
2025-03-24T09:37:35.931 [http-nio-8080-exec-1] INFO c.z.h.HikariDataSource - HikariPool-1 - Starting... 
2025-03-24T09:37:36.154 [http-nio-8080-exec-1] INFO c.z.h.p.HikariPool - HikariPool-1 - Added connection net.sf.log4jdbc.sql.jdbcapi.ConnectionSpy@19c0f85f 
2025-03-24T09:37:36.155 [http-nio-8080-exec-1] INFO c.z.h.HikariDataSource - HikariPool-1 - Start completed. 
2025-03-24T09:37:36.173 [http-nio-8080-exec-1] DEBUG j.sqltiming -  com.zaxxer.hikari.pool.ProxyPreparedStatement.execute(ProxyPreparedStatement.java:44)
1. SELECT COUNT(*)

		FROM codeGroup as a
		WHERE 1=1
		ORDER BY a.ifcgSeq DESC
 {executed in 6 msec} 
2025-03-24T09:37:36.188 [http-nio-8080-exec-1] DEBUG j.sqltiming -  com.zaxxer.hikari.pool.ProxyPreparedStatement.execute(ProxyPreparedStatement.java:44)
1. SELECT aa.* FROM (
			SELECT
				a.ifcgSeq,
			    a.ifcgName,
			    (select count(aa.ifcdSeq) from code aa where 1=1 and aa.ifcdDelNy = 0 and aa.ifcgSeq = a.ifcgSeq) as xifcdSeqCount,
			    a.ifcgDelNy

		FROM codeGroup as a
		WHERE 1=1
		ORDER BY a.ifcgSeq DESC

		) aa
		limit 5 offset 0
 {executed in 2 msec} 
