2025-03-28T13:01:55.018 [File Watcher] INFO o.s.b.d.a.LocalDevToolsAutoConfiguration$RestartingClassPathChangeChangedEventListener - Restarting due to 1 class path change (0 additions, 0 deletions, 1 modification) 
2025-03-28T13:01:55.021 [Thread-5] INFO o.s.b.w.e.t.GracefulShutdown - Commencing graceful shutdown. Waiting for active requests to complete 
2025-03-28T13:01:55.022 [tomcat-shutdown] INFO o.a.c.h.Http11NioProtocol - Pausing ProtocolHandler ["http-nio-8080"] 
2025-03-28T13:01:55.024 [tomcat-shutdown] INFO o.s.b.w.e.t.GracefulShutdown - Graceful shutdown complete 
2025-03-28T13:01:55.033 [Thread-5] INFO o.a.c.h.Http11NioProtocol - Stopping ProtocolHandler ["http-nio-8080"] 
2025-03-28T13:01:55.036 [Thread-5] INFO c.z.h.HikariDataSource - HikariPool-1 - Shutdown initiated... 
2025-03-28T13:01:55.040 [Thread-5] INFO c.z.h.HikariDataSource - HikariPool-1 - Shutdown completed. 
2025-03-28T13:01:55.092 [restartedMain] INFO c.a.ZipApplication - Starting ZipApplication using Java 21.0.5 with PID 12212 (C:\factory\ws_sts4_4270\repo_zip\zip\bin\main started by user in C:\factory\ws_sts4_4270\repo_zip\zip) 
2025-03-28T13:01:55.093 [restartedMain] INFO c.a.ZipApplication - No active profile set, falling back to 1 default profile: "default" 
2025-03-28T13:01:55.242 [restartedMain] INFO o.s.b.w.e.t.TomcatWebServer - Tomcat initialized with port 8080 (http) 
2025-03-28T13:01:55.243 [restartedMain] INFO o.a.c.h.Http11NioProtocol - Initializing ProtocolHandler ["http-nio-8080"] 
2025-03-28T13:01:55.243 [restartedMain] INFO o.a.c.c.StandardService - Starting service [Tomcat] 
2025-03-28T13:01:55.243 [restartedMain] INFO o.a.c.c.StandardEngine - Starting Servlet engine: [Apache Tomcat/10.1.36] 
2025-03-28T13:01:55.250 [restartedMain] INFO o.a.c.c.C.[.[.[/] - Initializing Spring embedded WebApplicationContext 
2025-03-28T13:01:55.250 [restartedMain] INFO o.s.b.w.s.c.ServletWebServerApplicationContext - Root WebApplicationContext: initialization completed in 156 ms 
2025-03-28T13:01:55.295 [restartedMain] INFO c.z.h.HikariDataSource - HikariPool-2 - Starting... 
2025-03-28T13:01:55.304 [restartedMain] INFO c.z.h.p.HikariPool - HikariPool-2 - Added connection net.sf.log4jdbc.sql.jdbcapi.ConnectionSpy@e38a4d7 
2025-03-28T13:01:55.304 [restartedMain] INFO c.z.h.HikariDataSource - HikariPool-2 - Start completed. 
2025-03-28T13:01:55.305 [restartedMain] DEBUG j.sqltiming -  com.zaxxer.hikari.pool.ProxyPreparedStatement.execute(ProxyPreparedStatement.java:44)
11. SELECT 
			ifcdSeq
			, ifcdName
			, ifcgSeq
		FROM
			code
		WHERE 1=1
			AND ifcdDelNy = 0
		    AND ifcdUseNy = 1
 {executed in 0 msec} 
2025-03-28T13:01:55.387 [restartedMain] INFO o.s.b.d.a.OptionalLiveReloadServer - LiveReload server is running on port 35729 
2025-03-28T13:01:55.392 [restartedMain] INFO o.a.c.h.Http11NioProtocol - Starting ProtocolHandler ["http-nio-8080"] 
2025-03-28T13:01:55.394 [restartedMain] INFO o.s.b.w.e.t.TomcatWebServer - Tomcat started on port 8080 (http) with context path '/' 
2025-03-28T13:01:55.397 [restartedMain] INFO c.a.ZipApplication - Started ZipApplication in 0.327 seconds (process running for 640.737) 
2025-03-28T13:01:55.399 [restartedMain] INFO o.s.b.d.a.ConditionEvaluationDeltaLoggingListener - Condition evaluation unchanged 
2025-03-28T13:01:57.028 [http-nio-8080-exec-1] INFO o.a.c.c.C.[.[.[/] - Initializing Spring DispatcherServlet 'dispatcherServlet' 
2025-03-28T13:01:57.028 [http-nio-8080-exec-1] INFO o.s.w.s.DispatcherServlet - Initializing Servlet 'dispatcherServlet' 
2025-03-28T13:01:57.029 [http-nio-8080-exec-1] INFO o.s.w.s.DispatcherServlet - Completed initialization in 1 ms 
2025-03-28T13:02:01.135 [http-nio-8080-exec-4] DEBUG j.sqltiming -  com.zaxxer.hikari.pool.ProxyPreparedStatement.execute(ProxyPreparedStatement.java:44)
11. SELECT COUNT(*)

		FROM userUi as a
		WHERE 1=1

		ORDER BY a.seq DESC
 {executed in 1 msec} 
2025-03-28T13:02:01.137 [http-nio-8080-exec-4] DEBUG j.sqltiming -  com.zaxxer.hikari.pool.ProxyPreparedStatement.execute(ProxyPreparedStatement.java:44)
11. SELECT aa.* FROM (
			SELECT
				a.seq,

			    a.name,
			    a.gender,
			    a.btd,
			    a.email,
			    a.passWord,
			    a.price,
			    a.score,
			    a.delNy,
			    a.admSignin,
			    a.mobileCarrier

		FROM userUi as a
		WHERE 1=1

		ORDER BY a.seq DESC

		) aa
		limit 5 offset 0
 {executed in 1 msec} 
2025-03-28T13:02:13.961 [File Watcher] INFO o.s.b.d.a.LocalDevToolsAutoConfiguration$RestartingClassPathChangeChangedEventListener - Restarting due to 1 class path change (0 additions, 0 deletions, 1 modification) 
2025-03-28T13:02:13.962 [Thread-7] INFO o.s.b.w.e.t.GracefulShutdown - Commencing graceful shutdown. Waiting for active requests to complete 
2025-03-28T13:02:13.962 [tomcat-shutdown] INFO o.a.c.h.Http11NioProtocol - Pausing ProtocolHandler ["http-nio-8080"] 
2025-03-28T13:02:13.965 [tomcat-shutdown] INFO o.s.b.w.e.t.GracefulShutdown - Graceful shutdown complete 
2025-03-28T13:02:13.966 [Thread-7] INFO o.a.c.h.Http11NioProtocol - Stopping ProtocolHandler ["http-nio-8080"] 
2025-03-28T13:02:13.967 [Thread-7] INFO c.z.h.HikariDataSource - HikariPool-2 - Shutdown initiated... 
2025-03-28T13:02:13.971 [Thread-7] INFO c.z.h.HikariDataSource - HikariPool-2 - Shutdown completed. 
2025-03-28T13:02:14.027 [restartedMain] INFO c.a.ZipApplication - Starting ZipApplication using Java 21.0.5 with PID 12212 (C:\factory\ws_sts4_4270\repo_zip\zip\bin\main started by user in C:\factory\ws_sts4_4270\repo_zip\zip) 
2025-03-28T13:02:14.027 [restartedMain] INFO c.a.ZipApplication - No active profile set, falling back to 1 default profile: "default" 
2025-03-28T13:02:14.142 [restartedMain] INFO o.s.b.w.e.t.TomcatWebServer - Tomcat initialized with port 8080 (http) 
2025-03-28T13:02:14.143 [restartedMain] INFO o.a.c.h.Http11NioProtocol - Initializing ProtocolHandler ["http-nio-8080"] 
2025-03-28T13:02:14.143 [restartedMain] INFO o.a.c.c.StandardService - Starting service [Tomcat] 
2025-03-28T13:02:14.143 [restartedMain] INFO o.a.c.c.StandardEngine - Starting Servlet engine: [Apache Tomcat/10.1.36] 
2025-03-28T13:02:14.150 [restartedMain] INFO o.a.c.c.C.[.[.[/] - Initializing Spring embedded WebApplicationContext 
2025-03-28T13:02:14.150 [restartedMain] INFO o.s.b.w.s.c.ServletWebServerApplicationContext - Root WebApplicationContext: initialization completed in 122 ms 
2025-03-28T13:02:14.187 [restartedMain] INFO c.z.h.HikariDataSource - HikariPool-3 - Starting... 
2025-03-28T13:02:14.194 [restartedMain] INFO c.z.h.p.HikariPool - HikariPool-3 - Added connection net.sf.log4jdbc.sql.jdbcapi.ConnectionSpy@3ea2f186 
2025-03-28T13:02:14.194 [restartedMain] INFO c.z.h.HikariDataSource - HikariPool-3 - Start completed. 
2025-03-28T13:02:14.195 [restartedMain] DEBUG j.sqltiming -  com.zaxxer.hikari.pool.ProxyPreparedStatement.execute(ProxyPreparedStatement.java:44)
21. SELECT 
			ifcdSeq
			, ifcdName
			, ifcgSeq
		FROM
			code
		WHERE 1=1
			AND ifcdDelNy = 0
		    AND ifcdUseNy = 1
 {executed in 1 msec} 
2025-03-28T13:02:14.251 [restartedMain] INFO o.s.b.d.a.OptionalLiveReloadServer - LiveReload server is running on port 35729 
2025-03-28T13:02:14.255 [restartedMain] INFO o.a.c.h.Http11NioProtocol - Starting ProtocolHandler ["http-nio-8080"] 
2025-03-28T13:02:14.257 [restartedMain] INFO o.s.b.w.e.t.TomcatWebServer - Tomcat started on port 8080 (http) with context path '/' 
2025-03-28T13:02:14.258 [restartedMain] INFO c.a.ZipApplication - Started ZipApplication in 0.25 seconds (process running for 659.598) 
2025-03-28T13:02:14.259 [restartedMain] INFO o.s.b.d.a.ConditionEvaluationDeltaLoggingListener - Condition evaluation unchanged 
2025-03-28T13:03:54.895 [http-nio-8080-exec-1] INFO o.a.c.c.C.[.[.[/] - Initializing Spring DispatcherServlet 'dispatcherServlet' 
2025-03-28T13:03:54.895 [http-nio-8080-exec-1] INFO o.s.w.s.DispatcherServlet - Initializing Servlet 'dispatcherServlet' 
2025-03-28T13:03:54.895 [http-nio-8080-exec-1] INFO o.s.w.s.DispatcherServlet - Completed initialization in 0 ms 
2025-03-28T13:03:54.899 [http-nio-8080-exec-1] DEBUG j.sqltiming -  com.zaxxer.hikari.pool.ProxyPreparedStatement.execute(ProxyPreparedStatement.java:44)
21. SELECT
			a.seq,
			a.email,
			a.passWord
		FROM
			userUi a
		WHERE 1=1
			AND a.email = 'hello@example.com'
			 AND a.passWord = 'Password'
 {executed in 1 msec} 
2025-03-28T13:03:54.915 [http-nio-8080-exec-2] DEBUG j.sqltiming -  com.zaxxer.hikari.pool.ProxyPreparedStatement.execute(ProxyPreparedStatement.java:44)
21. SELECT COUNT(*)

		FROM userUi as a
		WHERE 1=1

		ORDER BY a.seq DESC
 {executed in 1 msec} 
2025-03-28T13:03:54.917 [http-nio-8080-exec-2] DEBUG j.sqltiming -  com.zaxxer.hikari.pool.ProxyPreparedStatement.execute(ProxyPreparedStatement.java:44)
21. SELECT aa.* FROM (
			SELECT
				a.seq,

			    a.name,
			    a.gender,
			    a.btd,
			    a.email,
			    a.passWord,
			    a.price,
			    a.score,
			    a.delNy,
			    a.admSignin,
			    a.mobileCarrier

		FROM userUi as a
		WHERE 1=1

		ORDER BY a.seq DESC

		) aa
		limit 5 offset 0
 {executed in 1 msec} 
2025-03-28T13:03:56.830 [http-nio-8080-exec-5] DEBUG j.sqltiming -  com.zaxxer.hikari.pool.ProxyPreparedStatement.execute(ProxyPreparedStatement.java:44)
21. SELECT
			seq,
			name,
			gender,
			btd,
			email,
			passWord,
			price,
			score,
			delNy,
			admSignin,
			mobileCarrier
		FROM
			userUi
		WHERE 1=1
			AND seq = '0'
		ORDER BY seq DESC
 {executed in 1 msec} 
2025-03-28T13:05:12.087 [http-nio-8080-exec-10] DEBUG j.sqltiming -  com.zaxxer.hikari.pool.ProxyPreparedStatement.execute(ProxyPreparedStatement.java:44)
21. SELECT
			seq,
			name,
			gender,
			btd,
			email,
			passWord,
			price,
			score,
			delNy,
			admSignin,
			mobileCarrier
		FROM
			userUi
		WHERE 1=1
			AND seq = '0'
		ORDER BY seq DESC
 {executed in 1 msec} 
2025-03-28T13:06:18.629 [http-nio-8080-exec-10] DEBUG j.sqltiming -  com.zaxxer.hikari.pool.ProxyPreparedStatement.execute(ProxyPreparedStatement.java:44)
21. SELECT COUNT(*)

		FROM userUi as a
		WHERE 1=1

		ORDER BY a.seq DESC
 {executed in 1 msec} 
2025-03-28T13:06:18.630 [http-nio-8080-exec-10] DEBUG j.sqltiming -  com.zaxxer.hikari.pool.ProxyPreparedStatement.execute(ProxyPreparedStatement.java:44)
21. SELECT aa.* FROM (
			SELECT
				a.seq,

			    a.name,
			    a.gender,
			    a.btd,
			    a.email,
			    a.passWord,
			    a.price,
			    a.score,
			    a.delNy,
			    a.admSignin,
			    a.mobileCarrier

		FROM userUi as a
		WHERE 1=1

		ORDER BY a.seq DESC

		) aa
		limit 5 offset 0
 {executed in 0 msec} 
2025-03-28T13:06:28.251 [http-nio-8080-exec-2] DEBUG j.sqltiming -  com.zaxxer.hikari.pool.ProxyPreparedStatement.execute(ProxyPreparedStatement.java:44)
21. SELECT COUNT(*)

		FROM userUi as a
		WHERE 1=1

		ORDER BY a.seq DESC
 {executed in 2 msec} 
2025-03-28T13:06:28.253 [http-nio-8080-exec-2] DEBUG j.sqltiming -  com.zaxxer.hikari.pool.ProxyPreparedStatement.execute(ProxyPreparedStatement.java:44)
21. SELECT aa.* FROM (
			SELECT
				a.seq,

			    a.name,
			    a.gender,
			    a.btd,
			    a.email,
			    a.passWord,
			    a.price,
			    a.score,
			    a.delNy,
			    a.admSignin,
			    a.mobileCarrier

		FROM userUi as a
		WHERE 1=1

		ORDER BY a.seq DESC

		) aa
		limit 5 offset 0
 {executed in 0 msec} 
2025-03-28T13:08:09.532 [File Watcher] INFO o.s.b.d.a.LocalDevToolsAutoConfiguration$RestartingClassPathChangeChangedEventListener - Restarting due to 1 class path change (0 additions, 0 deletions, 1 modification) 
2025-03-28T13:08:09.533 [Thread-11] INFO o.s.b.w.e.t.GracefulShutdown - Commencing graceful shutdown. Waiting for active requests to complete 
2025-03-28T13:08:09.534 [tomcat-shutdown] INFO o.a.c.h.Http11NioProtocol - Pausing ProtocolHandler ["http-nio-8080"] 
2025-03-28T13:08:09.535 [tomcat-shutdown] INFO o.s.b.w.e.t.GracefulShutdown - Graceful shutdown complete 
2025-03-28T13:08:09.536 [Thread-11] INFO o.a.c.h.Http11NioProtocol - Stopping ProtocolHandler ["http-nio-8080"] 
2025-03-28T13:08:09.537 [Thread-11] INFO c.z.h.HikariDataSource - HikariPool-3 - Shutdown initiated... 
2025-03-28T13:08:09.539 [Thread-11] INFO c.z.h.HikariDataSource - HikariPool-3 - Shutdown completed. 
2025-03-28T13:08:09.593 [restartedMain] INFO c.a.ZipApplication - Starting ZipApplication using Java 21.0.5 with PID 12212 (C:\factory\ws_sts4_4270\repo_zip\zip\bin\main started by user in C:\factory\ws_sts4_4270\repo_zip\zip) 
2025-03-28T13:08:09.594 [restartedMain] INFO c.a.ZipApplication - No active profile set, falling back to 1 default profile: "default" 
2025-03-28T13:08:09.723 [restartedMain] INFO o.s.b.w.e.t.TomcatWebServer - Tomcat initialized with port 8080 (http) 
2025-03-28T13:08:09.724 [restartedMain] INFO o.a.c.h.Http11NioProtocol - Initializing ProtocolHandler ["http-nio-8080"] 
2025-03-28T13:08:09.724 [restartedMain] INFO o.a.c.c.StandardService - Starting service [Tomcat] 
2025-03-28T13:08:09.724 [restartedMain] INFO o.a.c.c.StandardEngine - Starting Servlet engine: [Apache Tomcat/10.1.36] 
2025-03-28T13:08:09.731 [restartedMain] INFO o.a.c.c.C.[.[.[/] - Initializing Spring embedded WebApplicationContext 
2025-03-28T13:08:09.731 [restartedMain] INFO o.s.b.w.s.c.ServletWebServerApplicationContext - Root WebApplicationContext: initialization completed in 136 ms 
2025-03-28T13:08:09.769 [restartedMain] INFO c.z.h.HikariDataSource - HikariPool-4 - Starting... 
2025-03-28T13:08:09.777 [restartedMain] INFO c.z.h.p.HikariPool - HikariPool-4 - Added connection net.sf.log4jdbc.sql.jdbcapi.ConnectionSpy@4fdae458 
2025-03-28T13:08:09.777 [restartedMain] INFO c.z.h.HikariDataSource - HikariPool-4 - Start completed. 
2025-03-28T13:08:09.778 [restartedMain] DEBUG j.sqltiming -  com.zaxxer.hikari.pool.ProxyPreparedStatement.execute(ProxyPreparedStatement.java:44)
31. SELECT 
			ifcdSeq
			, ifcdName
			, ifcgSeq
		FROM
			code
		WHERE 1=1
			AND ifcdDelNy = 0
		    AND ifcdUseNy = 1
 {executed in 1 msec} 
2025-03-28T13:08:09.860 [restartedMain] INFO o.s.b.d.a.OptionalLiveReloadServer - LiveReload server is running on port 35729 
2025-03-28T13:08:09.864 [restartedMain] INFO o.a.c.h.Http11NioProtocol - Starting ProtocolHandler ["http-nio-8080"] 
2025-03-28T13:08:09.866 [restartedMain] INFO o.s.b.w.e.t.TomcatWebServer - Tomcat started on port 8080 (http) with context path '/' 
2025-03-28T13:08:09.867 [restartedMain] INFO c.a.ZipApplication - Started ZipApplication in 0.291 seconds (process running for 1015.206) 
2025-03-28T13:08:09.868 [restartedMain] INFO o.s.b.d.a.ConditionEvaluationDeltaLoggingListener - Condition evaluation unchanged 
2025-03-28T13:08:11.274 [http-nio-8080-exec-1] INFO o.a.c.c.C.[.[.[/] - Initializing Spring DispatcherServlet 'dispatcherServlet' 
2025-03-28T13:08:11.274 [http-nio-8080-exec-1] INFO o.s.w.s.DispatcherServlet - Initializing Servlet 'dispatcherServlet' 
2025-03-28T13:08:11.275 [http-nio-8080-exec-1] INFO o.s.w.s.DispatcherServlet - Completed initialization in 1 ms 
2025-03-28T13:08:15.173 [http-nio-8080-exec-8] DEBUG j.sqltiming -  com.zaxxer.hikari.pool.ProxyPreparedStatement.execute(ProxyPreparedStatement.java:44)
31. SELECT COUNT(*)

		FROM userUi as a
		WHERE 1=1

		ORDER BY a.seq DESC
 {executed in 1 msec} 
2025-03-28T13:08:15.175 [http-nio-8080-exec-8] DEBUG j.sqltiming -  com.zaxxer.hikari.pool.ProxyPreparedStatement.execute(ProxyPreparedStatement.java:44)
31. SELECT aa.* FROM (
			SELECT
				a.seq,

			    a.name,
			    a.gender,
			    a.btd,
			    a.email,
			    a.passWord,
			    a.price,
			    a.score,
			    a.delNy,
			    a.admSignin,
			    a.mobileCarrier

		FROM userUi as a
		WHERE 1=1

		ORDER BY a.seq DESC

		) aa
		limit 5 offset 0
 {executed in 0 msec} 
2025-03-28T13:08:40.247 [File Watcher] INFO o.s.b.d.a.LocalDevToolsAutoConfiguration$RestartingClassPathChangeChangedEventListener - Restarting due to 1 class path change (0 additions, 0 deletions, 1 modification) 
2025-03-28T13:08:40.248 [Thread-15] INFO o.s.b.w.e.t.GracefulShutdown - Commencing graceful shutdown. Waiting for active requests to complete 
2025-03-28T13:08:40.248 [tomcat-shutdown] INFO o.a.c.h.Http11NioProtocol - Pausing ProtocolHandler ["http-nio-8080"] 
2025-03-28T13:08:40.251 [tomcat-shutdown] INFO o.s.b.w.e.t.GracefulShutdown - Graceful shutdown complete 
2025-03-28T13:08:40.251 [Thread-15] INFO o.a.c.h.Http11NioProtocol - Stopping ProtocolHandler ["http-nio-8080"] 
2025-03-28T13:08:40.253 [Thread-15] INFO c.z.h.HikariDataSource - HikariPool-4 - Shutdown initiated... 
2025-03-28T13:08:40.255 [Thread-15] INFO c.z.h.HikariDataSource - HikariPool-4 - Shutdown completed. 
2025-03-28T13:08:40.307 [restartedMain] INFO c.a.ZipApplication - Starting ZipApplication using Java 21.0.5 with PID 12212 (C:\factory\ws_sts4_4270\repo_zip\zip\bin\main started by user in C:\factory\ws_sts4_4270\repo_zip\zip) 
2025-03-28T13:08:40.307 [restartedMain] INFO c.a.ZipApplication - No active profile set, falling back to 1 default profile: "default" 
2025-03-28T13:08:40.415 [restartedMain] INFO o.s.b.w.e.t.TomcatWebServer - Tomcat initialized with port 8080 (http) 
2025-03-28T13:08:40.415 [restartedMain] INFO o.a.c.h.Http11NioProtocol - Initializing ProtocolHandler ["http-nio-8080"] 
2025-03-28T13:08:40.415 [restartedMain] INFO o.a.c.c.StandardService - Starting service [Tomcat] 
2025-03-28T13:08:40.415 [restartedMain] INFO o.a.c.c.StandardEngine - Starting Servlet engine: [Apache Tomcat/10.1.36] 
2025-03-28T13:08:40.422 [restartedMain] INFO o.a.c.c.C.[.[.[/] - Initializing Spring embedded WebApplicationContext 
2025-03-28T13:08:40.422 [restartedMain] INFO o.s.b.w.s.c.ServletWebServerApplicationContext - Root WebApplicationContext: initialization completed in 114 ms 
2025-03-28T13:08:40.455 [restartedMain] INFO c.z.h.HikariDataSource - HikariPool-5 - Starting... 
2025-03-28T13:08:40.463 [restartedMain] INFO c.z.h.p.HikariPool - HikariPool-5 - Added connection net.sf.log4jdbc.sql.jdbcapi.ConnectionSpy@6ace434c 
2025-03-28T13:08:40.463 [restartedMain] INFO c.z.h.HikariDataSource - HikariPool-5 - Start completed. 
2025-03-28T13:08:40.463 [restartedMain] DEBUG j.sqltiming -  com.zaxxer.hikari.pool.ProxyPreparedStatement.execute(ProxyPreparedStatement.java:44)
41. SELECT 
			ifcdSeq
			, ifcdName
			, ifcgSeq
		FROM
			code
		WHERE 1=1
			AND ifcdDelNy = 0
		    AND ifcdUseNy = 1
 {executed in 0 msec} 
2025-03-28T13:08:40.514 [restartedMain] INFO o.s.b.d.a.OptionalLiveReloadServer - LiveReload server is running on port 35729 
2025-03-28T13:08:40.517 [restartedMain] INFO o.a.c.h.Http11NioProtocol - Starting ProtocolHandler ["http-nio-8080"] 
2025-03-28T13:08:40.519 [restartedMain] INFO o.s.b.w.e.t.TomcatWebServer - Tomcat started on port 8080 (http) with context path '/' 
2025-03-28T13:08:40.520 [restartedMain] INFO c.a.ZipApplication - Started ZipApplication in 0.228 seconds (process running for 1045.859) 
2025-03-28T13:08:40.521 [restartedMain] INFO o.s.b.d.a.ConditionEvaluationDeltaLoggingListener - Condition evaluation unchanged 
2025-03-28T13:09:17.871 [http-nio-8080-exec-1] INFO o.a.c.c.C.[.[.[/] - Initializing Spring DispatcherServlet 'dispatcherServlet' 
2025-03-28T13:09:17.871 [http-nio-8080-exec-1] INFO o.s.w.s.DispatcherServlet - Initializing Servlet 'dispatcherServlet' 
2025-03-28T13:09:17.872 [http-nio-8080-exec-1] INFO o.s.w.s.DispatcherServlet - Completed initialization in 1 ms 
2025-03-28T13:09:18.477 [File Watcher] INFO o.s.b.d.a.LocalDevToolsAutoConfiguration$RestartingClassPathChangeChangedEventListener - Restarting due to 1 class path change (0 additions, 0 deletions, 1 modification) 
2025-03-28T13:09:18.478 [Thread-19] INFO o.s.b.w.e.t.GracefulShutdown - Commencing graceful shutdown. Waiting for active requests to complete 
2025-03-28T13:09:18.479 [tomcat-shutdown] INFO o.a.c.h.Http11NioProtocol - Pausing ProtocolHandler ["http-nio-8080"] 
2025-03-28T13:09:18.480 [tomcat-shutdown] INFO o.s.b.w.e.t.GracefulShutdown - Graceful shutdown complete 
2025-03-28T13:09:18.481 [Thread-19] INFO o.a.c.h.Http11NioProtocol - Stopping ProtocolHandler ["http-nio-8080"] 
2025-03-28T13:09:18.483 [Thread-19] INFO c.z.h.HikariDataSource - HikariPool-5 - Shutdown initiated... 
2025-03-28T13:09:18.485 [Thread-19] INFO c.z.h.HikariDataSource - HikariPool-5 - Shutdown completed. 
2025-03-28T13:09:18.539 [restartedMain] INFO c.a.ZipApplication - Starting ZipApplication using Java 21.0.5 with PID 12212 (C:\factory\ws_sts4_4270\repo_zip\zip\bin\main started by user in C:\factory\ws_sts4_4270\repo_zip\zip) 
2025-03-28T13:09:18.539 [restartedMain] INFO c.a.ZipApplication - No active profile set, falling back to 1 default profile: "default" 
2025-03-28T13:09:18.652 [restartedMain] INFO o.s.b.w.e.t.TomcatWebServer - Tomcat initialized with port 8080 (http) 
2025-03-28T13:09:18.652 [restartedMain] INFO o.a.c.h.Http11NioProtocol - Initializing ProtocolHandler ["http-nio-8080"] 
2025-03-28T13:09:18.653 [restartedMain] INFO o.a.c.c.StandardService - Starting service [Tomcat] 
2025-03-28T13:09:18.653 [restartedMain] INFO o.a.c.c.StandardEngine - Starting Servlet engine: [Apache Tomcat/10.1.36] 
2025-03-28T13:09:18.659 [restartedMain] INFO o.a.c.c.C.[.[.[/] - Initializing Spring embedded WebApplicationContext 
2025-03-28T13:09:18.659 [restartedMain] INFO o.s.b.w.s.c.ServletWebServerApplicationContext - Root WebApplicationContext: initialization completed in 118 ms 
2025-03-28T13:09:18.692 [restartedMain] INFO c.z.h.HikariDataSource - HikariPool-6 - Starting... 
2025-03-28T13:09:18.699 [restartedMain] INFO c.z.h.p.HikariPool - HikariPool-6 - Added connection net.sf.log4jdbc.sql.jdbcapi.ConnectionSpy@40d2ec27 
2025-03-28T13:09:18.699 [restartedMain] INFO c.z.h.HikariDataSource - HikariPool-6 - Start completed. 
2025-03-28T13:09:18.700 [restartedMain] DEBUG j.sqltiming -  com.zaxxer.hikari.pool.ProxyPreparedStatement.execute(ProxyPreparedStatement.java:44)
51. SELECT 
			ifcdSeq
			, ifcdName
			, ifcgSeq
		FROM
			code
		WHERE 1=1
			AND ifcdDelNy = 0
		    AND ifcdUseNy = 1
 {executed in 0 msec} 
2025-03-28T13:09:18.752 [restartedMain] INFO o.s.b.d.a.OptionalLiveReloadServer - LiveReload server is running on port 35729 
2025-03-28T13:09:18.755 [restartedMain] INFO o.a.c.h.Http11NioProtocol - Starting ProtocolHandler ["http-nio-8080"] 
2025-03-28T13:09:18.757 [restartedMain] INFO o.s.b.w.e.t.TomcatWebServer - Tomcat started on port 8080 (http) with context path '/' 
2025-03-28T13:09:18.758 [restartedMain] INFO c.a.ZipApplication - Started ZipApplication in 0.235 seconds (process running for 1084.097) 
2025-03-28T13:09:18.758 [restartedMain] INFO o.s.b.d.a.ConditionEvaluationDeltaLoggingListener - Condition evaluation unchanged 
2025-03-28T13:09:19.544 [http-nio-8080-exec-1] INFO o.a.c.c.C.[.[.[/] - Initializing Spring DispatcherServlet 'dispatcherServlet' 
2025-03-28T13:09:19.544 [http-nio-8080-exec-1] INFO o.s.w.s.DispatcherServlet - Initializing Servlet 'dispatcherServlet' 
2025-03-28T13:09:19.545 [http-nio-8080-exec-1] INFO o.s.w.s.DispatcherServlet - Completed initialization in 1 ms 
2025-03-28T13:11:28.386 [File Watcher] INFO o.s.b.d.a.LocalDevToolsAutoConfiguration$RestartingClassPathChangeChangedEventListener - Restarting due to 1 class path change (0 additions, 0 deletions, 1 modification) 
2025-03-28T13:11:28.387 [Thread-23] INFO o.s.b.w.e.t.GracefulShutdown - Commencing graceful shutdown. Waiting for active requests to complete 
2025-03-28T13:11:28.388 [tomcat-shutdown] INFO o.a.c.h.Http11NioProtocol - Pausing ProtocolHandler ["http-nio-8080"] 
2025-03-28T13:11:28.390 [tomcat-shutdown] INFO o.s.b.w.e.t.GracefulShutdown - Graceful shutdown complete 
2025-03-28T13:11:28.390 [Thread-23] INFO o.a.c.h.Http11NioProtocol - Stopping ProtocolHandler ["http-nio-8080"] 
2025-03-28T13:11:28.392 [Thread-23] INFO c.z.h.HikariDataSource - HikariPool-6 - Shutdown initiated... 
2025-03-28T13:11:28.394 [Thread-23] INFO c.z.h.HikariDataSource - HikariPool-6 - Shutdown completed. 
2025-03-28T13:11:28.447 [restartedMain] INFO c.a.ZipApplication - Starting ZipApplication using Java 21.0.5 with PID 12212 (C:\factory\ws_sts4_4270\repo_zip\zip\bin\main started by user in C:\factory\ws_sts4_4270\repo_zip\zip) 
2025-03-28T13:11:28.448 [restartedMain] INFO c.a.ZipApplication - No active profile set, falling back to 1 default profile: "default" 
2025-03-28T13:11:28.572 [restartedMain] INFO o.s.b.w.e.t.TomcatWebServer - Tomcat initialized with port 8080 (http) 
2025-03-28T13:11:28.573 [restartedMain] INFO o.a.c.h.Http11NioProtocol - Initializing ProtocolHandler ["http-nio-8080"] 
2025-03-28T13:11:28.573 [restartedMain] INFO o.a.c.c.StandardService - Starting service [Tomcat] 
2025-03-28T13:11:28.573 [restartedMain] INFO o.a.c.c.StandardEngine - Starting Servlet engine: [Apache Tomcat/10.1.36] 
2025-03-28T13:11:28.579 [restartedMain] INFO o.a.c.c.C.[.[.[/] - Initializing Spring embedded WebApplicationContext 
2025-03-28T13:11:28.580 [restartedMain] INFO o.s.b.w.s.c.ServletWebServerApplicationContext - Root WebApplicationContext: initialization completed in 131 ms 
2025-03-28T13:11:28.613 [restartedMain] INFO c.z.h.HikariDataSource - HikariPool-7 - Starting... 
2025-03-28T13:11:28.621 [restartedMain] INFO c.z.h.p.HikariPool - HikariPool-7 - Added connection net.sf.log4jdbc.sql.jdbcapi.ConnectionSpy@3f7dfed6 
2025-03-28T13:11:28.621 [restartedMain] INFO c.z.h.HikariDataSource - HikariPool-7 - Start completed. 
2025-03-28T13:11:28.622 [restartedMain] DEBUG j.sqltiming -  com.zaxxer.hikari.pool.ProxyPreparedStatement.execute(ProxyPreparedStatement.java:44)
61. SELECT 
			ifcdSeq
			, ifcdName
			, ifcgSeq
		FROM
			code
		WHERE 1=1
			AND ifcdDelNy = 0
		    AND ifcdUseNy = 1
 {executed in 0 msec} 
2025-03-28T13:11:28.686 [restartedMain] INFO o.s.b.d.a.OptionalLiveReloadServer - LiveReload server is running on port 35729 
2025-03-28T13:11:28.689 [restartedMain] INFO o.a.c.h.Http11NioProtocol - Starting ProtocolHandler ["http-nio-8080"] 
2025-03-28T13:11:28.691 [restartedMain] INFO o.s.b.w.e.t.TomcatWebServer - Tomcat started on port 8080 (http) with context path '/' 
2025-03-28T13:11:28.692 [restartedMain] INFO c.a.ZipApplication - Started ZipApplication in 0.262 seconds (process running for 1214.032) 
2025-03-28T13:11:28.693 [restartedMain] INFO o.s.b.d.a.ConditionEvaluationDeltaLoggingListener - Condition evaluation unchanged 
2025-03-28T13:11:30.799 [http-nio-8080-exec-2] INFO o.a.c.c.C.[.[.[/] - Initializing Spring DispatcherServlet 'dispatcherServlet' 
2025-03-28T13:11:30.799 [http-nio-8080-exec-2] INFO o.s.w.s.DispatcherServlet - Initializing Servlet 'dispatcherServlet' 
2025-03-28T13:11:30.800 [http-nio-8080-exec-2] INFO o.s.w.s.DispatcherServlet - Completed initialization in 1 ms 
2025-03-28T13:11:32.093 [http-nio-8080-exec-3] DEBUG j.sqltiming -  com.zaxxer.hikari.pool.ProxyPreparedStatement.execute(ProxyPreparedStatement.java:44)
61. SELECT
			a.seq,
			a.email,
			a.passWord
		FROM
			userUi a
		WHERE 1=1
			AND a.email = 'hello@example.com'
			 AND a.passWord = 'Password'
 {executed in 0 msec} 
2025-03-28T13:11:32.110 [http-nio-8080-exec-2] DEBUG j.sqltiming -  com.zaxxer.hikari.pool.ProxyPreparedStatement.execute(ProxyPreparedStatement.java:44)
61. SELECT COUNT(*)

		FROM userUi as a
		WHERE 1=1

		ORDER BY a.seq DESC
 {executed in 1 msec} 
2025-03-28T13:11:32.112 [http-nio-8080-exec-2] DEBUG j.sqltiming -  com.zaxxer.hikari.pool.ProxyPreparedStatement.execute(ProxyPreparedStatement.java:44)
61. SELECT aa.* FROM (
			SELECT
				a.seq,

			    a.name,
			    a.gender,
			    a.btd,
			    a.email,
			    a.passWord,
			    a.price,
			    a.score,
			    a.delNy,
			    a.admSignin,
			    a.mobileCarrier

		FROM userUi as a
		WHERE 1=1

		ORDER BY a.seq DESC

		) aa
		limit 5 offset 0
 {executed in 0 msec} 
2025-03-28T13:11:47.920 [http-nio-8080-exec-8] DEBUG j.sqltiming -  com.zaxxer.hikari.pool.ProxyPreparedStatement.execute(ProxyPreparedStatement.java:44)
61. SELECT COUNT(*)

		FROM userUi as a
		WHERE 1=1

		ORDER BY a.seq DESC
 {executed in 1 msec} 
2025-03-28T13:11:47.921 [http-nio-8080-exec-8] DEBUG j.sqltiming -  com.zaxxer.hikari.pool.ProxyPreparedStatement.execute(ProxyPreparedStatement.java:44)
61. SELECT aa.* FROM (
			SELECT
				a.seq,

			    a.name,
			    a.gender,
			    a.btd,
			    a.email,
			    a.passWord,
			    a.price,
			    a.score,
			    a.delNy,
			    a.admSignin,
			    a.mobileCarrier

		FROM userUi as a
		WHERE 1=1

		ORDER BY a.seq DESC

		) aa
		limit 5 offset 0
 {executed in 0 msec} 
2025-03-28T13:11:57.631 [File Watcher] INFO o.s.b.d.a.LocalDevToolsAutoConfiguration$RestartingClassPathChangeChangedEventListener - Restarting due to 1 class path change (0 additions, 0 deletions, 1 modification) 
2025-03-28T13:11:57.632 [Thread-27] INFO o.s.b.w.e.t.GracefulShutdown - Commencing graceful shutdown. Waiting for active requests to complete 
2025-03-28T13:11:57.633 [tomcat-shutdown] INFO o.a.c.h.Http11NioProtocol - Pausing ProtocolHandler ["http-nio-8080"] 
2025-03-28T13:11:57.634 [tomcat-shutdown] INFO o.s.b.w.e.t.GracefulShutdown - Graceful shutdown complete 
2025-03-28T13:11:57.635 [Thread-27] INFO o.a.c.h.Http11NioProtocol - Stopping ProtocolHandler ["http-nio-8080"] 
2025-03-28T13:11:57.636 [Thread-27] INFO c.z.h.HikariDataSource - HikariPool-7 - Shutdown initiated... 
2025-03-28T13:11:57.638 [Thread-27] INFO c.z.h.HikariDataSource - HikariPool-7 - Shutdown completed. 
2025-03-28T13:11:57.688 [restartedMain] INFO c.a.ZipApplication - Starting ZipApplication using Java 21.0.5 with PID 12212 (C:\factory\ws_sts4_4270\repo_zip\zip\bin\main started by user in C:\factory\ws_sts4_4270\repo_zip\zip) 
2025-03-28T13:11:57.688 [restartedMain] INFO c.a.ZipApplication - No active profile set, falling back to 1 default profile: "default" 
2025-03-28T13:11:57.800 [restartedMain] INFO o.s.b.w.e.t.TomcatWebServer - Tomcat initialized with port 8080 (http) 
2025-03-28T13:11:57.801 [restartedMain] INFO o.a.c.h.Http11NioProtocol - Initializing ProtocolHandler ["http-nio-8080"] 
2025-03-28T13:11:57.801 [restartedMain] INFO o.a.c.c.StandardService - Starting service [Tomcat] 
2025-03-28T13:11:57.801 [restartedMain] INFO o.a.c.c.StandardEngine - Starting Servlet engine: [Apache Tomcat/10.1.36] 
2025-03-28T13:11:57.807 [restartedMain] INFO o.a.c.c.C.[.[.[/] - Initializing Spring embedded WebApplicationContext 
2025-03-28T13:11:57.807 [restartedMain] INFO o.s.b.w.s.c.ServletWebServerApplicationContext - Root WebApplicationContext: initialization completed in 118 ms 
2025-03-28T13:11:57.854 [restartedMain] INFO c.z.h.HikariDataSource - HikariPool-8 - Starting... 
2025-03-28T13:11:57.861 [restartedMain] INFO c.z.h.p.HikariPool - HikariPool-8 - Added connection net.sf.log4jdbc.sql.jdbcapi.ConnectionSpy@5babf08f 
2025-03-28T13:11:57.861 [restartedMain] INFO c.z.h.HikariDataSource - HikariPool-8 - Start completed. 
2025-03-28T13:11:57.862 [restartedMain] DEBUG j.sqltiming -  com.zaxxer.hikari.pool.ProxyPreparedStatement.execute(ProxyPreparedStatement.java:44)
71. SELECT 
			ifcdSeq
			, ifcdName
			, ifcgSeq
		FROM
			code
		WHERE 1=1
			AND ifcdDelNy = 0
		    AND ifcdUseNy = 1
 {executed in 0 msec} 
2025-03-28T13:11:57.910 [restartedMain] INFO o.s.b.d.a.OptionalLiveReloadServer - LiveReload server is running on port 35729 
2025-03-28T13:11:57.914 [restartedMain] INFO o.a.c.h.Http11NioProtocol - Starting ProtocolHandler ["http-nio-8080"] 
2025-03-28T13:11:57.915 [restartedMain] INFO o.s.b.w.e.t.TomcatWebServer - Tomcat started on port 8080 (http) with context path '/' 
2025-03-28T13:11:57.917 [restartedMain] INFO c.a.ZipApplication - Started ZipApplication in 0.243 seconds (process running for 1243.257) 
2025-03-28T13:11:57.918 [restartedMain] INFO o.s.b.d.a.ConditionEvaluationDeltaLoggingListener - Condition evaluation unchanged 
2025-03-28T13:11:59.309 [http-nio-8080-exec-1] INFO o.a.c.c.C.[.[.[/] - Initializing Spring DispatcherServlet 'dispatcherServlet' 
2025-03-28T13:11:59.309 [http-nio-8080-exec-1] INFO o.s.w.s.DispatcherServlet - Initializing Servlet 'dispatcherServlet' 
2025-03-28T13:11:59.309 [http-nio-8080-exec-1] INFO o.s.w.s.DispatcherServlet - Completed initialization in 0 ms 
