2025-03-22T22:37:01.895 [restartedMain] INFO c.a.ZipApplication - Starting ZipApplication using Java 21.0.5 with PID 23324 (C:\factory\ws_sts4_4270\repo_zip\zip\bin\main started by user in C:\factory\ws_sts4_4270\repo_zip\zip) 
2025-03-22T22:37:01.897 [restartedMain] INFO c.a.ZipApplication - No active profile set, falling back to 1 default profile: "default" 
2025-03-22T22:37:01.929 [restartedMain] INFO o.s.b.d.e.DevToolsPropertyDefaultsPostProcessor - Devtools property defaults active! Set 'spring.devtools.add-properties' to 'false' to disable 
2025-03-22T22:37:01.929 [restartedMain] INFO o.s.b.d.e.DevToolsPropertyDefaultsPostProcessor - For additional web related logging consider setting the 'logging.level.web' property to 'DEBUG' 
2025-03-22T22:37:02.798 [restartedMain] INFO o.s.b.w.e.t.TomcatWebServer - Tomcat initialized with port 8080 (http) 
2025-03-22T22:37:02.807 [restartedMain] INFO o.a.c.h.Http11NioProtocol - Initializing ProtocolHandler ["http-nio-8080"] 
2025-03-22T22:37:02.809 [restartedMain] INFO o.a.c.c.StandardService - Starting service [Tomcat] 
2025-03-22T22:37:02.809 [restartedMain] INFO o.a.c.c.StandardEngine - Starting Servlet engine: [Apache Tomcat/10.1.36] 
2025-03-22T22:37:02.868 [restartedMain] INFO o.a.c.c.C.[.[.[/] - Initializing Spring embedded WebApplicationContext 
2025-03-22T22:37:02.868 [restartedMain] INFO o.s.b.w.s.c.ServletWebServerApplicationContext - Root WebApplicationContext: initialization completed in 938 ms 
2025-03-22T22:37:04.279 [restartedMain] INFO o.s.b.d.a.OptionalLiveReloadServer - LiveReload server is running on port 35729 
2025-03-22T22:37:04.296 [restartedMain] INFO o.a.c.h.Http11NioProtocol - Starting ProtocolHandler ["http-nio-8080"] 
2025-03-22T22:37:04.308 [restartedMain] INFO o.s.b.w.e.t.TomcatWebServer - Tomcat started on port 8080 (http) with context path '/' 
2025-03-22T22:37:04.315 [restartedMain] INFO c.a.ZipApplication - Started ZipApplication in 2.755 seconds (process running for 3.724) 
2025-03-22T22:37:12.313 [http-nio-8080-exec-2] INFO o.a.c.c.C.[.[.[/] - Initializing Spring DispatcherServlet 'dispatcherServlet' 
2025-03-22T22:37:12.313 [http-nio-8080-exec-2] INFO o.s.w.s.DispatcherServlet - Initializing Servlet 'dispatcherServlet' 
2025-03-22T22:37:12.314 [http-nio-8080-exec-2] INFO o.s.w.s.DispatcherServlet - Completed initialization in 1 ms 
2025-03-22T22:45:13.450 [http-nio-8080-exec-2] INFO c.z.h.HikariDataSource - HikariPool-1 - Starting... 
2025-03-22T22:45:13.835 [http-nio-8080-exec-2] INFO c.z.h.p.HikariPool - HikariPool-1 - Added connection net.sf.log4jdbc.sql.jdbcapi.ConnectionSpy@24e54b54 
2025-03-22T22:45:13.837 [http-nio-8080-exec-2] INFO c.z.h.HikariDataSource - HikariPool-1 - Start completed. 
2025-03-22T22:45:13.869 [http-nio-8080-exec-2] DEBUG j.sqltiming -  com.zaxxer.hikari.pool.ProxyPreparedStatement.execute(ProxyPreparedStatement.java:44)
1. SELECT COUNT(*)

		FROM code as a
		LEFT JOIN codeGroup b ON b.ifcgSeq = a.ifcgSeq
		WHERE 1=1
		ORDER BY a.ifcgSeq DESC
 {executed in 11 msec} 
2025-03-22T22:45:13.900 [http-nio-8080-exec-2] DEBUG j.sqltiming -  com.zaxxer.hikari.pool.ProxyPreparedStatement.execute(ProxyPreparedStatement.java:44)
1. SELECT aa.* FROM (
			SELECT
				a.ifcdSeq,
			    a.ifcdName,
			    a.ifcdDelNy,
			    b.ifcgSeq,
			    b.ifcgName

		FROM code as a
		LEFT JOIN codeGroup b ON b.ifcgSeq = a.ifcgSeq
		WHERE 1=1
		ORDER BY a.ifcgSeq DESC

		) aa
		limit 5 offset 0
 {executed in 2 msec} 
2025-03-22T22:45:18.197 [http-nio-8080-exec-5] DEBUG j.sqltiming -  com.zaxxer.hikari.pool.ProxyPreparedStatement.execute(ProxyPreparedStatement.java:44)
1. SELECT COUNT(*)

		FROM code as a
		LEFT JOIN codeGroup b ON b.ifcgSeq = a.ifcgSeq
		WHERE 1=1
		ORDER BY a.ifcgSeq DESC
 {executed in 2 msec} 
2025-03-22T22:45:18.203 [http-nio-8080-exec-5] DEBUG j.sqltiming -  com.zaxxer.hikari.pool.ProxyPreparedStatement.execute(ProxyPreparedStatement.java:44)
1. SELECT aa.* FROM (
			SELECT
				a.ifcdSeq,
			    a.ifcdName,
			    a.ifcdDelNy,
			    b.ifcgSeq,
			    b.ifcgName

		FROM code as a
		LEFT JOIN codeGroup b ON b.ifcgSeq = a.ifcgSeq
		WHERE 1=1
		ORDER BY a.ifcgSeq DESC

		) aa
		limit 5 offset 5
 {executed in 3 msec} 
2025-03-22T22:45:22.707 [http-nio-8080-exec-4] DEBUG j.sqltiming -  com.zaxxer.hikari.pool.ProxyPreparedStatement.execute(ProxyPreparedStatement.java:44)
1. SELECT COUNT(*)

		FROM code as a
		LEFT JOIN codeGroup b ON b.ifcgSeq = a.ifcgSeq
		WHERE 1=1
		ORDER BY a.ifcgSeq DESC
 {executed in 3 msec} 
2025-03-22T22:45:22.712 [http-nio-8080-exec-4] DEBUG j.sqltiming -  com.zaxxer.hikari.pool.ProxyPreparedStatement.execute(ProxyPreparedStatement.java:44)
1. SELECT aa.* FROM (
			SELECT
				a.ifcdSeq,
			    a.ifcdName,
			    a.ifcdDelNy,
			    b.ifcgSeq,
			    b.ifcgName

		FROM code as a
		LEFT JOIN codeGroup b ON b.ifcgSeq = a.ifcgSeq
		WHERE 1=1
		ORDER BY a.ifcgSeq DESC

		) aa
		limit 5 offset 0
 {executed in 2 msec} 
2025-03-22T22:45:24.306 [http-nio-8080-exec-4] DEBUG j.sqltiming -  com.zaxxer.hikari.pool.ProxyPreparedStatement.execute(ProxyPreparedStatement.java:44)
1. SELECT COUNT(*)

		FROM code as a
		LEFT JOIN codeGroup b ON b.ifcgSeq = a.ifcgSeq
		WHERE 1=1
		ORDER BY a.ifcgSeq DESC
 {executed in 2 msec} 
2025-03-22T22:45:24.311 [http-nio-8080-exec-4] DEBUG j.sqltiming -  com.zaxxer.hikari.pool.ProxyPreparedStatement.execute(ProxyPreparedStatement.java:44)
1. SELECT aa.* FROM (
			SELECT
				a.ifcdSeq,
			    a.ifcdName,
			    a.ifcdDelNy,
			    b.ifcgSeq,
			    b.ifcgName

		FROM code as a
		LEFT JOIN codeGroup b ON b.ifcgSeq = a.ifcgSeq
		WHERE 1=1
		ORDER BY a.ifcgSeq DESC

		) aa
		limit 5 offset 5
 {executed in 2 msec} 
2025-03-22T22:45:25.969 [http-nio-8080-exec-8] DEBUG j.sqltiming -  com.zaxxer.hikari.pool.ProxyPreparedStatement.execute(ProxyPreparedStatement.java:44)
1. SELECT COUNT(*)

		FROM code as a
		LEFT JOIN codeGroup b ON b.ifcgSeq = a.ifcgSeq
		WHERE 1=1
		ORDER BY a.ifcgSeq DESC
 {executed in 3 msec} 
2025-03-22T22:45:25.975 [http-nio-8080-exec-8] DEBUG j.sqltiming -  com.zaxxer.hikari.pool.ProxyPreparedStatement.execute(ProxyPreparedStatement.java:44)
1. SELECT aa.* FROM (
			SELECT
				a.ifcdSeq,
			    a.ifcdName,
			    a.ifcdDelNy,
			    b.ifcgSeq,
			    b.ifcgName

		FROM code as a
		LEFT JOIN codeGroup b ON b.ifcgSeq = a.ifcgSeq
		WHERE 1=1
		ORDER BY a.ifcgSeq DESC

		) aa
		limit 5 offset 10
 {executed in 3 msec} 
2025-03-22T22:45:27.189 [http-nio-8080-exec-2] DEBUG j.sqltiming -  com.zaxxer.hikari.pool.ProxyPreparedStatement.execute(ProxyPreparedStatement.java:44)
1. SELECT COUNT(*)

		FROM code as a
		LEFT JOIN codeGroup b ON b.ifcgSeq = a.ifcgSeq
		WHERE 1=1
		ORDER BY a.ifcgSeq DESC
 {executed in 2 msec} 
2025-03-22T22:45:27.197 [http-nio-8080-exec-2] DEBUG j.sqltiming -  com.zaxxer.hikari.pool.ProxyPreparedStatement.execute(ProxyPreparedStatement.java:44)
1. SELECT aa.* FROM (
			SELECT
				a.ifcdSeq,
			    a.ifcdName,
			    a.ifcdDelNy,
			    b.ifcgSeq,
			    b.ifcgName

		FROM code as a
		LEFT JOIN codeGroup b ON b.ifcgSeq = a.ifcgSeq
		WHERE 1=1
		ORDER BY a.ifcgSeq DESC

		) aa
		limit 5 offset 5
 {executed in 1 msec} 
2025-03-22T22:45:31.935 [http-nio-8080-exec-7] DEBUG j.sqltiming -  com.zaxxer.hikari.pool.ProxyPreparedStatement.execute(ProxyPreparedStatement.java:44)
1. SELECT COUNT(*)

		FROM code as a
		LEFT JOIN codeGroup b ON b.ifcgSeq = a.ifcgSeq
		WHERE 1=1
		ORDER BY a.ifcgSeq DESC
 {executed in 3 msec} 
2025-03-22T22:45:31.941 [http-nio-8080-exec-7] DEBUG j.sqltiming -  com.zaxxer.hikari.pool.ProxyPreparedStatement.execute(ProxyPreparedStatement.java:44)
1. SELECT aa.* FROM (
			SELECT
				a.ifcdSeq,
			    a.ifcdName,
			    a.ifcdDelNy,
			    b.ifcgSeq,
			    b.ifcgName

		FROM code as a
		LEFT JOIN codeGroup b ON b.ifcgSeq = a.ifcgSeq
		WHERE 1=1
		ORDER BY a.ifcgSeq DESC

		) aa
		limit 5 offset 0
 {executed in 3 msec} 
2025-03-22T22:45:33.601 [http-nio-8080-exec-9] DEBUG j.sqltiming -  com.zaxxer.hikari.pool.ProxyPreparedStatement.execute(ProxyPreparedStatement.java:44)
1. SELECT COUNT(*)

		FROM code as a
		LEFT JOIN codeGroup b ON b.ifcgSeq = a.ifcgSeq
		WHERE 1=1
		ORDER BY a.ifcgSeq DESC
 {executed in 3 msec} 
2025-03-22T22:45:33.606 [http-nio-8080-exec-9] DEBUG j.sqltiming -  com.zaxxer.hikari.pool.ProxyPreparedStatement.execute(ProxyPreparedStatement.java:44)
1. SELECT aa.* FROM (
			SELECT
				a.ifcdSeq,
			    a.ifcdName,
			    a.ifcdDelNy,
			    b.ifcgSeq,
			    b.ifcgName

		FROM code as a
		LEFT JOIN codeGroup b ON b.ifcgSeq = a.ifcgSeq
		WHERE 1=1
		ORDER BY a.ifcgSeq DESC

		) aa
		limit 5 offset 5
 {executed in 2 msec} 
