2025-04-06T16:52:04.278 [restartedMain] INFO c.a.ZipApplication - Starting ZipApplication using Java 21.0.5 with PID 8336 (C:\factory\ws_sts4_4270\repo_zip\zip\bin\main started by user in C:\factory\ws_sts4_4270\repo_zip\zip) 
2025-04-06T16:52:04.280 [restartedMain] INFO c.a.ZipApplication - No active profile set, falling back to 1 default profile: "default" 
2025-04-06T16:52:04.311 [restartedMain] INFO o.s.b.d.e.DevToolsPropertyDefaultsPostProcessor - Devtools property defaults active! Set 'spring.devtools.add-properties' to 'false' to disable 
2025-04-06T16:52:04.312 [restartedMain] INFO o.s.b.d.e.DevToolsPropertyDefaultsPostProcessor - For additional web related logging consider setting the 'logging.level.web' property to 'DEBUG' 
2025-04-06T16:52:05.315 [restartedMain] INFO o.s.b.w.e.t.TomcatWebServer - Tomcat initialized with port 8080 (http) 
2025-04-06T16:52:05.332 [restartedMain] INFO o.a.c.h.Http11NioProtocol - Initializing ProtocolHandler ["http-nio-8080"] 
2025-04-06T16:52:05.333 [restartedMain] INFO o.a.c.c.StandardService - Starting service [Tomcat] 
2025-04-06T16:52:05.334 [restartedMain] INFO o.a.c.c.StandardEngine - Starting Servlet engine: [Apache Tomcat/10.1.36] 
2025-04-06T16:52:05.378 [restartedMain] INFO o.a.c.c.C.[.[.[/] - Initializing Spring embedded WebApplicationContext 
2025-04-06T16:52:05.379 [restartedMain] INFO o.s.b.w.s.c.ServletWebServerApplicationContext - Root WebApplicationContext: initialization completed in 1067 ms 
2025-04-06T16:52:05.725 [restartedMain] INFO c.z.h.HikariDataSource - HikariPool-1 - Starting... 
2025-04-06T16:52:06.144 [restartedMain] INFO c.z.h.p.HikariPool - HikariPool-1 - Added connection net.sf.log4jdbc.sql.jdbcapi.ConnectionSpy@38edb1e8 
2025-04-06T16:52:06.146 [restartedMain] INFO c.z.h.HikariDataSource - HikariPool-1 - Start completed. 
2025-04-06T16:52:06.182 [restartedMain] DEBUG j.sqltiming -  com.zaxxer.hikari.pool.ProxyPreparedStatement.execute(ProxyPreparedStatement.java:44)
1. SELECT 
			ifcdSeq
			, ifcdName
			, ifcgSeq
		FROM
			code
		WHERE 1=1
			AND ifcdDelNy = 0
		    AND ifcdUseNy = 1
 {executed in 11 msec} 
2025-04-06T16:52:07.762 [restartedMain] INFO o.s.b.d.a.OptionalLiveReloadServer - LiveReload server is running on port 35729 
2025-04-06T16:52:07.784 [restartedMain] INFO o.a.c.h.Http11NioProtocol - Starting ProtocolHandler ["http-nio-8080"] 
2025-04-06T16:52:07.817 [restartedMain] INFO o.s.b.w.e.t.TomcatWebServer - Tomcat started on port 8080 (http) with context path '/' 
2025-04-06T16:52:07.829 [restartedMain] INFO c.a.ZipApplication - Started ZipApplication in 3.962 seconds (process running for 6.548) 
2025-04-06T16:52:08.111 [http-nio-8080-exec-1] INFO o.a.c.c.C.[.[.[/] - Initializing Spring DispatcherServlet 'dispatcherServlet' 
2025-04-06T16:52:08.112 [http-nio-8080-exec-1] INFO o.s.w.s.DispatcherServlet - Initializing Servlet 'dispatcherServlet' 
2025-04-06T16:52:08.112 [http-nio-8080-exec-1] INFO o.s.w.s.DispatcherServlet - Completed initialization in 0 ms 
2025-04-06T16:52:10.371 [http-nio-8080-exec-3] DEBUG j.sqltiming -  com.zaxxer.hikari.pool.ProxyPreparedStatement.execute(ProxyPreparedStatement.java:44)
1. SELECT
			a.seq,
			a.email,
			a.passWord,
			a.name
		FROM
			userUi a
		WHERE 1=1
			AND a.email = 'qwer@naver.com'
			 AND a.passWord = '1234'
 {executed in 1 msec} 
2025-04-06T16:52:15.551 [http-nio-8080-exec-5] DEBUG j.sqltiming -  com.zaxxer.hikari.pool.ProxyPreparedStatement.execute(ProxyPreparedStatement.java:44)
1. SELECT COUNT(*)

		FROM userUi as a
		WHERE 1=1

         AND a.delNy = 0 

		ORDER BY a.seq DESC
 {executed in 1 msec} 
2025-04-06T16:52:15.554 [http-nio-8080-exec-5] DEBUG j.sqltiming -  com.zaxxer.hikari.pool.ProxyPreparedStatement.execute(ProxyPreparedStatement.java:44)
1. SELECT aa.* FROM (
			SELECT
				a.seq,

			    a.name,
			    a.gender,
			    a.btd,
			    a.email,
			    a.passWord,
			    a.delNy,
			    a.admSignin,
			    a.mobileCarrier,
			    a.phoneNumber,
			    a.regDateTime,
			    a.modDateTime

		FROM userUi as a
		WHERE 1=1

         AND a.delNy = 0 

		ORDER BY a.seq DESC

		) aa
		limit 5 offset 0
 {executed in 2 msec} 
2025-04-06T16:52:26.319 [http-nio-8080-exec-4] DEBUG j.sqltiming -  com.zaxxer.hikari.pool.ProxyPreparedStatement.execute(ProxyPreparedStatement.java:44)
1. SELECT COUNT(*)

		FROM mealKit as a
		WHERE 1=1
		 AND a.mealUseNy = 1 
         AND a.mealDelNy = 0 

		ORDER BY a.seq DESC
 {executed in 3 msec} 
2025-04-06T16:52:26.331 [http-nio-8080-exec-4] DEBUG j.sqltiming -  com.zaxxer.hikari.pool.ProxyPreparedStatement.execute(ProxyPreparedStatement.java:44)
1. SELECT aa.* FROM (
			SELECT
				a.seq,
				a.brandName,
				a.mealKitName,
				a.stock,
				a.price,
				a.score,
				a.ingredient,
				a.mealDelNy,
				a.mealUseNy,
				a.mealRegDateTime,
				a.mealModDateTime

		FROM mealKit as a
		WHERE 1=1
		 AND a.mealUseNy = 1 
         AND a.mealDelNy = 0 

		ORDER BY a.seq DESC

		) aa
		limit 5 offset 0
 {executed in 7 msec} 
2025-04-06T16:52:57.643 [http-nio-8080-exec-7] DEBUG j.sqltiming -  com.zaxxer.hikari.pool.ProxyPreparedStatement.execute(ProxyPreparedStatement.java:44)
1. SELECT COUNT(*)

		FROM codeGroup as a
		WHERE 1=1
		 AND a.ifcgUseNy = 1 
         AND a.ifcgDelNy = 0 

		ORDER BY a.ifcgSeq DESC
 {executed in 3 msec} 
2025-04-06T16:52:57.651 [http-nio-8080-exec-7] DEBUG j.sqltiming -  com.zaxxer.hikari.pool.ProxyPreparedStatement.execute(ProxyPreparedStatement.java:44)
1. SELECT aa.* FROM (
			SELECT
				a.ifcgSeq,
			    a.ifcgName,
			    (select count(aa.ifcdSeq) from code aa 
			    	where 1=1 
			    		and aa.ifcdDelNy = 0
			    		and aa.ifcgSeq = a.ifcgSeq
			    ) as xifcdSeqCount,
			    a.ifcgDelNy,
			    a.ifcgUseNy,
			    a.ifcgRegDateTime,
			    a.ifcgModDateTime

		FROM codeGroup as a
		WHERE 1=1
		 AND a.ifcgUseNy = 1 
         AND a.ifcgDelNy = 0 

		ORDER BY a.ifcgSeq DESC

		) aa
		limit 5 offset 0
 {executed in 3 msec} 
2025-04-06T16:53:03.708 [http-nio-8080-exec-2] DEBUG j.sqltiming -  com.zaxxer.hikari.pool.ProxyPreparedStatement.execute(ProxyPreparedStatement.java:44)
1. SELECT COUNT(*)

		FROM codeGroup as a
		WHERE 1=1
		 AND a.ifcgUseNy = 1 
         AND a.ifcgDelNy = 0 

		ORDER BY a.ifcgSeq DESC
 {executed in 2 msec} 
2025-04-06T16:53:03.713 [http-nio-8080-exec-2] DEBUG j.sqltiming -  com.zaxxer.hikari.pool.ProxyPreparedStatement.execute(ProxyPreparedStatement.java:44)
1. SELECT aa.* FROM (
			SELECT
				a.ifcgSeq,
			    a.ifcgName,
			    (select count(aa.ifcdSeq) from code aa 
			    	where 1=1 
			    		and aa.ifcdDelNy = 0
			    		and aa.ifcgSeq = a.ifcgSeq
			    ) as xifcdSeqCount,
			    a.ifcgDelNy,
			    a.ifcgUseNy,
			    a.ifcgRegDateTime,
			    a.ifcgModDateTime

		FROM codeGroup as a
		WHERE 1=1
		 AND a.ifcgUseNy = 1 
         AND a.ifcgDelNy = 0 

		ORDER BY a.ifcgSeq DESC

		) aa
		limit 5 offset 5
 {executed in 2 msec} 
2025-04-06T16:53:06.474 [http-nio-8080-exec-2] DEBUG j.sqltiming -  com.zaxxer.hikari.pool.ProxyPreparedStatement.execute(ProxyPreparedStatement.java:44)
1. SELECT COUNT(*)

		FROM code as a
		LEFT JOIN
			codeGroup b
		ON
			a.ifcgSeq = b.ifcgSeq
		WHERE 1=1
		 AND a.ifcdUseNy = 1 
         AND a.ifcdDelNy = 0 

		ORDER BY a.ifcdSeq DESC
 {executed in 2 msec} 
2025-04-06T16:53:06.477 [http-nio-8080-exec-2] DEBUG j.sqltiming -  com.zaxxer.hikari.pool.ProxyPreparedStatement.execute(ProxyPreparedStatement.java:44)
1. SELECT aa.* FROM (
			SELECT
				a.ifcdSeq,
			    a.ifcdName,
			    a.ifcdDelNy,
			    a.ifcdUseNy,
			    a.ifcdRegDateTime,
			    a.ifcdModDateTime,
			    b.ifcgSeq,
			    b.ifcgName

		FROM code as a
		LEFT JOIN
			codeGroup b
		ON
			a.ifcgSeq = b.ifcgSeq
		WHERE 1=1
		 AND a.ifcdUseNy = 1 
         AND a.ifcdDelNy = 0 

		ORDER BY a.ifcdSeq DESC

		) aa
		limit 5 offset 0
 {executed in 1 msec} 
2025-04-06T16:53:11.134 [http-nio-8080-exec-2] DEBUG j.sqltiming -  com.zaxxer.hikari.pool.ProxyPreparedStatement.execute(ProxyPreparedStatement.java:44)
1. SELECT COUNT(*)

		FROM code as a
		LEFT JOIN
			codeGroup b
		ON
			a.ifcgSeq = b.ifcgSeq
		WHERE 1=1
		 AND a.ifcdUseNy = 1 
         AND a.ifcdDelNy = 0 

		ORDER BY a.ifcdSeq DESC
 {executed in 1 msec} 
2025-04-06T16:53:11.136 [http-nio-8080-exec-2] DEBUG j.sqltiming -  com.zaxxer.hikari.pool.ProxyPreparedStatement.execute(ProxyPreparedStatement.java:44)
1. SELECT aa.* FROM (
			SELECT
				a.ifcdSeq,
			    a.ifcdName,
			    a.ifcdDelNy,
			    a.ifcdUseNy,
			    a.ifcdRegDateTime,
			    a.ifcdModDateTime,
			    b.ifcgSeq,
			    b.ifcgName

		FROM code as a
		LEFT JOIN
			codeGroup b
		ON
			a.ifcgSeq = b.ifcgSeq
		WHERE 1=1
		 AND a.ifcdUseNy = 1 
         AND a.ifcdDelNy = 0 

		ORDER BY a.ifcdSeq DESC

		) aa
		limit 5 offset 5
 {executed in 1 msec} 
2025-04-06T16:53:13.419 [http-nio-8080-exec-2] DEBUG j.sqltiming -  com.zaxxer.hikari.pool.ProxyPreparedStatement.execute(ProxyPreparedStatement.java:44)
1. SELECT COUNT(*)

		FROM code as a
		LEFT JOIN
			codeGroup b
		ON
			a.ifcgSeq = b.ifcgSeq
		WHERE 1=1
		 AND a.ifcdUseNy = 1 
         AND a.ifcdDelNy = 0 

		ORDER BY a.ifcdSeq DESC
 {executed in 1 msec} 
2025-04-06T16:53:13.422 [http-nio-8080-exec-2] DEBUG j.sqltiming -  com.zaxxer.hikari.pool.ProxyPreparedStatement.execute(ProxyPreparedStatement.java:44)
1. SELECT aa.* FROM (
			SELECT
				a.ifcdSeq,
			    a.ifcdName,
			    a.ifcdDelNy,
			    a.ifcdUseNy,
			    a.ifcdRegDateTime,
			    a.ifcdModDateTime,
			    b.ifcgSeq,
			    b.ifcgName

		FROM code as a
		LEFT JOIN
			codeGroup b
		ON
			a.ifcgSeq = b.ifcgSeq
		WHERE 1=1
		 AND a.ifcdUseNy = 1 
         AND a.ifcdDelNy = 0 

		ORDER BY a.ifcdSeq DESC

		) aa
		limit 5 offset 10
 {executed in 1 msec} 
2025-04-06T16:53:19.915 [http-nio-8080-exec-8] DEBUG j.sqltiming -  com.zaxxer.hikari.pool.ProxyPreparedStatement.execute(ProxyPreparedStatement.java:44)
1. SELECT COUNT(*)

		FROM mealKit as a
		WHERE 1=1
		 AND a.mealUseNy = 1 
         AND a.mealDelNy = 0 

		ORDER BY a.seq DESC
 {executed in 2 msec} 
2025-04-06T16:53:19.919 [http-nio-8080-exec-8] DEBUG j.sqltiming -  com.zaxxer.hikari.pool.ProxyPreparedStatement.execute(ProxyPreparedStatement.java:44)
1. SELECT aa.* FROM (
			SELECT
				a.seq,
				a.brandName,
				a.mealKitName,
				a.stock,
				a.price,
				a.score,
				a.ingredient,
				a.mealDelNy,
				a.mealUseNy,
				a.mealRegDateTime,
				a.mealModDateTime

		FROM mealKit as a
		WHERE 1=1
		 AND a.mealUseNy = 1 
         AND a.mealDelNy = 0 

		ORDER BY a.seq DESC

		) aa
		limit 5 offset 0
 {executed in 2 msec} 
2025-04-06T16:54:48.830 [http-nio-8080-exec-6] DEBUG j.sqltiming -  com.zaxxer.hikari.pool.ProxyPreparedStatement.execute(ProxyPreparedStatement.java:44)
1. SELECT COUNT(*)

		FROM userUi as a
		WHERE 1=1

         AND a.delNy = 0 

		ORDER BY a.seq DESC
 {executed in 2 msec} 
2025-04-06T16:54:48.835 [http-nio-8080-exec-6] DEBUG j.sqltiming -  com.zaxxer.hikari.pool.ProxyPreparedStatement.execute(ProxyPreparedStatement.java:44)
1. SELECT aa.* FROM (
			SELECT
				a.seq,

			    a.name,
			    a.gender,
			    a.btd,
			    a.email,
			    a.passWord,
			    a.delNy,
			    a.admSignin,
			    a.mobileCarrier,
			    a.phoneNumber,
			    a.regDateTime,
			    a.modDateTime

		FROM userUi as a
		WHERE 1=1

         AND a.delNy = 0 

		ORDER BY a.seq DESC

		) aa
		limit 5 offset 0
 {executed in 1 msec} 
2025-04-06T16:56:28.922 [http-nio-8080-exec-7] DEBUG j.sqltiming -  com.zaxxer.hikari.pool.ProxyPreparedStatement.execute(ProxyPreparedStatement.java:44)
1. SELECT COUNT(*)

		FROM mealKit as a
		WHERE 1=1
		 AND a.mealUseNy = 1 
         AND a.mealDelNy = 0 

		ORDER BY a.seq DESC
 {executed in 3 msec} 
2025-04-06T16:56:28.928 [http-nio-8080-exec-7] DEBUG j.sqltiming -  com.zaxxer.hikari.pool.ProxyPreparedStatement.execute(ProxyPreparedStatement.java:44)
1. SELECT aa.* FROM (
			SELECT
				a.seq,
				a.brandName,
				a.mealKitName,
				a.stock,
				a.price,
				a.score,
				a.ingredient,
				a.mealDelNy,
				a.mealUseNy,
				a.mealRegDateTime,
				a.mealModDateTime

		FROM mealKit as a
		WHERE 1=1
		 AND a.mealUseNy = 1 
         AND a.mealDelNy = 0 

		ORDER BY a.seq DESC

		) aa
		limit 5 offset 0
 {executed in 2 msec} 
2025-04-06T16:56:33.837 [http-nio-8080-exec-2] DEBUG j.sqltiming -  com.zaxxer.hikari.pool.ProxyPreparedStatement.execute(ProxyPreparedStatement.java:44)
1. SELECT COUNT(*)

		FROM mealKit as a
		WHERE 1=1
		 AND a.mealUseNy = 1 
         AND a.mealDelNy = 0 

	        AND a.brandName = 10

		ORDER BY a.seq DESC
 {executed in 1 msec} 
2025-04-06T16:56:33.842 [http-nio-8080-exec-2] DEBUG j.sqltiming -  com.zaxxer.hikari.pool.ProxyPreparedStatement.execute(ProxyPreparedStatement.java:44)
1. SELECT aa.* FROM (
			SELECT
				a.seq,
				a.brandName,
				a.mealKitName,
				a.stock,
				a.price,
				a.score,
				a.ingredient,
				a.mealDelNy,
				a.mealUseNy,
				a.mealRegDateTime,
				a.mealModDateTime

		FROM mealKit as a
		WHERE 1=1
		 AND a.mealUseNy = 1 
         AND a.mealDelNy = 0 

	        AND a.brandName = 10

		ORDER BY a.seq DESC

		) aa
		limit 5 offset 0
 {executed in 1 msec} 
2025-04-06T16:56:44.535 [http-nio-8080-exec-2] DEBUG j.sqltiming -  com.zaxxer.hikari.pool.ProxyPreparedStatement.execute(ProxyPreparedStatement.java:44)
1. SELECT COUNT(*)

		FROM userUi as a
		WHERE 1=1

         AND a.delNy = 0 

		ORDER BY a.seq DESC
 {executed in 3 msec} 
2025-04-06T16:56:44.540 [http-nio-8080-exec-2] DEBUG j.sqltiming -  com.zaxxer.hikari.pool.ProxyPreparedStatement.execute(ProxyPreparedStatement.java:44)
1. SELECT aa.* FROM (
			SELECT
				a.seq,

			    a.name,
			    a.gender,
			    a.btd,
			    a.email,
			    a.passWord,
			    a.delNy,
			    a.admSignin,
			    a.mobileCarrier,
			    a.phoneNumber,
			    a.regDateTime,
			    a.modDateTime

		FROM userUi as a
		WHERE 1=1

         AND a.delNy = 0 

		ORDER BY a.seq DESC

		) aa
		limit 5 offset 0
 {executed in 2 msec} 
2025-04-06T16:59:47.301 [File Watcher] INFO o.s.b.d.a.LocalDevToolsAutoConfiguration$RestartingClassPathChangeChangedEventListener - Restarting due to 1 class path change (0 additions, 0 deletions, 1 modification) 
2025-04-06T16:59:47.310 [Thread-5] INFO o.s.b.w.e.t.GracefulShutdown - Commencing graceful shutdown. Waiting for active requests to complete 
2025-04-06T16:59:47.312 [tomcat-shutdown] INFO o.a.c.h.Http11NioProtocol - Pausing ProtocolHandler ["http-nio-8080"] 
2025-04-06T16:59:47.316 [tomcat-shutdown] INFO o.s.b.w.e.t.GracefulShutdown - Graceful shutdown complete 
2025-04-06T16:59:47.317 [Thread-5] INFO o.a.c.h.Http11NioProtocol - Stopping ProtocolHandler ["http-nio-8080"] 
2025-04-06T16:59:47.323 [Thread-5] INFO c.z.h.HikariDataSource - HikariPool-1 - Shutdown initiated... 
2025-04-06T16:59:47.340 [Thread-5] INFO c.z.h.HikariDataSource - HikariPool-1 - Shutdown completed. 
2025-04-06T16:59:47.596 [restartedMain] INFO c.a.ZipApplication - Starting ZipApplication using Java 21.0.5 with PID 8336 (C:\factory\ws_sts4_4270\repo_zip\zip\bin\main started by user in C:\factory\ws_sts4_4270\repo_zip\zip) 
2025-04-06T16:59:47.596 [restartedMain] INFO c.a.ZipApplication - No active profile set, falling back to 1 default profile: "default" 
2025-04-06T16:59:47.895 [restartedMain] INFO o.s.b.w.e.t.TomcatWebServer - Tomcat initialized with port 8080 (http) 
2025-04-06T16:59:47.896 [restartedMain] INFO o.a.c.h.Http11NioProtocol - Initializing ProtocolHandler ["http-nio-8080"] 
2025-04-06T16:59:47.897 [restartedMain] INFO o.a.c.c.StandardService - Starting service [Tomcat] 
2025-04-06T16:59:47.897 [restartedMain] INFO o.a.c.c.StandardEngine - Starting Servlet engine: [Apache Tomcat/10.1.36] 
2025-04-06T16:59:47.918 [restartedMain] INFO o.a.c.c.C.[.[.[/] - Initializing Spring embedded WebApplicationContext 
2025-04-06T16:59:47.918 [restartedMain] INFO o.s.b.w.s.c.ServletWebServerApplicationContext - Root WebApplicationContext: initialization completed in 315 ms 
2025-04-06T16:59:48.036 [restartedMain] INFO c.z.h.HikariDataSource - HikariPool-2 - Starting... 
2025-04-06T16:59:48.060 [restartedMain] INFO c.z.h.p.HikariPool - HikariPool-2 - Added connection net.sf.log4jdbc.sql.jdbcapi.ConnectionSpy@6f19aca4 
2025-04-06T16:59:48.061 [restartedMain] INFO c.z.h.HikariDataSource - HikariPool-2 - Start completed. 
2025-04-06T16:59:48.063 [restartedMain] DEBUG j.sqltiming -  com.zaxxer.hikari.pool.ProxyPreparedStatement.execute(ProxyPreparedStatement.java:44)
11. SELECT 
			ifcdSeq
			, ifcdName
			, ifcgSeq
		FROM
			code
		WHERE 1=1
			AND ifcdDelNy = 0
		    AND ifcdUseNy = 1
 {executed in 1 msec} 
2025-04-06T16:59:48.207 [restartedMain] INFO o.s.b.d.a.OptionalLiveReloadServer - LiveReload server is running on port 35729 
2025-04-06T16:59:48.220 [restartedMain] INFO o.a.c.h.Http11NioProtocol - Starting ProtocolHandler ["http-nio-8080"] 
2025-04-06T16:59:48.226 [restartedMain] INFO o.s.b.w.e.t.TomcatWebServer - Tomcat started on port 8080 (http) with context path '/' 
2025-04-06T16:59:48.231 [restartedMain] INFO c.a.ZipApplication - Started ZipApplication in 0.773 seconds (process running for 466.949) 
2025-04-06T16:59:48.233 [restartedMain] INFO o.s.b.d.a.ConditionEvaluationDeltaLoggingListener - Condition evaluation unchanged 
