2025-04-02T18:33:26.000 [restartedMain] INFO c.a.ZipApplication - Starting ZipApplication using Java 21.0.5 with PID 18376 (C:\factory\ws_sts4_4270\repo_zip\zip\bin\main started by user in C:\factory\ws_sts4_4270\repo_zip\zip) 
2025-04-02T18:33:26.002 [restartedMain] INFO c.a.ZipApplication - No active profile set, falling back to 1 default profile: "default" 
2025-04-02T18:33:26.047 [restartedMain] INFO o.s.b.d.e.DevToolsPropertyDefaultsPostProcessor - Devtools property defaults active! Set 'spring.devtools.add-properties' to 'false' to disable 
2025-04-02T18:33:26.047 [restartedMain] INFO o.s.b.d.e.DevToolsPropertyDefaultsPostProcessor - For additional web related logging consider setting the 'logging.level.web' property to 'DEBUG' 
2025-04-02T18:33:27.243 [restartedMain] INFO o.s.b.w.e.t.TomcatWebServer - Tomcat initialized with port 8080 (http) 
2025-04-02T18:33:27.256 [restartedMain] INFO o.a.c.h.Http11NioProtocol - Initializing ProtocolHandler ["http-nio-8080"] 
2025-04-02T18:33:27.257 [restartedMain] INFO o.a.c.c.StandardService - Starting service [Tomcat] 
2025-04-02T18:33:27.258 [restartedMain] INFO o.a.c.c.StandardEngine - Starting Servlet engine: [Apache Tomcat/10.1.36] 
2025-04-02T18:33:27.298 [restartedMain] INFO o.a.c.c.C.[.[.[/] - Initializing Spring embedded WebApplicationContext 
2025-04-02T18:33:27.298 [restartedMain] INFO o.s.b.w.s.c.ServletWebServerApplicationContext - Root WebApplicationContext: initialization completed in 1251 ms 
2025-04-02T18:33:27.584 [restartedMain] INFO c.z.h.HikariDataSource - HikariPool-1 - Starting... 
2025-04-02T18:33:27.905 [restartedMain] INFO c.z.h.p.HikariPool - HikariPool-1 - Added connection net.sf.log4jdbc.sql.jdbcapi.ConnectionSpy@2673b6dd 
2025-04-02T18:33:27.907 [restartedMain] INFO c.z.h.HikariDataSource - HikariPool-1 - Start completed. 
2025-04-02T18:33:27.933 [restartedMain] DEBUG j.sqltiming -  com.zaxxer.hikari.pool.ProxyPreparedStatement.execute(ProxyPreparedStatement.java:44)
1. SELECT 
			ifcdSeq
			, ifcdName
			, ifcgSeq
		FROM
			code
		WHERE 1=1
			AND ifcdDelNy = 0
		    AND ifcdUseNy = 1
 {executed in 9 msec} 
2025-04-02T18:33:29.159 [restartedMain] INFO o.s.b.d.a.OptionalLiveReloadServer - LiveReload server is running on port 35729 
2025-04-02T18:33:29.172 [restartedMain] INFO o.a.c.h.Http11NioProtocol - Starting ProtocolHandler ["http-nio-8080"] 
2025-04-02T18:33:29.184 [restartedMain] INFO o.s.b.w.e.t.TomcatWebServer - Tomcat started on port 8080 (http) with context path '/' 
2025-04-02T18:33:29.190 [restartedMain] INFO c.a.ZipApplication - Started ZipApplication in 3.515 seconds (process running for 4.381) 
