2025-04-03T12:28:31.434 [HikariPool-1 housekeeper] WARN c.z.h.p.HikariPool - HikariPool-1 - Thread starvation or clock leap detected (housekeeper delta=10m36s516ms74µs900ns). 
2025-04-03T12:34:28.242 [http-nio-8080-exec-4] DEBUG j.sqltiming -  com.zaxxer.hikari.pool.ProxyPreparedStatement.execute(ProxyPreparedStatement.java:44)
41. SELECT
			seq,
			name,
			gender,
			btd,
			email,
			passWord,
			delNy,
			admSignin,
			mobileCarrier,
			phoneNumber
		FROM
			userUi
		WHERE 1=1
			AND seq = '0'
		ORDER BY seq DESC
 {executed in 2 msec} 
2025-04-03T12:34:32.722 [http-nio-8080-exec-6] DEBUG j.sqltiming -  com.zaxxer.hikari.pool.ProxyPreparedStatement.execute(ProxyPreparedStatement.java:44)
41. SELECT COUNT(*)

		FROM mealKit as a
		WHERE 1=1
		 AND a.mealUseNy = 1 
         AND a.mealDelNy = 0 

		ORDER BY a.seq DESC
 {executed in 1 msec} 
2025-04-03T12:34:32.726 [http-nio-8080-exec-6] DEBUG j.sqltiming -  com.zaxxer.hikari.pool.ProxyPreparedStatement.execute(ProxyPreparedStatement.java:44)
41. SELECT aa.* FROM (
			SELECT
				a.seq,
				a.brandName,
				a.mealKitName,
				a.stock,
				a.price,
				a.score,
				a.ingredient,
				a.mealDelNy,
				a.mealUseNy,
				a.mealRegDateTime,
				a.mealModDateTime

		FROM mealKit as a
		WHERE 1=1
		 AND a.mealUseNy = 1 
         AND a.mealDelNy = 0 

		ORDER BY a.seq DESC

		) aa
		limit 5 offset 0
 {executed in 1 msec} 
2025-04-03T12:34:34.859 [http-nio-8080-exec-1] DEBUG j.sqltiming -  com.zaxxer.hikari.pool.ProxyPreparedStatement.execute(ProxyPreparedStatement.java:44)
41. SELECT COUNT(*)

		FROM userUi as a
		WHERE 1=1

         AND a.delNy = 0 

		ORDER BY a.seq DESC
 {executed in 1 msec} 
2025-04-03T12:34:34.861 [http-nio-8080-exec-1] DEBUG j.sqltiming -  com.zaxxer.hikari.pool.ProxyPreparedStatement.execute(ProxyPreparedStatement.java:44)
41. SELECT aa.* FROM (
			SELECT
				a.seq,

			    a.name,
			    a.gender,
			    a.btd,
			    a.email,
			    a.passWord,
			    a.delNy,
			    a.admSignin,
			    a.mobileCarrier,
			    a.phoneNumber,
			    a.regDateTime,
			    a.modDateTime

		FROM userUi as a
		WHERE 1=1

         AND a.delNy = 0 

		ORDER BY a.seq DESC

		) aa
		limit 5 offset 0
 {executed in 1 msec} 
2025-04-03T12:34:36.011 [http-nio-8080-exec-9] DEBUG j.sqltiming -  com.zaxxer.hikari.pool.ProxyPreparedStatement.execute(ProxyPreparedStatement.java:44)
41. SELECT
			seq,
			name,
			gender,
			btd,
			email,
			passWord,
			delNy,
			admSignin,
			mobileCarrier,
			phoneNumber
		FROM
			userUi
		WHERE 1=1
			AND seq = '0'
		ORDER BY seq DESC
 {executed in 1 msec} 
2025-04-03T12:36:00.757 [http-nio-8080-exec-1] DEBUG j.sqltiming -  com.zaxxer.hikari.pool.ProxyPreparedStatement.execute(ProxyPreparedStatement.java:44)
41. SELECT
			seq,
			name,
			gender,
			btd,
			email,
			passWord,
			delNy,
			admSignin,
			mobileCarrier,
			phoneNumber
		FROM
			userUi
		WHERE 1=1
			AND seq = '0'
		ORDER BY seq DESC
 {executed in 1 msec} 
2025-04-03T12:36:49.549 [http-nio-8080-exec-4] DEBUG j.sqltiming -  com.zaxxer.hikari.pool.ProxyPreparedStatement.execute(ProxyPreparedStatement.java:44)
41. SELECT
			seq,
			name,
			gender,
			btd,
			email,
			passWord,
			delNy,
			admSignin,
			mobileCarrier,
			phoneNumber
		FROM
			userUi
		WHERE 1=1
			AND seq = '0'
		ORDER BY seq DESC
 {executed in 1 msec} 
2025-04-03T12:37:53.084 [http-nio-8080-exec-4] DEBUG j.sqltiming -  com.zaxxer.hikari.pool.ProxyPreparedStatement.execute(ProxyPreparedStatement.java:44)
41. SELECT
			seq,
			name,
			gender,
			btd,
			email,
			passWord,
			delNy,
			admSignin,
			mobileCarrier,
			phoneNumber
		FROM
			userUi
		WHERE 1=1
			AND seq = '0'
		ORDER BY seq DESC
 {executed in 1 msec} 
2025-04-03T12:38:11.910 [http-nio-8080-exec-2] DEBUG j.sqltiming -  com.zaxxer.hikari.pool.ProxyPreparedStatement.execute(ProxyPreparedStatement.java:44)
41. SELECT
			seq,
			name,
			gender,
			btd,
			email,
			passWord,
			delNy,
			admSignin,
			mobileCarrier,
			phoneNumber
		FROM
			userUi
		WHERE 1=1
			AND seq = '0'
		ORDER BY seq DESC
 {executed in 1 msec} 
2025-04-03T12:40:26.930 [http-nio-8080-exec-8] DEBUG j.sqltiming -  com.zaxxer.hikari.pool.ProxyPreparedStatement.execute(ProxyPreparedStatement.java:44)
41. SELECT
			seq,
			name,
			gender,
			btd,
			email,
			passWord,
			delNy,
			admSignin,
			mobileCarrier,
			phoneNumber
		FROM
			userUi
		WHERE 1=1
			AND seq = '0'
		ORDER BY seq DESC
 {executed in 1 msec} 
2025-04-03T12:40:40.562 [http-nio-8080-exec-5] DEBUG j.sqltiming -  com.zaxxer.hikari.pool.ProxyPreparedStatement.execute(ProxyPreparedStatement.java:44)
41. SELECT
			seq,
			name,
			gender,
			btd,
			email,
			passWord,
			delNy,
			admSignin,
			mobileCarrier,
			phoneNumber
		FROM
			userUi
		WHERE 1=1
			AND seq = '0'
		ORDER BY seq DESC
 {executed in 1 msec} 
2025-04-03T12:44:15.048 [http-nio-8080-exec-8] DEBUG j.sqltiming -  com.zaxxer.hikari.pool.ProxyPreparedStatement.execute(ProxyPreparedStatement.java:44)
41. SELECT
			seq,
			name,
			gender,
			btd,
			email,
			passWord,
			delNy,
			admSignin,
			mobileCarrier,
			phoneNumber
		FROM
			userUi
		WHERE 1=1
			AND seq = '0'
		ORDER BY seq DESC
 {executed in 0 msec} 
2025-04-03T12:44:27.866 [http-nio-8080-exec-8] DEBUG j.sqltiming -  com.zaxxer.hikari.pool.ProxyPreparedStatement.execute(ProxyPreparedStatement.java:44)
41. SELECT
			seq,
			name,
			gender,
			btd,
			email,
			passWord,
			delNy,
			admSignin,
			mobileCarrier,
			phoneNumber
		FROM
			userUi
		WHERE 1=1
			AND seq = '0'
		ORDER BY seq DESC
 {executed in 1 msec} 
