2025-04-02T22:00:35.014 [http-nio-8080-exec-9] DEBUG j.sqltiming -  com.zaxxer.hikari.pool.ProxyPreparedStatement.execute(ProxyPreparedStatement.java:44)
341. SELECT COUNT(*)

		FROM mealKit as a
		WHERE 1=1
		 AND a.mealUseNy = 1 
         AND a.mealDelNy = 0 

		ORDER BY a.seq DESC
 {executed in 1 msec} 
2025-04-02T22:00:35.017 [http-nio-8080-exec-9] DEBUG j.sqltiming -  com.zaxxer.hikari.pool.ProxyPreparedStatement.execute(ProxyPreparedStatement.java:44)
341. SELECT aa.* FROM (
			SELECT
				a.seq,
				a.brandName,
				a.mealKitName,
				a.stock,
				a.price,
				a.score,
				a.ingredient,
				a.mealDelNy,
				a.mealUseNy,
				a.mealRegDateTime,
				a.mealModDateTime

		FROM mealKit as a
		WHERE 1=1
		 AND a.mealUseNy = 1 
         AND a.mealDelNy = 0 

		ORDER BY a.seq DESC

		) aa
		limit 5 offset 0
 {executed in 1 msec} 
2025-04-02T22:02:12.308 [http-nio-8080-exec-1] DEBUG j.sqltiming -  com.zaxxer.hikari.pool.ProxyPreparedStatement.execute(ProxyPreparedStatement.java:44)
341. SELECT COUNT(*)

		FROM mealKit as a
		WHERE 1=1
		 AND a.mealUseNy = 1 
         AND a.mealDelNy = 0 

		ORDER BY a.seq DESC
 {executed in 1 msec} 
2025-04-02T22:02:12.310 [http-nio-8080-exec-1] DEBUG j.sqltiming -  com.zaxxer.hikari.pool.ProxyPreparedStatement.execute(ProxyPreparedStatement.java:44)
341. SELECT aa.* FROM (
			SELECT
				a.seq,
				a.brandName,
				a.mealKitName,
				a.stock,
				a.price,
				a.score,
				a.ingredient,
				a.mealDelNy,
				a.mealUseNy,
				a.mealRegDateTime,
				a.mealModDateTime

		FROM mealKit as a
		WHERE 1=1
		 AND a.mealUseNy = 1 
         AND a.mealDelNy = 0 

		ORDER BY a.seq DESC

		) aa
		limit 5 offset 0
 {executed in 1 msec} 
2025-04-02T22:02:14.437 [http-nio-8080-exec-2] DEBUG j.sqltiming -  com.zaxxer.hikari.pool.ProxyPreparedStatement.execute(ProxyPreparedStatement.java:44)
341. SELECT COUNT(*)

		FROM mealKit as a
		WHERE 1=1
		 AND a.mealUseNy = 1 
         AND a.mealDelNy = 0 

		ORDER BY a.seq DESC
 {executed in 1 msec} 
2025-04-02T22:02:14.438 [http-nio-8080-exec-2] DEBUG j.sqltiming -  com.zaxxer.hikari.pool.ProxyPreparedStatement.execute(ProxyPreparedStatement.java:44)
341. SELECT aa.* FROM (
			SELECT
				a.seq,
				a.brandName,
				a.mealKitName,
				a.stock,
				a.price,
				a.score,
				a.ingredient,
				a.mealDelNy,
				a.mealUseNy,
				a.mealRegDateTime,
				a.mealModDateTime

		FROM mealKit as a
		WHERE 1=1
		 AND a.mealUseNy = 1 
         AND a.mealDelNy = 0 

		ORDER BY a.seq DESC

		) aa
		limit 5 offset 0
 {executed in 0 msec} 
2025-04-02T22:03:20.420 [http-nio-8080-exec-3] DEBUG j.sqltiming -  com.zaxxer.hikari.pool.ProxyPreparedStatement.execute(ProxyPreparedStatement.java:44)
341. SELECT COUNT(*)

		FROM mealKit as a
		WHERE 1=1
		 AND a.mealUseNy = 1 
         AND a.mealDelNy = 0 

		ORDER BY a.seq DESC
 {executed in 1 msec} 
2025-04-02T22:03:20.427 [http-nio-8080-exec-3] DEBUG j.sqltiming -  com.zaxxer.hikari.pool.ProxyPreparedStatement.execute(ProxyPreparedStatement.java:44)
341. SELECT aa.* FROM (
			SELECT
				a.seq,
				a.brandName,
				a.mealKitName,
				a.stock,
				a.price,
				a.score,
				a.ingredient,
				a.mealDelNy,
				a.mealUseNy,
				a.mealRegDateTime,
				a.mealModDateTime

		FROM mealKit as a
		WHERE 1=1
		 AND a.mealUseNy = 1 
         AND a.mealDelNy = 0 

		ORDER BY a.seq DESC

		) aa
		limit 5 offset 0
 {executed in 1 msec} 
2025-04-02T22:03:22.781 [http-nio-8080-exec-9] DEBUG j.sqltiming -  com.zaxxer.hikari.pool.ProxyPreparedStatement.execute(ProxyPreparedStatement.java:44)
341. SELECT COUNT(*)

		FROM mealKit as a
		WHERE 1=1
		 AND a.mealUseNy = 1 
         AND a.mealDelNy = 0 

		ORDER BY a.seq DESC
 {executed in 1 msec} 
2025-04-02T22:03:22.782 [http-nio-8080-exec-9] DEBUG j.sqltiming -  com.zaxxer.hikari.pool.ProxyPreparedStatement.execute(ProxyPreparedStatement.java:44)
341. SELECT aa.* FROM (
			SELECT
				a.seq,
				a.brandName,
				a.mealKitName,
				a.stock,
				a.price,
				a.score,
				a.ingredient,
				a.mealDelNy,
				a.mealUseNy,
				a.mealRegDateTime,
				a.mealModDateTime

		FROM mealKit as a
		WHERE 1=1
		 AND a.mealUseNy = 1 
         AND a.mealDelNy = 0 

		ORDER BY a.seq DESC

		) aa
		limit 5 offset 0
 {executed in 0 msec} 
2025-04-02T22:04:47.415 [http-nio-8080-exec-8] DEBUG j.sqltiming -  com.zaxxer.hikari.pool.ProxyPreparedStatement.execute(ProxyPreparedStatement.java:44)
341. SELECT COUNT(*)

		FROM mealKit as a
		WHERE 1=1
		 AND a.mealUseNy = 1 
         AND a.mealDelNy = 0 

		ORDER BY a.seq DESC
 {executed in 1 msec} 
2025-04-02T22:04:47.417 [http-nio-8080-exec-8] DEBUG j.sqltiming -  com.zaxxer.hikari.pool.ProxyPreparedStatement.execute(ProxyPreparedStatement.java:44)
341. SELECT aa.* FROM (
			SELECT
				a.seq,
				a.brandName,
				a.mealKitName,
				a.stock,
				a.price,
				a.score,
				a.ingredient,
				a.mealDelNy,
				a.mealUseNy,
				a.mealRegDateTime,
				a.mealModDateTime

		FROM mealKit as a
		WHERE 1=1
		 AND a.mealUseNy = 1 
         AND a.mealDelNy = 0 

		ORDER BY a.seq DESC

		) aa
		limit 5 offset 0
 {executed in 1 msec} 
2025-04-02T22:04:49.466 [http-nio-8080-exec-5] DEBUG j.sqltiming -  com.zaxxer.hikari.pool.ProxyPreparedStatement.execute(ProxyPreparedStatement.java:44)
341. SELECT COUNT(*)

		FROM mealKit as a
		WHERE 1=1
		 AND a.mealUseNy = 1 
         AND a.mealDelNy = 0 

		ORDER BY a.seq DESC
 {executed in 1 msec} 
2025-04-02T22:04:49.467 [http-nio-8080-exec-5] DEBUG j.sqltiming -  com.zaxxer.hikari.pool.ProxyPreparedStatement.execute(ProxyPreparedStatement.java:44)
341. SELECT aa.* FROM (
			SELECT
				a.seq,
				a.brandName,
				a.mealKitName,
				a.stock,
				a.price,
				a.score,
				a.ingredient,
				a.mealDelNy,
				a.mealUseNy,
				a.mealRegDateTime,
				a.mealModDateTime

		FROM mealKit as a
		WHERE 1=1
		 AND a.mealUseNy = 1 
         AND a.mealDelNy = 0 

		ORDER BY a.seq DESC

		) aa
		limit 5 offset 0
 {executed in 0 msec} 
2025-04-02T22:07:26.139 [File Watcher] INFO o.s.b.d.a.LocalDevToolsAutoConfiguration$RestartingClassPathChangeChangedEventListener - Restarting due to 1 class path change (0 additions, 0 deletions, 1 modification) 
2025-04-02T22:07:26.148 [Thread-139] INFO o.s.b.w.e.t.GracefulShutdown - Commencing graceful shutdown. Waiting for active requests to complete 
2025-04-02T22:07:26.150 [tomcat-shutdown] INFO o.a.c.h.Http11NioProtocol - Pausing ProtocolHandler ["http-nio-8080"] 
2025-04-02T22:07:26.154 [tomcat-shutdown] INFO o.s.b.w.e.t.GracefulShutdown - Graceful shutdown complete 
2025-04-02T22:07:26.154 [Thread-139] INFO o.a.c.h.Http11NioProtocol - Stopping ProtocolHandler ["http-nio-8080"] 
2025-04-02T22:07:26.158 [Thread-139] INFO c.z.h.HikariDataSource - HikariPool-35 - Shutdown initiated... 
2025-04-02T22:07:26.170 [Thread-139] INFO c.z.h.HikariDataSource - HikariPool-35 - Shutdown completed. 
2025-04-02T22:07:26.281 [restartedMain] INFO c.a.ZipApplication - Starting ZipApplication using Java 21.0.5 with PID 23364 (C:\factory\ws_sts4_4270\repo_zip\zip\bin\main started by user in C:\factory\ws_sts4_4270\repo_zip\zip) 
2025-04-02T22:07:26.282 [restartedMain] INFO c.a.ZipApplication - No active profile set, falling back to 1 default profile: "default" 
2025-04-02T22:07:26.496 [restartedMain] INFO o.s.b.w.e.t.TomcatWebServer - Tomcat initialized with port 8080 (http) 
2025-04-02T22:07:26.498 [restartedMain] INFO o.a.c.h.Http11NioProtocol - Initializing ProtocolHandler ["http-nio-8080"] 
2025-04-02T22:07:26.498 [restartedMain] INFO o.a.c.c.StandardService - Starting service [Tomcat] 
2025-04-02T22:07:26.498 [restartedMain] INFO o.a.c.c.StandardEngine - Starting Servlet engine: [Apache Tomcat/10.1.36] 
2025-04-02T22:07:26.508 [restartedMain] INFO o.a.c.c.C.[.[.[/] - Initializing Spring embedded WebApplicationContext 
2025-04-02T22:07:26.508 [restartedMain] INFO o.s.b.w.s.c.ServletWebServerApplicationContext - Root WebApplicationContext: initialization completed in 223 ms 
2025-04-02T22:07:26.576 [restartedMain] INFO c.z.h.HikariDataSource - HikariPool-36 - Starting... 
2025-04-02T22:07:26.593 [restartedMain] INFO c.z.h.p.HikariPool - HikariPool-36 - Added connection net.sf.log4jdbc.sql.jdbcapi.ConnectionSpy@25c2bd5 
2025-04-02T22:07:26.594 [restartedMain] INFO c.z.h.HikariDataSource - HikariPool-36 - Start completed. 
2025-04-02T22:07:26.595 [restartedMain] DEBUG j.sqltiming -  com.zaxxer.hikari.pool.ProxyPreparedStatement.execute(ProxyPreparedStatement.java:44)
351. SELECT 
			ifcdSeq
			, ifcdName
			, ifcgSeq
		FROM
			code
		WHERE 1=1
			AND ifcdDelNy = 0
		    AND ifcdUseNy = 1
 {executed in 0 msec} 
2025-04-02T22:07:26.686 [restartedMain] INFO o.s.b.d.a.OptionalLiveReloadServer - LiveReload server is running on port 35729 
2025-04-02T22:07:26.691 [restartedMain] INFO o.a.c.h.Http11NioProtocol - Starting ProtocolHandler ["http-nio-8080"] 
2025-04-02T22:07:26.693 [restartedMain] INFO o.s.b.w.e.t.TomcatWebServer - Tomcat started on port 8080 (http) with context path '/' 
2025-04-02T22:07:26.696 [restartedMain] INFO c.a.ZipApplication - Started ZipApplication in 0.473 seconds (process running for 3785.583) 
2025-04-02T22:07:26.697 [restartedMain] INFO o.s.b.d.a.ConditionEvaluationDeltaLoggingListener - Condition evaluation unchanged 
2025-04-02T22:07:32.867 [http-nio-8080-exec-1] INFO o.a.c.c.C.[.[.[/] - Initializing Spring DispatcherServlet 'dispatcherServlet' 
2025-04-02T22:07:32.867 [http-nio-8080-exec-1] INFO o.s.w.s.DispatcherServlet - Initializing Servlet 'dispatcherServlet' 
2025-04-02T22:07:32.869 [http-nio-8080-exec-1] INFO o.s.w.s.DispatcherServlet - Completed initialization in 2 ms 
2025-04-02T22:07:32.879 [http-nio-8080-exec-1] DEBUG j.sqltiming -  com.zaxxer.hikari.pool.ProxyPreparedStatement.execute(ProxyPreparedStatement.java:44)
351. SELECT COUNT(*)

		FROM mealKit as a
		WHERE 1=1
		 AND a.mealUseNy = 1 
         AND a.mealDelNy = 0 

		ORDER BY a.seq DESC
 {executed in 1 msec} 
2025-04-02T22:07:32.881 [http-nio-8080-exec-1] DEBUG j.sqltiming -  com.zaxxer.hikari.pool.ProxyPreparedStatement.execute(ProxyPreparedStatement.java:44)
351. SELECT aa.* FROM (
			SELECT
				a.seq,
				a.brandName,
				a.mealKitName,
				a.stock,
				a.price,
				a.score,
				a.ingredient,
				a.mealDelNy,
				a.mealUseNy,
				a.mealRegDateTime,
				a.mealModDateTime

		FROM mealKit as a
		WHERE 1=1
		 AND a.mealUseNy = 1 
         AND a.mealDelNy = 0 

		ORDER BY a.seq DESC

		) aa
		limit 5 offset 0
 {executed in 0 msec} 
2025-04-02T22:07:49.262 [http-nio-8080-exec-2] DEBUG j.sqltiming -  com.zaxxer.hikari.pool.ProxyPreparedStatement.execute(ProxyPreparedStatement.java:44)
351. SELECT COUNT(*)

		FROM mealKit as a
		WHERE 1=1
		 AND a.mealUseNy = 1 
         AND a.mealDelNy = 0 

		ORDER BY a.seq DESC
 {executed in 1 msec} 
2025-04-02T22:07:49.264 [http-nio-8080-exec-2] DEBUG j.sqltiming -  com.zaxxer.hikari.pool.ProxyPreparedStatement.execute(ProxyPreparedStatement.java:44)
351. SELECT aa.* FROM (
			SELECT
				a.seq,
				a.brandName,
				a.mealKitName,
				a.stock,
				a.price,
				a.score,
				a.ingredient,
				a.mealDelNy,
				a.mealUseNy,
				a.mealRegDateTime,
				a.mealModDateTime

		FROM mealKit as a
		WHERE 1=1
		 AND a.mealUseNy = 1 
         AND a.mealDelNy = 0 

		ORDER BY a.seq DESC

		) aa
		limit 5 offset 0
 {executed in 1 msec} 
2025-04-02T22:13:28.043 [http-nio-8080-exec-8] DEBUG j.sqltiming -  com.zaxxer.hikari.pool.ProxyPreparedStatement.execute(ProxyPreparedStatement.java:44)
351. SELECT COUNT(*)

		FROM userUi as a
		WHERE 1=1

         AND a.delNy = 0 

		ORDER BY a.seq DESC
 {executed in 1 msec} 
2025-04-02T22:13:28.045 [http-nio-8080-exec-8] DEBUG j.sqltiming -  com.zaxxer.hikari.pool.ProxyPreparedStatement.execute(ProxyPreparedStatement.java:44)
351. SELECT aa.* FROM (
			SELECT
				a.seq,

			    a.name,
			    a.gender,
			    a.btd,
			    a.email,
			    a.passWord,
			    a.delNy,
			    a.admSignin,
			    a.mobileCarrier,
			    a.phoneNumber,
			    a.regDateTime,
			    a.modDateTime

		FROM userUi as a
		WHERE 1=1

         AND a.delNy = 0 

		ORDER BY a.seq DESC

		) aa
		limit 5 offset 0
 {executed in 1 msec} 
2025-04-02T22:13:30.812 [http-nio-8080-exec-4] DEBUG j.sqltiming -  com.zaxxer.hikari.pool.ProxyPreparedStatement.execute(ProxyPreparedStatement.java:44)
351. SELECT
			seq,
			name,
			gender,
			btd,
			email,
			passWord,
			delNy,
			admSignin,
			mobileCarrier,
			phoneNumber
		FROM
			userUi
		WHERE 1=1
			AND seq = '1'
		ORDER BY seq DESC
 {executed in 2 msec} 
2025-04-02T22:13:30.815 [http-nio-8080-exec-4] DEBUG j.sqltiming -  com.zaxxer.hikari.pool.ProxyPreparedStatement.execute(ProxyPreparedStatement.java:44)
351. SELECT
			seq,
			name,
			gender,
			btd,
			email,
			passWord,
			delNy,
			admSignin,
			mobileCarrier,
			phoneNumber
		FROM
			userUi
		WHERE 1=1
			AND seq = '1'
		ORDER BY seq DESC
 {executed in 1 msec} 
2025-04-02T22:13:40.512 [http-nio-8080-exec-8] DEBUG j.sqltiming -  com.zaxxer.hikari.pool.ProxyPreparedStatement.execute(ProxyPreparedStatement.java:44)
351. UPDATE userUi SET
			name = 'admin',
			gender = 1,
			btd = '1999-08-23',
			email = 'qwer@naver.com',
			passWord = '1234',
			delNy = '0',
			mobileCarrier = 5,
			phoneNumber = '01022222222',
			modDateTime = now()
		WHERE seq = '1'
 {executed in 4 msec} 
2025-04-02T22:13:40.519 [http-nio-8080-exec-4] DEBUG j.sqltiming -  com.zaxxer.hikari.pool.ProxyPreparedStatement.execute(ProxyPreparedStatement.java:44)
351. SELECT COUNT(*)

		FROM userUi as a
		WHERE 1=1

         AND a.delNy = 0 

		ORDER BY a.seq DESC
 {executed in 1 msec} 
2025-04-02T22:13:40.520 [http-nio-8080-exec-4] DEBUG j.sqltiming -  com.zaxxer.hikari.pool.ProxyPreparedStatement.execute(ProxyPreparedStatement.java:44)
351. SELECT aa.* FROM (
			SELECT
				a.seq,

			    a.name,
			    a.gender,
			    a.btd,
			    a.email,
			    a.passWord,
			    a.delNy,
			    a.admSignin,
			    a.mobileCarrier,
			    a.phoneNumber,
			    a.regDateTime,
			    a.modDateTime

		FROM userUi as a
		WHERE 1=1

         AND a.delNy = 0 

		ORDER BY a.seq DESC

		) aa
		limit 5 offset 0
 {executed in 0 msec} 
2025-04-02T22:13:41.808 [http-nio-8080-exec-10] DEBUG j.sqltiming -  com.zaxxer.hikari.pool.ProxyPreparedStatement.execute(ProxyPreparedStatement.java:44)
351. SELECT
			seq,
			name,
			gender,
			btd,
			email,
			passWord,
			delNy,
			admSignin,
			mobileCarrier,
			phoneNumber
		FROM
			userUi
		WHERE 1=1
			AND seq = '2'
		ORDER BY seq DESC
 {executed in 1 msec} 
2025-04-02T22:13:41.811 [http-nio-8080-exec-10] DEBUG j.sqltiming -  com.zaxxer.hikari.pool.ProxyPreparedStatement.execute(ProxyPreparedStatement.java:44)
351. SELECT
			seq,
			name,
			gender,
			btd,
			email,
			passWord,
			delNy,
			admSignin,
			mobileCarrier,
			phoneNumber
		FROM
			userUi
		WHERE 1=1
			AND seq = '2'
		ORDER BY seq DESC
 {executed in 0 msec} 
2025-04-02T22:13:44.874 [http-nio-8080-exec-6] DEBUG j.sqltiming -  com.zaxxer.hikari.pool.ProxyPreparedStatement.execute(ProxyPreparedStatement.java:44)
351. UPDATE userUi SET
			name = '유OO',
			gender = 2,
			btd = '2003-10-01',
			email = 'qwer',
			passWord = '1234',
			delNy = '0',
			mobileCarrier = 5,
			phoneNumber = '01033333333',
			modDateTime = now()
		WHERE seq = '2'
 {executed in 3 msec} 
2025-04-02T22:13:44.880 [http-nio-8080-exec-8] DEBUG j.sqltiming -  com.zaxxer.hikari.pool.ProxyPreparedStatement.execute(ProxyPreparedStatement.java:44)
351. SELECT COUNT(*)

		FROM userUi as a
		WHERE 1=1

         AND a.delNy = 0 

		ORDER BY a.seq DESC
 {executed in 1 msec} 
2025-04-02T22:13:44.882 [http-nio-8080-exec-8] DEBUG j.sqltiming -  com.zaxxer.hikari.pool.ProxyPreparedStatement.execute(ProxyPreparedStatement.java:44)
351. SELECT aa.* FROM (
			SELECT
				a.seq,

			    a.name,
			    a.gender,
			    a.btd,
			    a.email,
			    a.passWord,
			    a.delNy,
			    a.admSignin,
			    a.mobileCarrier,
			    a.phoneNumber,
			    a.regDateTime,
			    a.modDateTime

		FROM userUi as a
		WHERE 1=1

         AND a.delNy = 0 

		ORDER BY a.seq DESC

		) aa
		limit 5 offset 0
 {executed in 1 msec} 
2025-04-02T22:14:07.442 [http-nio-8080-exec-6] DEBUG j.sqltiming -  com.zaxxer.hikari.pool.ProxyPreparedStatement.execute(ProxyPreparedStatement.java:44)
351. SELECT
			a.seq,
			a.email,
			a.passWord,
			a.name
		FROM
			userUi a
		WHERE 1=1
			AND a.email = 'qwer@naver.com'
			 AND a.passWord = '1234'
 {executed in 1 msec} 
2025-04-02T22:14:11.257 [http-nio-8080-exec-6] DEBUG j.sqltiming -  com.zaxxer.hikari.pool.ProxyPreparedStatement.execute(ProxyPreparedStatement.java:44)
351. SELECT COUNT(*)

		FROM userUi as a
		WHERE 1=1

         AND a.delNy = 0 

		ORDER BY a.seq DESC
 {executed in 1 msec} 
2025-04-02T22:14:11.260 [http-nio-8080-exec-6] DEBUG j.sqltiming -  com.zaxxer.hikari.pool.ProxyPreparedStatement.execute(ProxyPreparedStatement.java:44)
351. SELECT aa.* FROM (
			SELECT
				a.seq,

			    a.name,
			    a.gender,
			    a.btd,
			    a.email,
			    a.passWord,
			    a.delNy,
			    a.admSignin,
			    a.mobileCarrier,
			    a.phoneNumber,
			    a.regDateTime,
			    a.modDateTime

		FROM userUi as a
		WHERE 1=1

         AND a.delNy = 0 

		ORDER BY a.seq DESC

		) aa
		limit 5 offset 0
 {executed in 1 msec} 
2025-04-02T22:14:19.552 [http-nio-8080-exec-3] DEBUG j.sqltiming -  com.zaxxer.hikari.pool.ProxyPreparedStatement.execute(ProxyPreparedStatement.java:44)
351. SELECT COUNT(*)

		FROM mealKit as a
		WHERE 1=1
		 AND a.mealUseNy = 1 
         AND a.mealDelNy = 0 

		ORDER BY a.seq DESC
 {executed in 1 msec} 
2025-04-02T22:14:19.557 [http-nio-8080-exec-3] DEBUG j.sqltiming -  com.zaxxer.hikari.pool.ProxyPreparedStatement.execute(ProxyPreparedStatement.java:44)
351. SELECT aa.* FROM (
			SELECT
				a.seq,
				a.brandName,
				a.mealKitName,
				a.stock,
				a.price,
				a.score,
				a.ingredient,
				a.mealDelNy,
				a.mealUseNy,
				a.mealRegDateTime,
				a.mealModDateTime

		FROM mealKit as a
		WHERE 1=1
		 AND a.mealUseNy = 1 
         AND a.mealDelNy = 0 

		ORDER BY a.seq DESC

		) aa
		limit 5 offset 0
 {executed in 1 msec} 
2025-04-02T22:14:37.339 [http-nio-8080-exec-5] DEBUG j.sqltiming -  com.zaxxer.hikari.pool.ProxyPreparedStatement.execute(ProxyPreparedStatement.java:44)
351. SELECT COUNT(*)

		FROM mealKit as a
		WHERE 1=1
		 AND a.mealUseNy = 1 
         AND a.mealDelNy = 0 

		ORDER BY a.seq DESC
 {executed in 2 msec} 
2025-04-02T22:14:37.342 [http-nio-8080-exec-5] DEBUG j.sqltiming -  com.zaxxer.hikari.pool.ProxyPreparedStatement.execute(ProxyPreparedStatement.java:44)
351. SELECT aa.* FROM (
			SELECT
				a.seq,
				a.brandName,
				a.mealKitName,
				a.stock,
				a.price,
				a.score,
				a.ingredient,
				a.mealDelNy,
				a.mealUseNy,
				a.mealRegDateTime,
				a.mealModDateTime

		FROM mealKit as a
		WHERE 1=1
		 AND a.mealUseNy = 1 
         AND a.mealDelNy = 0 

		ORDER BY a.seq DESC

		) aa
		limit 5 offset 0
 {executed in 2 msec} 
2025-04-02T22:22:11.402 [http-nio-8080-exec-2] DEBUG j.sqltiming -  com.zaxxer.hikari.pool.ProxyPreparedStatement.execute(ProxyPreparedStatement.java:44)
351. SELECT COUNT(*)

		FROM mealKit as a
		WHERE 1=1
		 AND a.mealUseNy = 1 
         AND a.mealDelNy = 0 

		ORDER BY a.seq DESC
 {executed in 1 msec} 
2025-04-02T22:22:11.405 [http-nio-8080-exec-2] DEBUG j.sqltiming -  com.zaxxer.hikari.pool.ProxyPreparedStatement.execute(ProxyPreparedStatement.java:44)
351. SELECT aa.* FROM (
			SELECT
				a.seq,
				a.brandName,
				a.mealKitName,
				a.stock,
				a.price,
				a.score,
				a.ingredient,
				a.mealDelNy,
				a.mealUseNy,
				a.mealRegDateTime,
				a.mealModDateTime

		FROM mealKit as a
		WHERE 1=1
		 AND a.mealUseNy = 1 
         AND a.mealDelNy = 0 

		ORDER BY a.seq DESC

		) aa
		limit 5 offset 0
 {executed in 1 msec} 
2025-04-02T22:22:55.727 [http-nio-8080-exec-6] DEBUG j.sqltiming -  com.zaxxer.hikari.pool.ProxyPreparedStatement.execute(ProxyPreparedStatement.java:44)
351. SELECT COUNT(*)

		FROM mealKit as a
		WHERE 1=1
		 AND a.mealUseNy = 1 
         AND a.mealDelNy = 0 

		ORDER BY a.seq DESC
 {executed in 1 msec} 
2025-04-02T22:22:55.729 [http-nio-8080-exec-6] DEBUG j.sqltiming -  com.zaxxer.hikari.pool.ProxyPreparedStatement.execute(ProxyPreparedStatement.java:44)
351. SELECT aa.* FROM (
			SELECT
				a.seq,
				a.brandName,
				a.mealKitName,
				a.stock,
				a.price,
				a.score,
				a.ingredient,
				a.mealDelNy,
				a.mealUseNy,
				a.mealRegDateTime,
				a.mealModDateTime

		FROM mealKit as a
		WHERE 1=1
		 AND a.mealUseNy = 1 
         AND a.mealDelNy = 0 

		ORDER BY a.seq DESC

		) aa
		limit 5 offset 0
 {executed in 1 msec} 
2025-04-02T22:23:19.259 [http-nio-8080-exec-7] DEBUG j.sqltiming -  com.zaxxer.hikari.pool.ProxyPreparedStatement.execute(ProxyPreparedStatement.java:44)
351. SELECT COUNT(*)

		FROM mealKit as a
		WHERE 1=1
		 AND a.mealUseNy = 1 
         AND a.mealDelNy = 0 

		ORDER BY a.seq DESC
 {executed in 2 msec} 
2025-04-02T22:23:19.261 [http-nio-8080-exec-7] DEBUG j.sqltiming -  com.zaxxer.hikari.pool.ProxyPreparedStatement.execute(ProxyPreparedStatement.java:44)
351. SELECT aa.* FROM (
			SELECT
				a.seq,
				a.brandName,
				a.mealKitName,
				a.stock,
				a.price,
				a.score,
				a.ingredient,
				a.mealDelNy,
				a.mealUseNy,
				a.mealRegDateTime,
				a.mealModDateTime

		FROM mealKit as a
		WHERE 1=1
		 AND a.mealUseNy = 1 
         AND a.mealDelNy = 0 

		ORDER BY a.seq DESC

		) aa
		limit 5 offset 0
 {executed in 0 msec} 
2025-04-02T22:23:24.931 [http-nio-8080-exec-6] DEBUG j.sqltiming -  com.zaxxer.hikari.pool.ProxyPreparedStatement.execute(ProxyPreparedStatement.java:44)
351. SELECT COUNT(*)

		FROM mealKit as a
		WHERE 1=1
		 AND a.mealUseNy = 1 
         AND a.mealDelNy = 0 

		ORDER BY a.seq DESC
 {executed in 1 msec} 
2025-04-02T22:23:24.934 [http-nio-8080-exec-6] DEBUG j.sqltiming -  com.zaxxer.hikari.pool.ProxyPreparedStatement.execute(ProxyPreparedStatement.java:44)
351. SELECT aa.* FROM (
			SELECT
				a.seq,
				a.brandName,
				a.mealKitName,
				a.stock,
				a.price,
				a.score,
				a.ingredient,
				a.mealDelNy,
				a.mealUseNy,
				a.mealRegDateTime,
				a.mealModDateTime

		FROM mealKit as a
		WHERE 1=1
		 AND a.mealUseNy = 1 
         AND a.mealDelNy = 0 

		ORDER BY a.seq DESC

		) aa
		limit 10 offset 0
 {executed in 1 msec} 
2025-04-02T22:23:26.371 [http-nio-8080-exec-6] DEBUG j.sqltiming -  com.zaxxer.hikari.pool.ProxyPreparedStatement.execute(ProxyPreparedStatement.java:44)
351. SELECT COUNT(*)

		FROM mealKit as a
		WHERE 1=1
		 AND a.mealUseNy = 1 
         AND a.mealDelNy = 0 

		ORDER BY a.seq DESC
 {executed in 0 msec} 
2025-04-02T22:23:26.373 [http-nio-8080-exec-6] DEBUG j.sqltiming -  com.zaxxer.hikari.pool.ProxyPreparedStatement.execute(ProxyPreparedStatement.java:44)
351. SELECT aa.* FROM (
			SELECT
				a.seq,
				a.brandName,
				a.mealKitName,
				a.stock,
				a.price,
				a.score,
				a.ingredient,
				a.mealDelNy,
				a.mealUseNy,
				a.mealRegDateTime,
				a.mealModDateTime

		FROM mealKit as a
		WHERE 1=1
		 AND a.mealUseNy = 1 
         AND a.mealDelNy = 0 

		ORDER BY a.seq DESC

		) aa
		limit 5 offset 0
 {executed in 2 msec} 
2025-04-02T22:23:35.757 [http-nio-8080-exec-8] DEBUG j.sqltiming -  com.zaxxer.hikari.pool.ProxyPreparedStatement.execute(ProxyPreparedStatement.java:44)
351. SELECT
			seq,
			brandName,
			mealKitName,
			stock,
			price,
			score,
			ingredient,
			mealDelNy,
			mealUseNy
		FROM
			mealKit
		WHERE 1=1
			AND seq = '1'
		ORDER BY seq DESC
 {executed in 2 msec} 
2025-04-02T22:24:24.810 [File Watcher] INFO o.s.b.d.a.LocalDevToolsAutoConfiguration$RestartingClassPathChangeChangedEventListener - Restarting due to 1 class path change (0 additions, 0 deletions, 1 modification) 
2025-04-02T22:24:24.812 [Thread-143] INFO o.s.b.w.e.t.GracefulShutdown - Commencing graceful shutdown. Waiting for active requests to complete 
2025-04-02T22:24:24.813 [tomcat-shutdown] INFO o.a.c.h.Http11NioProtocol - Pausing ProtocolHandler ["http-nio-8080"] 
2025-04-02T22:24:24.820 [tomcat-shutdown] INFO o.s.b.w.e.t.GracefulShutdown - Graceful shutdown complete 
2025-04-02T22:24:24.820 [Thread-143] INFO o.a.c.h.Http11NioProtocol - Stopping ProtocolHandler ["http-nio-8080"] 
2025-04-02T22:24:24.823 [Thread-143] INFO c.z.h.HikariDataSource - HikariPool-36 - Shutdown initiated... 
2025-04-02T22:24:24.828 [Thread-143] INFO c.z.h.HikariDataSource - HikariPool-36 - Shutdown completed. 
2025-04-02T22:24:24.919 [restartedMain] INFO c.a.ZipApplication - Starting ZipApplication using Java 21.0.5 with PID 23364 (C:\factory\ws_sts4_4270\repo_zip\zip\bin\main started by user in C:\factory\ws_sts4_4270\repo_zip\zip) 
2025-04-02T22:24:24.919 [restartedMain] INFO c.a.ZipApplication - No active profile set, falling back to 1 default profile: "default" 
2025-04-02T22:24:25.162 [restartedMain] INFO o.s.b.w.e.t.TomcatWebServer - Tomcat initialized with port 8080 (http) 
2025-04-02T22:24:25.164 [restartedMain] INFO o.a.c.h.Http11NioProtocol - Initializing ProtocolHandler ["http-nio-8080"] 
2025-04-02T22:24:25.164 [restartedMain] INFO o.a.c.c.StandardService - Starting service [Tomcat] 
2025-04-02T22:24:25.164 [restartedMain] INFO o.a.c.c.StandardEngine - Starting Servlet engine: [Apache Tomcat/10.1.36] 
2025-04-02T22:24:25.177 [restartedMain] INFO o.a.c.c.C.[.[.[/] - Initializing Spring embedded WebApplicationContext 
2025-04-02T22:24:25.177 [restartedMain] INFO o.s.b.w.s.c.ServletWebServerApplicationContext - Root WebApplicationContext: initialization completed in 257 ms 
2025-04-02T22:24:25.276 [restartedMain] INFO c.z.h.HikariDataSource - HikariPool-37 - Starting... 
2025-04-02T22:24:25.300 [restartedMain] INFO c.z.h.p.HikariPool - HikariPool-37 - Added connection net.sf.log4jdbc.sql.jdbcapi.ConnectionSpy@39898df2 
2025-04-02T22:24:25.300 [restartedMain] INFO c.z.h.HikariDataSource - HikariPool-37 - Start completed. 
2025-04-02T22:24:25.301 [restartedMain] DEBUG j.sqltiming -  com.zaxxer.hikari.pool.ProxyPreparedStatement.execute(ProxyPreparedStatement.java:44)
361. SELECT 
			ifcdSeq
			, ifcdName
			, ifcgSeq
		FROM
			code
		WHERE 1=1
			AND ifcdDelNy = 0
		    AND ifcdUseNy = 1
 {executed in 0 msec} 
2025-04-02T22:24:25.437 [restartedMain] INFO o.s.b.d.a.OptionalLiveReloadServer - LiveReload server is running on port 35729 
2025-04-02T22:24:25.445 [restartedMain] INFO o.a.c.h.Http11NioProtocol - Starting ProtocolHandler ["http-nio-8080"] 
2025-04-02T22:24:25.448 [restartedMain] INFO o.s.b.w.e.t.TomcatWebServer - Tomcat started on port 8080 (http) with context path '/' 
2025-04-02T22:24:25.452 [restartedMain] INFO c.a.ZipApplication - Started ZipApplication in 0.576 seconds (process running for 4804.339) 
2025-04-02T22:24:25.454 [restartedMain] INFO o.s.b.d.a.ConditionEvaluationDeltaLoggingListener - Condition evaluation unchanged 
2025-04-02T22:24:40.807 [File Watcher] INFO o.s.b.d.a.LocalDevToolsAutoConfiguration$RestartingClassPathChangeChangedEventListener - Restarting due to 1 class path change (0 additions, 0 deletions, 1 modification) 
2025-04-02T22:24:40.809 [Thread-147] INFO o.s.b.w.e.t.GracefulShutdown - Commencing graceful shutdown. Waiting for active requests to complete 
2025-04-02T22:24:40.809 [tomcat-shutdown] INFO o.a.c.h.Http11NioProtocol - Pausing ProtocolHandler ["http-nio-8080"] 
2025-04-02T22:24:40.813 [tomcat-shutdown] INFO o.s.b.w.e.t.GracefulShutdown - Graceful shutdown complete 
2025-04-02T22:24:40.813 [Thread-147] INFO o.a.c.h.Http11NioProtocol - Stopping ProtocolHandler ["http-nio-8080"] 
2025-04-02T22:24:40.815 [Thread-147] INFO c.z.h.HikariDataSource - HikariPool-37 - Shutdown initiated... 
2025-04-02T22:24:40.819 [Thread-147] INFO c.z.h.HikariDataSource - HikariPool-37 - Shutdown completed. 
2025-04-02T22:24:40.899 [restartedMain] INFO c.a.ZipApplication - Starting ZipApplication using Java 21.0.5 with PID 23364 (C:\factory\ws_sts4_4270\repo_zip\zip\bin\main started by user in C:\factory\ws_sts4_4270\repo_zip\zip) 
2025-04-02T22:24:40.899 [restartedMain] INFO c.a.ZipApplication - No active profile set, falling back to 1 default profile: "default" 
2025-04-02T22:24:41.047 [restartedMain] INFO o.s.b.w.e.t.TomcatWebServer - Tomcat initialized with port 8080 (http) 
2025-04-02T22:24:41.047 [restartedMain] INFO o.a.c.h.Http11NioProtocol - Initializing ProtocolHandler ["http-nio-8080"] 
2025-04-02T22:24:41.048 [restartedMain] INFO o.a.c.c.StandardService - Starting service [Tomcat] 
2025-04-02T22:24:41.048 [restartedMain] INFO o.a.c.c.StandardEngine - Starting Servlet engine: [Apache Tomcat/10.1.36] 
2025-04-02T22:24:41.060 [restartedMain] INFO o.a.c.c.C.[.[.[/] - Initializing Spring embedded WebApplicationContext 
2025-04-02T22:24:41.060 [restartedMain] INFO o.s.b.w.s.c.ServletWebServerApplicationContext - Root WebApplicationContext: initialization completed in 160 ms 
2025-04-02T22:24:41.104 [restartedMain] INFO c.z.h.HikariDataSource - HikariPool-38 - Starting... 
2025-04-02T22:24:41.113 [restartedMain] INFO c.z.h.p.HikariPool - HikariPool-38 - Added connection net.sf.log4jdbc.sql.jdbcapi.ConnectionSpy@61389ed4 
2025-04-02T22:24:41.113 [restartedMain] INFO c.z.h.HikariDataSource - HikariPool-38 - Start completed. 
2025-04-02T22:24:41.114 [restartedMain] DEBUG j.sqltiming -  com.zaxxer.hikari.pool.ProxyPreparedStatement.execute(ProxyPreparedStatement.java:44)
371. SELECT 
			ifcdSeq
			, ifcdName
			, ifcgSeq
		FROM
			code
		WHERE 1=1
			AND ifcdDelNy = 0
		    AND ifcdUseNy = 1
 {executed in 1 msec} 
2025-04-02T22:24:41.187 [restartedMain] INFO o.s.b.d.a.OptionalLiveReloadServer - LiveReload server is running on port 35729 
2025-04-02T22:24:41.192 [restartedMain] INFO o.a.c.h.Http11NioProtocol - Starting ProtocolHandler ["http-nio-8080"] 
2025-04-02T22:24:41.194 [restartedMain] INFO o.s.b.w.e.t.TomcatWebServer - Tomcat started on port 8080 (http) with context path '/' 
2025-04-02T22:24:41.196 [restartedMain] INFO c.a.ZipApplication - Started ZipApplication in 0.322 seconds (process running for 4820.083) 
2025-04-02T22:24:41.197 [restartedMain] INFO o.s.b.d.a.ConditionEvaluationDeltaLoggingListener - Condition evaluation unchanged 
2025-04-02T22:25:16.883 [File Watcher] INFO o.s.b.d.a.LocalDevToolsAutoConfiguration$RestartingClassPathChangeChangedEventListener - Restarting due to 1 class path change (0 additions, 0 deletions, 1 modification) 
2025-04-02T22:25:16.886 [Thread-151] INFO o.s.b.w.e.t.GracefulShutdown - Commencing graceful shutdown. Waiting for active requests to complete 
2025-04-02T22:25:16.887 [tomcat-shutdown] INFO o.a.c.h.Http11NioProtocol - Pausing ProtocolHandler ["http-nio-8080"] 
2025-04-02T22:25:16.892 [tomcat-shutdown] INFO o.s.b.w.e.t.GracefulShutdown - Graceful shutdown complete 
2025-04-02T22:25:16.892 [Thread-151] INFO o.a.c.h.Http11NioProtocol - Stopping ProtocolHandler ["http-nio-8080"] 
2025-04-02T22:25:16.894 [Thread-151] INFO c.z.h.HikariDataSource - HikariPool-38 - Shutdown initiated... 
2025-04-02T22:25:16.898 [Thread-151] INFO c.z.h.HikariDataSource - HikariPool-38 - Shutdown completed. 
2025-04-02T22:25:16.973 [restartedMain] INFO c.a.ZipApplication - Starting ZipApplication using Java 21.0.5 with PID 23364 (C:\factory\ws_sts4_4270\repo_zip\zip\bin\main started by user in C:\factory\ws_sts4_4270\repo_zip\zip) 
2025-04-02T22:25:16.973 [restartedMain] INFO c.a.ZipApplication - No active profile set, falling back to 1 default profile: "default" 
2025-04-02T22:25:17.083 [restartedMain] INFO o.s.b.w.e.t.TomcatWebServer - Tomcat initialized with port 8080 (http) 
2025-04-02T22:25:17.083 [restartedMain] INFO o.a.c.h.Http11NioProtocol - Initializing ProtocolHandler ["http-nio-8080"] 
2025-04-02T22:25:17.083 [restartedMain] INFO o.a.c.c.StandardService - Starting service [Tomcat] 
2025-04-02T22:25:17.083 [restartedMain] INFO o.a.c.c.StandardEngine - Starting Servlet engine: [Apache Tomcat/10.1.36] 
2025-04-02T22:25:17.090 [restartedMain] INFO o.a.c.c.C.[.[.[/] - Initializing Spring embedded WebApplicationContext 
2025-04-02T22:25:17.090 [restartedMain] INFO o.s.b.w.s.c.ServletWebServerApplicationContext - Root WebApplicationContext: initialization completed in 116 ms 
2025-04-02T22:25:17.115 [restartedMain] INFO c.z.h.HikariDataSource - HikariPool-39 - Starting... 
2025-04-02T22:25:17.122 [restartedMain] INFO c.z.h.p.HikariPool - HikariPool-39 - Added connection net.sf.log4jdbc.sql.jdbcapi.ConnectionSpy@c61a94e 
2025-04-02T22:25:17.122 [restartedMain] INFO c.z.h.HikariDataSource - HikariPool-39 - Start completed. 
2025-04-02T22:25:17.124 [restartedMain] DEBUG j.sqltiming -  com.zaxxer.hikari.pool.ProxyPreparedStatement.execute(ProxyPreparedStatement.java:44)
381. SELECT 
			ifcdSeq
			, ifcdName
			, ifcgSeq
		FROM
			code
		WHERE 1=1
			AND ifcdDelNy = 0
		    AND ifcdUseNy = 1
 {executed in 1 msec} 
2025-04-02T22:25:17.177 [restartedMain] INFO o.s.b.d.a.OptionalLiveReloadServer - LiveReload server is running on port 35729 
2025-04-02T22:25:17.181 [restartedMain] INFO o.a.c.h.Http11NioProtocol - Starting ProtocolHandler ["http-nio-8080"] 
2025-04-02T22:25:17.183 [restartedMain] INFO o.s.b.w.e.t.TomcatWebServer - Tomcat started on port 8080 (http) with context path '/' 
2025-04-02T22:25:17.185 [restartedMain] INFO c.a.ZipApplication - Started ZipApplication in 0.227 seconds (process running for 4856.071) 
2025-04-02T22:25:17.185 [restartedMain] INFO o.s.b.d.a.ConditionEvaluationDeltaLoggingListener - Condition evaluation unchanged 
2025-04-02T22:25:24.553 [http-nio-8080-exec-2] INFO o.a.c.c.C.[.[.[/] - Initializing Spring DispatcherServlet 'dispatcherServlet' 
2025-04-02T22:25:24.553 [http-nio-8080-exec-2] INFO o.s.w.s.DispatcherServlet - Initializing Servlet 'dispatcherServlet' 
2025-04-02T22:25:24.554 [http-nio-8080-exec-2] INFO o.s.w.s.DispatcherServlet - Completed initialization in 1 ms 
2025-04-02T22:25:24.565 [http-nio-8080-exec-2] DEBUG j.sqltiming -  com.zaxxer.hikari.pool.ProxyPreparedStatement.execute(ProxyPreparedStatement.java:44)
381. SELECT
			seq,
			brandName,
			mealKitName,
			stock,
			price,
			score,
			ingredient,
			mealDelNy,
			mealUseNy
		FROM
			mealKit
		WHERE 1=1
			AND seq = '1'
		ORDER BY seq DESC
 {executed in 1 msec} 
2025-04-02T22:25:26.588 [http-nio-8080-exec-8] DEBUG j.sqltiming -  com.zaxxer.hikari.pool.ProxyPreparedStatement.execute(ProxyPreparedStatement.java:44)
381. UPDATE mealKit SET
			mealDelNy = 1,
			mealModDateTime = now()
		WHERE seq = '1'
 {executed in 3 msec} 
2025-04-02T22:25:26.595 [http-nio-8080-exec-10] DEBUG j.sqltiming -  com.zaxxer.hikari.pool.ProxyPreparedStatement.execute(ProxyPreparedStatement.java:44)
381. SELECT COUNT(*)

		FROM mealKit as a
		WHERE 1=1
		 AND a.mealUseNy = 1 
         AND a.mealDelNy = 0 

		ORDER BY a.seq DESC
 {executed in 1 msec} 
2025-04-02T22:25:29.699 [http-nio-8080-exec-8] DEBUG j.sqltiming -  com.zaxxer.hikari.pool.ProxyPreparedStatement.execute(ProxyPreparedStatement.java:44)
381. SELECT COUNT(*)

		FROM mealKit as a
		WHERE 1=1
		 AND a.mealUseNy = 1 
         AND a.mealDelNy = 1 

		ORDER BY a.seq DESC
 {executed in 0 msec} 
2025-04-02T22:25:29.701 [http-nio-8080-exec-8] DEBUG j.sqltiming -  com.zaxxer.hikari.pool.ProxyPreparedStatement.execute(ProxyPreparedStatement.java:44)
381. SELECT aa.* FROM (
			SELECT
				a.seq,
				a.brandName,
				a.mealKitName,
				a.stock,
				a.price,
				a.score,
				a.ingredient,
				a.mealDelNy,
				a.mealUseNy,
				a.mealRegDateTime,
				a.mealModDateTime

		FROM mealKit as a
		WHERE 1=1
		 AND a.mealUseNy = 1 
         AND a.mealDelNy = 1 

		ORDER BY a.seq DESC

		) aa
		limit 5 offset 0
 {executed in 0 msec} 
2025-04-02T22:25:32.280 [http-nio-8080-exec-5] DEBUG j.sqltiming -  com.zaxxer.hikari.pool.ProxyPreparedStatement.execute(ProxyPreparedStatement.java:44)
381. SELECT
			seq,
			brandName,
			mealKitName,
			stock,
			price,
			score,
			ingredient,
			mealDelNy,
			mealUseNy
		FROM
			mealKit
		WHERE 1=1
			AND seq = '1'
		ORDER BY seq DESC
 {executed in 1 msec} 
2025-04-02T22:25:44.240 [http-nio-8080-exec-3] DEBUG j.sqltiming -  com.zaxxer.hikari.pool.ProxyPreparedStatement.execute(ProxyPreparedStatement.java:44)
381. SELECT COUNT(*)

		FROM mealKit as a
		WHERE 1=1
		 AND a.mealUseNy = 1 
         AND a.mealDelNy = 0 

		ORDER BY a.seq DESC
 {executed in 1 msec} 
2025-04-02T22:25:44.682 [http-nio-8080-exec-7] DEBUG j.sqltiming -  com.zaxxer.hikari.pool.ProxyPreparedStatement.execute(ProxyPreparedStatement.java:44)
381. SELECT COUNT(*)

		FROM mealKit as a
		WHERE 1=1
		 AND a.mealUseNy = 1 
         AND a.mealDelNy = 0 

		ORDER BY a.seq DESC
 {executed in 1 msec} 
2025-04-02T22:25:46.343 [http-nio-8080-exec-4] DEBUG j.sqltiming -  com.zaxxer.hikari.pool.ProxyPreparedStatement.execute(ProxyPreparedStatement.java:44)
381. SELECT COUNT(*)

		FROM mealKit as a
		WHERE 1=1
		 AND a.mealUseNy = 1 
         AND a.mealDelNy = 1 

		ORDER BY a.seq DESC
 {executed in 1 msec} 
2025-04-02T22:25:46.345 [http-nio-8080-exec-4] DEBUG j.sqltiming -  com.zaxxer.hikari.pool.ProxyPreparedStatement.execute(ProxyPreparedStatement.java:44)
381. SELECT aa.* FROM (
			SELECT
				a.seq,
				a.brandName,
				a.mealKitName,
				a.stock,
				a.price,
				a.score,
				a.ingredient,
				a.mealDelNy,
				a.mealUseNy,
				a.mealRegDateTime,
				a.mealModDateTime

		FROM mealKit as a
		WHERE 1=1
		 AND a.mealUseNy = 1 
         AND a.mealDelNy = 1 

		ORDER BY a.seq DESC

		) aa
		limit 5 offset 0
 {executed in 1 msec} 
2025-04-02T22:38:17.225 [http-nio-8080-exec-5] DEBUG j.sqltiming -  com.zaxxer.hikari.pool.ProxyPreparedStatement.execute(ProxyPreparedStatement.java:44)
381. SELECT COUNT(*)

		FROM mealKit as a
		WHERE 1=1
		 AND a.mealUseNy = 1 
         AND a.mealDelNy = 1 

		ORDER BY a.seq DESC
 {executed in 1 msec} 
2025-04-02T22:38:17.228 [http-nio-8080-exec-5] DEBUG j.sqltiming -  com.zaxxer.hikari.pool.ProxyPreparedStatement.execute(ProxyPreparedStatement.java:44)
381. SELECT aa.* FROM (
			SELECT
				a.seq,
				a.brandName,
				a.mealKitName,
				a.stock,
				a.price,
				a.score,
				a.ingredient,
				a.mealDelNy,
				a.mealUseNy,
				a.mealRegDateTime,
				a.mealModDateTime

		FROM mealKit as a
		WHERE 1=1
		 AND a.mealUseNy = 1 
         AND a.mealDelNy = 1 

		ORDER BY a.seq DESC

		) aa
		limit 5 offset 0
 {executed in 1 msec} 
2025-04-02T22:38:20.717 [http-nio-8080-exec-9] DEBUG j.sqltiming -  com.zaxxer.hikari.pool.ProxyPreparedStatement.execute(ProxyPreparedStatement.java:44)
381. SELECT
			seq,
			brandName,
			mealKitName,
			stock,
			price,
			score,
			ingredient,
			mealDelNy,
			mealUseNy
		FROM
			mealKit
		WHERE 1=1
			AND seq = '1'
		ORDER BY seq DESC
 {executed in 1 msec} 
2025-04-02T22:39:17.435 [http-nio-8080-exec-1] DEBUG j.sqltiming -  com.zaxxer.hikari.pool.ProxyPreparedStatement.execute(ProxyPreparedStatement.java:44)
381. SELECT
			seq,
			brandName,
			mealKitName,
			stock,
			price,
			score,
			ingredient,
			mealDelNy,
			mealUseNy
		FROM
			mealKit
		WHERE 1=1
			AND seq = '1'
		ORDER BY seq DESC
 {executed in 0 msec} 
2025-04-02T22:41:21.491 [http-nio-8080-exec-4] DEBUG j.sqltiming -  com.zaxxer.hikari.pool.ProxyPreparedStatement.execute(ProxyPreparedStatement.java:44)
381. SELECT
			seq,
			brandName,
			mealKitName,
			stock,
			price,
			score,
			ingredient,
			mealDelNy,
			mealUseNy
		FROM
			mealKit
		WHERE 1=1
			AND seq = '1'
		ORDER BY seq DESC
 {executed in 1 msec} 
2025-04-02T22:41:27.439 [http-nio-8080-exec-4] DEBUG j.sqltiming -  com.zaxxer.hikari.pool.ProxyPreparedStatement.execute(ProxyPreparedStatement.java:44)
381. SELECT COUNT(*)

		FROM mealKit as a
		WHERE 1=1
		 AND a.mealUseNy = 1 
         AND a.mealDelNy = 1 

		ORDER BY a.seq DESC
 {executed in 1 msec} 
2025-04-02T22:41:27.440 [http-nio-8080-exec-4] DEBUG j.sqltiming -  com.zaxxer.hikari.pool.ProxyPreparedStatement.execute(ProxyPreparedStatement.java:44)
381. SELECT aa.* FROM (
			SELECT
				a.seq,
				a.brandName,
				a.mealKitName,
				a.stock,
				a.price,
				a.score,
				a.ingredient,
				a.mealDelNy,
				a.mealUseNy,
				a.mealRegDateTime,
				a.mealModDateTime

		FROM mealKit as a
		WHERE 1=1
		 AND a.mealUseNy = 1 
         AND a.mealDelNy = 1 

		ORDER BY a.seq DESC

		) aa
		limit 5 offset 0
 {executed in 0 msec} 
2025-04-02T22:41:29.887 [http-nio-8080-exec-8] DEBUG j.sqltiming -  com.zaxxer.hikari.pool.ProxyPreparedStatement.execute(ProxyPreparedStatement.java:44)
381. SELECT
			seq,
			brandName,
			mealKitName,
			stock,
			price,
			score,
			ingredient,
			mealDelNy,
			mealUseNy
		FROM
			mealKit
		WHERE 1=1
			AND seq = '1'
		ORDER BY seq DESC
 {executed in 0 msec} 
2025-04-02T22:42:31.876 [http-nio-8080-exec-6] DEBUG j.sqltiming -  com.zaxxer.hikari.pool.ProxyPreparedStatement.execute(ProxyPreparedStatement.java:44)
381. SELECT
			seq,
			brandName,
			mealKitName,
			stock,
			price,
			score,
			ingredient,
			mealDelNy,
			mealUseNy
		FROM
			mealKit
		WHERE 1=1
			AND seq = '1'
		ORDER BY seq DESC
 {executed in 0 msec} 
2025-04-02T22:43:57.919 [http-nio-8080-exec-4] DEBUG j.sqltiming -  com.zaxxer.hikari.pool.ProxyPreparedStatement.execute(ProxyPreparedStatement.java:44)
381. SELECT
			seq,
			brandName,
			mealKitName,
			stock,
			price,
			score,
			ingredient,
			mealDelNy,
			mealUseNy
		FROM
			mealKit
		WHERE 1=1
			AND seq = '1'
		ORDER BY seq DESC
 {executed in 0 msec} 
2025-04-02T22:45:16.030 [http-nio-8080-exec-5] DEBUG j.sqltiming -  com.zaxxer.hikari.pool.ProxyPreparedStatement.execute(ProxyPreparedStatement.java:44)
381. SELECT
			seq,
			brandName,
			mealKitName,
			stock,
			price,
			score,
			ingredient,
			mealDelNy,
			mealUseNy
		FROM
			mealKit
		WHERE 1=1
			AND seq = '1'
		ORDER BY seq DESC
 {executed in 1 msec} 
2025-04-02T22:45:36.814 [http-nio-8080-exec-10] DEBUG j.sqltiming -  com.zaxxer.hikari.pool.ProxyPreparedStatement.execute(ProxyPreparedStatement.java:44)
381. SELECT
			seq,
			brandName,
			mealKitName,
			stock,
			price,
			score,
			ingredient,
			mealDelNy,
			mealUseNy
		FROM
			mealKit
		WHERE 1=1
			AND seq = '1'
		ORDER BY seq DESC
 {executed in 1 msec} 
2025-04-02T22:46:07.508 [http-nio-8080-exec-2] DEBUG j.sqltiming -  com.zaxxer.hikari.pool.ProxyPreparedStatement.execute(ProxyPreparedStatement.java:44)
381. SELECT
			seq,
			brandName,
			mealKitName,
			stock,
			price,
			score,
			ingredient,
			mealDelNy,
			mealUseNy
		FROM
			mealKit
		WHERE 1=1
			AND seq = '1'
		ORDER BY seq DESC
 {executed in 1 msec} 
2025-04-02T22:46:13.911 [http-nio-8080-exec-8] ERROR j.sqltiming -  com.zaxxer.hikari.pool.ProxyPreparedStatement.execute(ProxyPreparedStatement.java:44)
381. UPDATE mealKit SET
			brandName = 10,
			mealKitName = '양지육수 왕교자 만두전골',
			stock = '100',
			price = '15980',
			score = '4.5',
			ingredient = '돼지고기, 밀가루, 숙면, 번성전분, 정제소금, 배추, 사태양지우린물, 대파, 표고버섯, 마늘',
			mealDelNy = '0',
			mealUseNy = '1',
			userUi_seq = NULL,
			mealModDateTime = now()
		WHERE seq = '1'
 {FAILED after 2 msec} 
java.sql.SQLSyntaxErrorException: Unknown column 'userUi_seq' in 'field list'
	at com.mysql.cj.jdbc.exceptions.SQLError.createSQLException(SQLError.java:112)
	at com.mysql.cj.jdbc.exceptions.SQLExceptionsMapping.translateException(SQLExceptionsMapping.java:114)
	at com.mysql.cj.jdbc.ClientPreparedStatement.executeInternal(ClientPreparedStatement.java:988)
	at com.mysql.cj.jdbc.ClientPreparedStatement.execute(ClientPreparedStatement.java:382)
	at net.sf.log4jdbc.sql.jdbcapi.PreparedStatementSpy.execute(PreparedStatementSpy.java:443)
	at com.zaxxer.hikari.pool.ProxyPreparedStatement.execute(ProxyPreparedStatement.java:44)
	at com.zaxxer.hikari.pool.HikariProxyPreparedStatement.execute(HikariProxyPreparedStatement.java)
	at org.apache.ibatis.executor.statement.PreparedStatementHandler.update(PreparedStatementHandler.java:48)
	at org.apache.ibatis.executor.statement.RoutingStatementHandler.update(RoutingStatementHandler.java:75)
	at org.apache.ibatis.executor.SimpleExecutor.doUpdate(SimpleExecutor.java:50)
	at org.apache.ibatis.executor.BaseExecutor.update(BaseExecutor.java:117)
	at org.apache.ibatis.executor.CachingExecutor.update(CachingExecutor.java:76)
	at org.apache.ibatis.session.defaults.DefaultSqlSession.update(DefaultSqlSession.java:197)
	at java.base/jdk.internal.reflect.DirectMethodHandleAccessor.invoke(DirectMethodHandleAccessor.java:103)
	at java.base/java.lang.reflect.Method.invoke(Method.java:580)
	at org.mybatis.spring.SqlSessionTemplate$SqlSessionInterceptor.invoke(SqlSessionTemplate.java:333)
	at jdk.proxy2/jdk.proxy2.$Proxy64.update(Unknown Source)
	at org.mybatis.spring.SqlSessionTemplate.update(SqlSessionTemplate.java:234)
	at org.apache.ibatis.binding.MapperMethod.execute(MapperMethod.java:67)
	at org.apache.ibatis.binding.MapperProxy$PlainMethodInvoker.invoke(MapperProxy.java:141)
	at org.apache.ibatis.binding.MapperProxy.invoke(MapperProxy.java:86)
	at jdk.proxy42/jdk.proxy42.$Proxy461.update(Unknown Source)
	at java.base/jdk.internal.reflect.DirectMethodHandleAccessor.invoke(DirectMethodHandleAccessor.java:103)
	at java.base/java.lang.reflect.Method.invoke(Method.java:580)
	at org.springframework.aop.support.AopUtils.invokeJoinpointUsingReflection(AopUtils.java:359)
	at org.springframework.aop.framework.ReflectiveMethodInvocation.invokeJoinpoint(ReflectiveMethodInvocation.java:196)
	at org.springframework.aop.framework.ReflectiveMethodInvocation.proceed(ReflectiveMethodInvocation.java:163)
	at org.springframework.dao.support.PersistenceExceptionTranslationInterceptor.invoke(PersistenceExceptionTranslationInterceptor.java:138)
	at org.springframework.aop.framework.ReflectiveMethodInvocation.proceed(ReflectiveMethodInvocation.java:184)
	at org.springframework.aop.framework.JdkDynamicAopProxy.invoke(JdkDynamicAopProxy.java:223)
	at jdk.proxy42/jdk.proxy42.$Proxy462.update(Unknown Source)
	at com.a7a7.modeule.product.ProductService.update(ProductService.java:33)
	at com.a7a7.modeule.product.ProductController.productXdmUpdt(ProductController.java:64)
	at java.base/jdk.internal.reflect.DirectMethodHandleAccessor.invoke(DirectMethodHandleAccessor.java:103)
	at java.base/java.lang.reflect.Method.invoke(Method.java:580)
	at org.springframework.web.method.support.InvocableHandlerMethod.doInvoke(InvocableHandlerMethod.java:257)
	at org.springframework.web.method.support.InvocableHandlerMethod.invokeForRequest(InvocableHandlerMethod.java:190)
	at org.springframework.web.servlet.mvc.method.annotation.ServletInvocableHandlerMethod.invokeAndHandle(ServletInvocableHandlerMethod.java:118)
	at org.springframework.web.servlet.mvc.method.annotation.RequestMappingHandlerAdapter.invokeHandlerMethod(RequestMappingHandlerAdapter.java:986)
	at org.springframework.web.servlet.mvc.method.annotation.RequestMappingHandlerAdapter.handleInternal(RequestMappingHandlerAdapter.java:891)
	at org.springframework.web.servlet.mvc.method.AbstractHandlerMethodAdapter.handle(AbstractHandlerMethodAdapter.java:87)
	at org.springframework.web.servlet.DispatcherServlet.doDispatch(DispatcherServlet.java:1088)
	at org.springframework.web.servlet.DispatcherServlet.doService(DispatcherServlet.java:978)
	at org.springframework.web.servlet.FrameworkServlet.processRequest(FrameworkServlet.java:1014)
	at org.springframework.web.servlet.FrameworkServlet.doPost(FrameworkServlet.java:914)
	at jakarta.servlet.http.HttpServlet.service(HttpServlet.java:590)
	at org.springframework.web.servlet.FrameworkServlet.service(FrameworkServlet.java:885)
	at jakarta.servlet.http.HttpServlet.service(HttpServlet.java:658)
	at org.apache.catalina.core.ApplicationFilterChain.internalDoFilter(ApplicationFilterChain.java:195)
	at org.apache.catalina.core.ApplicationFilterChain.doFilter(ApplicationFilterChain.java:140)
	at org.apache.tomcat.websocket.server.WsFilter.doFilter(WsFilter.java:51)
	at org.apache.catalina.core.ApplicationFilterChain.internalDoFilter(ApplicationFilterChain.java:164)
	at org.apache.catalina.core.ApplicationFilterChain.doFilter(ApplicationFilterChain.java:140)
	at org.springframework.web.filter.RequestContextFilter.doFilterInternal(RequestContextFilter.java:100)
	at org.springframework.web.filter.OncePerRequestFilter.doFilter(OncePerRequestFilter.java:116)
	at org.apache.catalina.core.ApplicationFilterChain.internalDoFilter(ApplicationFilterChain.java:164)
	at org.apache.catalina.core.ApplicationFilterChain.doFilter(ApplicationFilterChain.java:140)
	at org.springframework.web.filter.FormContentFilter.doFilterInternal(FormContentFilter.java:93)
	at org.springframework.web.filter.OncePerRequestFilter.doFilter(OncePerRequestFilter.java:116)
	at org.apache.catalina.core.ApplicationFilterChain.internalDoFilter(ApplicationFilterChain.java:164)
	at org.apache.catalina.core.ApplicationFilterChain.doFilter(ApplicationFilterChain.java:140)
	at org.springframework.web.filter.CharacterEncodingFilter.doFilterInternal(CharacterEncodingFilter.java:201)
	at org.springframework.web.filter.OncePerRequestFilter.doFilter(OncePerRequestFilter.java:116)
	at org.apache.catalina.core.ApplicationFilterChain.internalDoFilter(ApplicationFilterChain.java:164)
	at org.apache.catalina.core.ApplicationFilterChain.doFilter(ApplicationFilterChain.java:140)
	at org.apache.catalina.core.StandardWrapperValve.invoke(StandardWrapperValve.java:167)
	at org.apache.catalina.core.StandardContextValve.invoke(StandardContextValve.java:90)
	at org.apache.catalina.authenticator.AuthenticatorBase.invoke(AuthenticatorBase.java:483)
	at org.apache.catalina.core.StandardHostValve.invoke(StandardHostValve.java:115)
	at org.apache.catalina.valves.ErrorReportValve.invoke(ErrorReportValve.java:93)
	at org.apache.catalina.core.StandardEngineValve.invoke(StandardEngineValve.java:74)
	at org.apache.catalina.connector.CoyoteAdapter.service(CoyoteAdapter.java:344)
	at org.apache.coyote.http11.Http11Processor.service(Http11Processor.java:397)
	at org.apache.coyote.AbstractProcessorLight.process(AbstractProcessorLight.java:63)
	at org.apache.coyote.AbstractProtocol$ConnectionHandler.process(AbstractProtocol.java:905)
	at org.apache.tomcat.util.net.NioEndpoint$SocketProcessor.doRun(NioEndpoint.java:1743)
	at org.apache.tomcat.util.net.SocketProcessorBase.run(SocketProcessorBase.java:52)
	at org.apache.tomcat.util.threads.ThreadPoolExecutor.runWorker(ThreadPoolExecutor.java:1190)
	at org.apache.tomcat.util.threads.ThreadPoolExecutor$Worker.run(ThreadPoolExecutor.java:659)
	at org.apache.tomcat.util.threads.TaskThread$WrappingRunnable.run(TaskThread.java:63)
	at java.base/java.lang.Thread.run(Thread.java:1583)
2025-04-02T22:46:13.914 [http-nio-8080-exec-8] ERROR o.a.c.c.C.[.[.[.[dispatcherServlet] - Servlet.service() for servlet [dispatcherServlet] in context with path [] threw exception [Request processing failed: org.springframework.jdbc.BadSqlGrammarException: 
### Error updating database.  Cause: java.sql.SQLSyntaxErrorException: Unknown column 'userUi_seq' in 'field list'
### The error may exist in file [C:\factory\ws_sts4_4270\repo_zip\zip\bin\main\mybatis\mapper\mysql\main\infra\ProductMapper.xml]
### The error may involve defaultParameterMap
### The error occurred while setting parameters
### SQL: UPDATE mealKit SET    brandName = ?,    mealKitName = ?,    stock = ?,    price = ?,    score = ?,    ingredient = ?,    mealDelNy = ?,    mealUseNy = ?,    userUi_seq = ?,    mealModDateTime = now()   WHERE seq = ?
### Cause: java.sql.SQLSyntaxErrorException: Unknown column 'userUi_seq' in 'field list'
; bad SQL grammar []] with root cause 
java.sql.SQLSyntaxErrorException: Unknown column 'userUi_seq' in 'field list'
	at com.mysql.cj.jdbc.exceptions.SQLError.createSQLException(SQLError.java:112)
	at com.mysql.cj.jdbc.exceptions.SQLExceptionsMapping.translateException(SQLExceptionsMapping.java:114)
	at com.mysql.cj.jdbc.ClientPreparedStatement.executeInternal(ClientPreparedStatement.java:988)
	at com.mysql.cj.jdbc.ClientPreparedStatement.execute(ClientPreparedStatement.java:382)
	at net.sf.log4jdbc.sql.jdbcapi.PreparedStatementSpy.execute(PreparedStatementSpy.java:443)
	at com.zaxxer.hikari.pool.ProxyPreparedStatement.execute(ProxyPreparedStatement.java:44)
	at com.zaxxer.hikari.pool.HikariProxyPreparedStatement.execute(HikariProxyPreparedStatement.java)
	at org.apache.ibatis.executor.statement.PreparedStatementHandler.update(PreparedStatementHandler.java:48)
	at org.apache.ibatis.executor.statement.RoutingStatementHandler.update(RoutingStatementHandler.java:75)
	at org.apache.ibatis.executor.SimpleExecutor.doUpdate(SimpleExecutor.java:50)
	at org.apache.ibatis.executor.BaseExecutor.update(BaseExecutor.java:117)
	at org.apache.ibatis.executor.CachingExecutor.update(CachingExecutor.java:76)
	at org.apache.ibatis.session.defaults.DefaultSqlSession.update(DefaultSqlSession.java:197)
	at java.base/jdk.internal.reflect.DirectMethodHandleAccessor.invoke(DirectMethodHandleAccessor.java:103)
	at java.base/java.lang.reflect.Method.invoke(Method.java:580)
	at org.mybatis.spring.SqlSessionTemplate$SqlSessionInterceptor.invoke(SqlSessionTemplate.java:333)
	at jdk.proxy2/jdk.proxy2.$Proxy64.update(Unknown Source)
	at org.mybatis.spring.SqlSessionTemplate.update(SqlSessionTemplate.java:234)
	at org.apache.ibatis.binding.MapperMethod.execute(MapperMethod.java:67)
	at org.apache.ibatis.binding.MapperProxy$PlainMethodInvoker.invoke(MapperProxy.java:141)
	at org.apache.ibatis.binding.MapperProxy.invoke(MapperProxy.java:86)
	at jdk.proxy42/jdk.proxy42.$Proxy461.update(Unknown Source)
	at java.base/jdk.internal.reflect.DirectMethodHandleAccessor.invoke(DirectMethodHandleAccessor.java:103)
	at java.base/java.lang.reflect.Method.invoke(Method.java:580)
	at org.springframework.aop.support.AopUtils.invokeJoinpointUsingReflection(AopUtils.java:359)
	at org.springframework.aop.framework.ReflectiveMethodInvocation.invokeJoinpoint(ReflectiveMethodInvocation.java:196)
	at org.springframework.aop.framework.ReflectiveMethodInvocation.proceed(ReflectiveMethodInvocation.java:163)
	at org.springframework.dao.support.PersistenceExceptionTranslationInterceptor.invoke(PersistenceExceptionTranslationInterceptor.java:138)
	at org.springframework.aop.framework.ReflectiveMethodInvocation.proceed(ReflectiveMethodInvocation.java:184)
	at org.springframework.aop.framework.JdkDynamicAopProxy.invoke(JdkDynamicAopProxy.java:223)
	at jdk.proxy42/jdk.proxy42.$Proxy462.update(Unknown Source)
	at com.a7a7.modeule.product.ProductService.update(ProductService.java:33)
	at com.a7a7.modeule.product.ProductController.productXdmUpdt(ProductController.java:64)
	at java.base/jdk.internal.reflect.DirectMethodHandleAccessor.invoke(DirectMethodHandleAccessor.java:103)
	at java.base/java.lang.reflect.Method.invoke(Method.java:580)
	at org.springframework.web.method.support.InvocableHandlerMethod.doInvoke(InvocableHandlerMethod.java:257)
	at org.springframework.web.method.support.InvocableHandlerMethod.invokeForRequest(InvocableHandlerMethod.java:190)
	at org.springframework.web.servlet.mvc.method.annotation.ServletInvocableHandlerMethod.invokeAndHandle(ServletInvocableHandlerMethod.java:118)
	at org.springframework.web.servlet.mvc.method.annotation.RequestMappingHandlerAdapter.invokeHandlerMethod(RequestMappingHandlerAdapter.java:986)
	at org.springframework.web.servlet.mvc.method.annotation.RequestMappingHandlerAdapter.handleInternal(RequestMappingHandlerAdapter.java:891)
	at org.springframework.web.servlet.mvc.method.AbstractHandlerMethodAdapter.handle(AbstractHandlerMethodAdapter.java:87)
	at org.springframework.web.servlet.DispatcherServlet.doDispatch(DispatcherServlet.java:1088)
	at org.springframework.web.servlet.DispatcherServlet.doService(DispatcherServlet.java:978)
	at org.springframework.web.servlet.FrameworkServlet.processRequest(FrameworkServlet.java:1014)
	at org.springframework.web.servlet.FrameworkServlet.doPost(FrameworkServlet.java:914)
	at jakarta.servlet.http.HttpServlet.service(HttpServlet.java:590)
	at org.springframework.web.servlet.FrameworkServlet.service(FrameworkServlet.java:885)
	at jakarta.servlet.http.HttpServlet.service(HttpServlet.java:658)
	at org.apache.catalina.core.ApplicationFilterChain.internalDoFilter(ApplicationFilterChain.java:195)
	at org.apache.catalina.core.ApplicationFilterChain.doFilter(ApplicationFilterChain.java:140)
	at org.apache.tomcat.websocket.server.WsFilter.doFilter(WsFilter.java:51)
	at org.apache.catalina.core.ApplicationFilterChain.internalDoFilter(ApplicationFilterChain.java:164)
	at org.apache.catalina.core.ApplicationFilterChain.doFilter(ApplicationFilterChain.java:140)
	at org.springframework.web.filter.RequestContextFilter.doFilterInternal(RequestContextFilter.java:100)
	at org.springframework.web.filter.OncePerRequestFilter.doFilter(OncePerRequestFilter.java:116)
	at org.apache.catalina.core.ApplicationFilterChain.internalDoFilter(ApplicationFilterChain.java:164)
	at org.apache.catalina.core.ApplicationFilterChain.doFilter(ApplicationFilterChain.java:140)
	at org.springframework.web.filter.FormContentFilter.doFilterInternal(FormContentFilter.java:93)
	at org.springframework.web.filter.OncePerRequestFilter.doFilter(OncePerRequestFilter.java:116)
	at org.apache.catalina.core.ApplicationFilterChain.internalDoFilter(ApplicationFilterChain.java:164)
	at org.apache.catalina.core.ApplicationFilterChain.doFilter(ApplicationFilterChain.java:140)
	at org.springframework.web.filter.CharacterEncodingFilter.doFilterInternal(CharacterEncodingFilter.java:201)
	at org.springframework.web.filter.OncePerRequestFilter.doFilter(OncePerRequestFilter.java:116)
	at org.apache.catalina.core.ApplicationFilterChain.internalDoFilter(ApplicationFilterChain.java:164)
	at org.apache.catalina.core.ApplicationFilterChain.doFilter(ApplicationFilterChain.java:140)
	at org.apache.catalina.core.StandardWrapperValve.invoke(StandardWrapperValve.java:167)
	at org.apache.catalina.core.StandardContextValve.invoke(StandardContextValve.java:90)
	at org.apache.catalina.authenticator.AuthenticatorBase.invoke(AuthenticatorBase.java:483)
	at org.apache.catalina.core.StandardHostValve.invoke(StandardHostValve.java:115)
	at org.apache.catalina.valves.ErrorReportValve.invoke(ErrorReportValve.java:93)
	at org.apache.catalina.core.StandardEngineValve.invoke(StandardEngineValve.java:74)
	at org.apache.catalina.connector.CoyoteAdapter.service(CoyoteAdapter.java:344)
	at org.apache.coyote.http11.Http11Processor.service(Http11Processor.java:397)
	at org.apache.coyote.AbstractProcessorLight.process(AbstractProcessorLight.java:63)
	at org.apache.coyote.AbstractProtocol$ConnectionHandler.process(AbstractProtocol.java:905)
	at org.apache.tomcat.util.net.NioEndpoint$SocketProcessor.doRun(NioEndpoint.java:1743)
	at org.apache.tomcat.util.net.SocketProcessorBase.run(SocketProcessorBase.java:52)
	at org.apache.tomcat.util.threads.ThreadPoolExecutor.runWorker(ThreadPoolExecutor.java:1190)
	at org.apache.tomcat.util.threads.ThreadPoolExecutor$Worker.run(ThreadPoolExecutor.java:659)
	at org.apache.tomcat.util.threads.TaskThread$WrappingRunnable.run(TaskThread.java:63)
	at java.base/java.lang.Thread.run(Thread.java:1583)
2025-04-02T22:47:13.007 [File Watcher] INFO o.s.b.d.a.LocalDevToolsAutoConfiguration$RestartingClassPathChangeChangedEventListener - Restarting due to 1 class path change (0 additions, 0 deletions, 1 modification) 
2025-04-02T22:47:13.008 [Thread-155] INFO o.s.b.w.e.t.GracefulShutdown - Commencing graceful shutdown. Waiting for active requests to complete 
2025-04-02T22:47:13.008 [tomcat-shutdown] INFO o.a.c.h.Http11NioProtocol - Pausing ProtocolHandler ["http-nio-8080"] 
2025-04-02T22:47:13.010 [tomcat-shutdown] INFO o.s.b.w.e.t.GracefulShutdown - Graceful shutdown complete 
2025-04-02T22:47:13.011 [Thread-155] INFO o.a.c.h.Http11NioProtocol - Stopping ProtocolHandler ["http-nio-8080"] 
2025-04-02T22:47:13.013 [Thread-155] INFO c.z.h.HikariDataSource - HikariPool-39 - Shutdown initiated... 
2025-04-02T22:47:13.016 [Thread-155] INFO c.z.h.HikariDataSource - HikariPool-39 - Shutdown completed. 
2025-04-02T22:47:13.077 [restartedMain] INFO c.a.ZipApplication - Starting ZipApplication using Java 21.0.5 with PID 23364 (C:\factory\ws_sts4_4270\repo_zip\zip\bin\main started by user in C:\factory\ws_sts4_4270\repo_zip\zip) 
2025-04-02T22:47:13.078 [restartedMain] INFO c.a.ZipApplication - No active profile set, falling back to 1 default profile: "default" 
2025-04-02T22:47:13.197 [restartedMain] INFO o.s.b.w.e.t.TomcatWebServer - Tomcat initialized with port 8080 (http) 
2025-04-02T22:47:13.198 [restartedMain] INFO o.a.c.h.Http11NioProtocol - Initializing ProtocolHandler ["http-nio-8080"] 
2025-04-02T22:47:13.198 [restartedMain] INFO o.a.c.c.StandardService - Starting service [Tomcat] 
2025-04-02T22:47:13.198 [restartedMain] INFO o.a.c.c.StandardEngine - Starting Servlet engine: [Apache Tomcat/10.1.36] 
2025-04-02T22:47:13.205 [restartedMain] INFO o.a.c.c.C.[.[.[/] - Initializing Spring embedded WebApplicationContext 
2025-04-02T22:47:13.205 [restartedMain] INFO o.s.b.w.s.c.ServletWebServerApplicationContext - Root WebApplicationContext: initialization completed in 126 ms 
2025-04-02T22:47:13.260 [restartedMain] INFO c.z.h.HikariDataSource - HikariPool-40 - Starting... 
2025-04-02T22:47:13.270 [restartedMain] INFO c.z.h.p.HikariPool - HikariPool-40 - Added connection net.sf.log4jdbc.sql.jdbcapi.ConnectionSpy@38e3374d 
2025-04-02T22:47:13.271 [restartedMain] INFO c.z.h.HikariDataSource - HikariPool-40 - Start completed. 
2025-04-02T22:47:13.271 [restartedMain] DEBUG j.sqltiming -  com.zaxxer.hikari.pool.ProxyPreparedStatement.execute(ProxyPreparedStatement.java:44)
391. SELECT 
			ifcdSeq
			, ifcdName
			, ifcgSeq
		FROM
			code
		WHERE 1=1
			AND ifcdDelNy = 0
		    AND ifcdUseNy = 1
 {executed in 0 msec} 
2025-04-02T22:47:13.343 [restartedMain] INFO o.s.b.d.a.OptionalLiveReloadServer - LiveReload server is running on port 35729 
2025-04-02T22:47:13.347 [restartedMain] INFO o.a.c.h.Http11NioProtocol - Starting ProtocolHandler ["http-nio-8080"] 
2025-04-02T22:47:13.350 [restartedMain] INFO o.s.b.w.e.t.TomcatWebServer - Tomcat started on port 8080 (http) with context path '/' 
2025-04-02T22:47:13.352 [restartedMain] INFO c.a.ZipApplication - Started ZipApplication in 0.293 seconds (process running for 6172.239) 
2025-04-02T22:47:13.353 [restartedMain] INFO o.s.b.d.a.ConditionEvaluationDeltaLoggingListener - Condition evaluation unchanged 
2025-04-02T22:47:14.285 [http-nio-8080-exec-1] INFO o.a.c.c.C.[.[.[/] - Initializing Spring DispatcherServlet 'dispatcherServlet' 
2025-04-02T22:47:14.285 [http-nio-8080-exec-1] INFO o.s.w.s.DispatcherServlet - Initializing Servlet 'dispatcherServlet' 
2025-04-02T22:47:14.286 [http-nio-8080-exec-1] INFO o.s.w.s.DispatcherServlet - Completed initialization in 1 ms 
2025-04-02T22:47:15.641 [http-nio-8080-exec-8] DEBUG j.sqltiming -  com.zaxxer.hikari.pool.ProxyPreparedStatement.execute(ProxyPreparedStatement.java:44)
391. SELECT
			seq,
			brandName,
			mealKitName,
			stock,
			price,
			score,
			ingredient,
			mealDelNy,
			mealUseNy
		FROM
			mealKit
		WHERE 1=1
			AND seq = '1'
		ORDER BY seq DESC
 {executed in 1 msec} 
2025-04-02T22:47:48.921 [http-nio-8080-exec-5] DEBUG j.sqltiming -  com.zaxxer.hikari.pool.ProxyPreparedStatement.execute(ProxyPreparedStatement.java:44)
391. SELECT
			seq,
			brandName,
			mealKitName,
			stock,
			price,
			score,
			ingredient,
			mealDelNy,
			mealUseNy
		FROM
			mealKit
		WHERE 1=1
			AND seq = '1'
		ORDER BY seq DESC
 {executed in 1 msec} 
2025-04-02T22:47:52.048 [http-nio-8080-exec-4] DEBUG j.sqltiming -  com.zaxxer.hikari.pool.ProxyPreparedStatement.execute(ProxyPreparedStatement.java:44)
391. UPDATE mealKit SET
			brandName = 10,
			mealKitName = '양지육수 왕교자 만두전골',
			stock = '100',
			price = '15980',
			score = '4.5',
			ingredient = '돼지고기, 밀가루, 숙면, 번성전분, 정제소금, 배추, 사태양지우린물, 대파, 표고버섯, 마늘',
			mealDelNy = '0',
			mealUseNy = '1',
			mealModDateTime = now()
		WHERE seq = '1'
 {executed in 4 msec} 
2025-04-02T22:47:52.054 [http-nio-8080-exec-9] DEBUG j.sqltiming -  com.zaxxer.hikari.pool.ProxyPreparedStatement.execute(ProxyPreparedStatement.java:44)
391. SELECT COUNT(*)

		FROM mealKit as a
		WHERE 1=1
		 AND a.mealUseNy = 1 
         AND a.mealDelNy = 0 

		ORDER BY a.seq DESC
 {executed in 1 msec} 
2025-04-02T22:47:52.056 [http-nio-8080-exec-9] DEBUG j.sqltiming -  com.zaxxer.hikari.pool.ProxyPreparedStatement.execute(ProxyPreparedStatement.java:44)
391. SELECT aa.* FROM (
			SELECT
				a.seq,
				a.brandName,
				a.mealKitName,
				a.stock,
				a.price,
				a.score,
				a.ingredient,
				a.mealDelNy,
				a.mealUseNy,
				a.mealRegDateTime,
				a.mealModDateTime

		FROM mealKit as a
		WHERE 1=1
		 AND a.mealUseNy = 1 
         AND a.mealDelNy = 0 

		ORDER BY a.seq DESC

		) aa
		limit 5 offset 0
 {executed in 1 msec} 
2025-04-02T22:47:55.188 [http-nio-8080-exec-1] DEBUG j.sqltiming -  com.zaxxer.hikari.pool.ProxyPreparedStatement.execute(ProxyPreparedStatement.java:44)
391. SELECT COUNT(*)

		FROM mealKit as a
		WHERE 1=1
		 AND a.mealUseNy = 1 
         AND a.mealDelNy = 1 

		ORDER BY a.seq DESC
 {executed in 1 msec} 
2025-04-02T22:47:57.500 [http-nio-8080-exec-10] DEBUG j.sqltiming -  com.zaxxer.hikari.pool.ProxyPreparedStatement.execute(ProxyPreparedStatement.java:44)
391. SELECT COUNT(*)

		FROM mealKit as a
		WHERE 1=1
		 AND a.mealUseNy = 1 
         AND a.mealDelNy = 0 

		ORDER BY a.seq DESC
 {executed in 1 msec} 
2025-04-02T22:47:57.502 [http-nio-8080-exec-10] DEBUG j.sqltiming -  com.zaxxer.hikari.pool.ProxyPreparedStatement.execute(ProxyPreparedStatement.java:44)
391. SELECT aa.* FROM (
			SELECT
				a.seq,
				a.brandName,
				a.mealKitName,
				a.stock,
				a.price,
				a.score,
				a.ingredient,
				a.mealDelNy,
				a.mealUseNy,
				a.mealRegDateTime,
				a.mealModDateTime

		FROM mealKit as a
		WHERE 1=1
		 AND a.mealUseNy = 1 
         AND a.mealDelNy = 0 

		ORDER BY a.seq DESC

		) aa
		limit 5 offset 0
 {executed in 1 msec} 
2025-04-02T22:48:51.448 [http-nio-8080-exec-4] DEBUG j.sqltiming -  com.zaxxer.hikari.pool.ProxyPreparedStatement.execute(ProxyPreparedStatement.java:44)
391. SELECT COUNT(*)

		FROM mealKit as a
		WHERE 1=1
		 AND a.mealUseNy = 1 
         AND a.mealDelNy = 0 

		ORDER BY a.seq DESC
 {executed in 1 msec} 
2025-04-02T22:48:51.450 [http-nio-8080-exec-4] DEBUG j.sqltiming -  com.zaxxer.hikari.pool.ProxyPreparedStatement.execute(ProxyPreparedStatement.java:44)
391. SELECT aa.* FROM (
			SELECT
				a.seq,
				a.brandName,
				a.mealKitName,
				a.stock,
				a.price,
				a.score,
				a.ingredient,
				a.mealDelNy,
				a.mealUseNy,
				a.mealRegDateTime,
				a.mealModDateTime

		FROM mealKit as a
		WHERE 1=1
		 AND a.mealUseNy = 1 
         AND a.mealDelNy = 0 

		ORDER BY a.seq DESC

		) aa
		limit 5 offset 0
 {executed in 1 msec} 
2025-04-02T22:48:53.392 [http-nio-8080-exec-10] DEBUG j.sqltiming -  com.zaxxer.hikari.pool.ProxyPreparedStatement.execute(ProxyPreparedStatement.java:44)
391. SELECT
			seq,
			brandName,
			mealKitName,
			stock,
			price,
			score,
			ingredient,
			mealDelNy,
			mealUseNy
		FROM
			mealKit
		WHERE 1=1
			AND seq = '1'
		ORDER BY seq DESC
 {executed in 3 msec} 
2025-04-02T22:50:02.612 [http-nio-8080-exec-9] DEBUG j.sqltiming -  com.zaxxer.hikari.pool.ProxyPreparedStatement.execute(ProxyPreparedStatement.java:44)
391. SELECT
			seq,
			brandName,
			mealKitName,
			stock,
			price,
			score,
			ingredient,
			mealDelNy,
			mealUseNy
		FROM
			mealKit
		WHERE 1=1
			AND seq = '1'
		ORDER BY seq DESC
 {executed in 1 msec} 
2025-04-02T22:50:05.926 [http-nio-8080-exec-6] DEBUG j.sqltiming -  com.zaxxer.hikari.pool.ProxyPreparedStatement.execute(ProxyPreparedStatement.java:44)
391. UPDATE mealKit SET
			brandName = 10,
			mealKitName = '양지육수 왕교자 만두전골',
			stock = '100',
			price = '15980',
			score = '4.5',
			ingredient = '돼지고기, 밀가루, 숙면, 번성전분, 정제소금, 배추, 사태양지우린물, 대파, 표고버섯, 마늘',
			mealDelNy = '1',
			mealUseNy = '1',
			mealModDateTime = now()
		WHERE seq = '1'
 {executed in 5 msec} 
2025-04-02T22:50:05.931 [http-nio-8080-exec-10] DEBUG j.sqltiming -  com.zaxxer.hikari.pool.ProxyPreparedStatement.execute(ProxyPreparedStatement.java:44)
391. SELECT COUNT(*)

		FROM mealKit as a
		WHERE 1=1
		 AND a.mealUseNy = 1 
         AND a.mealDelNy = 0 

		ORDER BY a.seq DESC
 {executed in 1 msec} 
2025-04-02T22:50:08.356 [http-nio-8080-exec-2] DEBUG j.sqltiming -  com.zaxxer.hikari.pool.ProxyPreparedStatement.execute(ProxyPreparedStatement.java:44)
391. SELECT COUNT(*)

		FROM mealKit as a
		WHERE 1=1
		 AND a.mealUseNy = 1 
         AND a.mealDelNy = 1 

		ORDER BY a.seq DESC
 {executed in 1 msec} 
2025-04-02T22:50:08.358 [http-nio-8080-exec-2] DEBUG j.sqltiming -  com.zaxxer.hikari.pool.ProxyPreparedStatement.execute(ProxyPreparedStatement.java:44)
391. SELECT aa.* FROM (
			SELECT
				a.seq,
				a.brandName,
				a.mealKitName,
				a.stock,
				a.price,
				a.score,
				a.ingredient,
				a.mealDelNy,
				a.mealUseNy,
				a.mealRegDateTime,
				a.mealModDateTime

		FROM mealKit as a
		WHERE 1=1
		 AND a.mealUseNy = 1 
         AND a.mealDelNy = 1 

		ORDER BY a.seq DESC

		) aa
		limit 5 offset 0
 {executed in 1 msec} 
2025-04-02T22:50:09.197 [http-nio-8080-exec-6] DEBUG j.sqltiming -  com.zaxxer.hikari.pool.ProxyPreparedStatement.execute(ProxyPreparedStatement.java:44)
391. SELECT
			seq,
			brandName,
			mealKitName,
			stock,
			price,
			score,
			ingredient,
			mealDelNy,
			mealUseNy
		FROM
			mealKit
		WHERE 1=1
			AND seq = '1'
		ORDER BY seq DESC
 {executed in 1 msec} 
2025-04-02T22:50:11.965 [http-nio-8080-exec-7] DEBUG j.sqltiming -  com.zaxxer.hikari.pool.ProxyPreparedStatement.execute(ProxyPreparedStatement.java:44)
391. UPDATE mealKit SET
			brandName = 10,
			mealKitName = '양지육수 왕교자 만두전골',
			stock = '100',
			price = '15980',
			score = '4.5',
			ingredient = '돼지고기, 밀가루, 숙면, 번성전분, 정제소금, 배추, 사태양지우린물, 대파, 표고버섯, 마늘',
			mealDelNy = '0',
			mealUseNy = '1',
			mealModDateTime = now()
		WHERE seq = '1'
 {executed in 5 msec} 
2025-04-02T22:50:11.972 [http-nio-8080-exec-4] DEBUG j.sqltiming -  com.zaxxer.hikari.pool.ProxyPreparedStatement.execute(ProxyPreparedStatement.java:44)
391. SELECT COUNT(*)

		FROM mealKit as a
		WHERE 1=1
		 AND a.mealUseNy = 1 
         AND a.mealDelNy = 0 

		ORDER BY a.seq DESC
 {executed in 1 msec} 
2025-04-02T22:50:11.974 [http-nio-8080-exec-4] DEBUG j.sqltiming -  com.zaxxer.hikari.pool.ProxyPreparedStatement.execute(ProxyPreparedStatement.java:44)
391. SELECT aa.* FROM (
			SELECT
				a.seq,
				a.brandName,
				a.mealKitName,
				a.stock,
				a.price,
				a.score,
				a.ingredient,
				a.mealDelNy,
				a.mealUseNy,
				a.mealRegDateTime,
				a.mealModDateTime

		FROM mealKit as a
		WHERE 1=1
		 AND a.mealUseNy = 1 
         AND a.mealDelNy = 0 

		ORDER BY a.seq DESC

		) aa
		limit 5 offset 0
 {executed in 1 msec} 
2025-04-02T22:50:15.906 [http-nio-8080-exec-9] DEBUG j.sqltiming -  com.zaxxer.hikari.pool.ProxyPreparedStatement.execute(ProxyPreparedStatement.java:44)
391. SELECT COUNT(*)

		FROM mealKit as a
		WHERE 1=1
		 AND a.mealUseNy = 1 
         AND a.mealDelNy = 0 

		ORDER BY a.seq DESC
 {executed in 1 msec} 
2025-04-02T22:50:15.908 [http-nio-8080-exec-9] DEBUG j.sqltiming -  com.zaxxer.hikari.pool.ProxyPreparedStatement.execute(ProxyPreparedStatement.java:44)
391. SELECT aa.* FROM (
			SELECT
				a.seq,
				a.brandName,
				a.mealKitName,
				a.stock,
				a.price,
				a.score,
				a.ingredient,
				a.mealDelNy,
				a.mealUseNy,
				a.mealRegDateTime,
				a.mealModDateTime

		FROM mealKit as a
		WHERE 1=1
		 AND a.mealUseNy = 1 
         AND a.mealDelNy = 0 

		ORDER BY a.seq DESC

		) aa
		limit 5 offset 0
 {executed in 0 msec} 
