2025-04-03T10:02:58.109 [http-nio-8080-exec-5] DEBUG j.sqltiming -  com.zaxxer.hikari.pool.ProxyPreparedStatement.execute(ProxyPreparedStatement.java:44)
31. SELECT COUNT(*)

		FROM mealKit as a
		WHERE 1=1
		 AND a.mealUseNy = 1 
         AND a.mealDelNy = 0 

		ORDER BY a.seq DESC
 {executed in 1 msec} 
2025-04-03T10:02:58.111 [http-nio-8080-exec-5] DEBUG j.sqltiming -  com.zaxxer.hikari.pool.ProxyPreparedStatement.execute(ProxyPreparedStatement.java:44)
31. SELECT aa.* FROM (
			SELECT
				a.seq,
				a.brandName,
				a.mealKitName,
				a.stock,
				a.price,
				a.score,
				a.ingredient,
				a.mealDelNy,
				a.mealUseNy,
				a.mealRegDateTime,
				a.mealModDateTime

		FROM mealKit as a
		WHERE 1=1
		 AND a.mealUseNy = 1 
         AND a.mealDelNy = 0 

		ORDER BY a.seq DESC

		) aa
		limit 5 offset 0
 {executed in 1 msec} 
2025-04-03T10:03:04.518 [http-nio-8080-exec-4] DEBUG j.sqltiming -  com.zaxxer.hikari.pool.ProxyPreparedStatement.execute(ProxyPreparedStatement.java:44)
31. SELECT COUNT(*)

		FROM mealKit as a
		WHERE 1=1
		 AND a.mealUseNy = 1 
         AND a.mealDelNy = 0 

				 AND a.mealRegDateTime BETWEEN '2025-04-02 00:00:00' AND '2025-04-03 23:59:59' 

		ORDER BY a.seq DESC
 {executed in 1 msec} 
2025-04-03T10:03:04.521 [http-nio-8080-exec-4] DEBUG j.sqltiming -  com.zaxxer.hikari.pool.ProxyPreparedStatement.execute(ProxyPreparedStatement.java:44)
31. SELECT aa.* FROM (
			SELECT
				a.seq,
				a.brandName,
				a.mealKitName,
				a.stock,
				a.price,
				a.score,
				a.ingredient,
				a.mealDelNy,
				a.mealUseNy,
				a.mealRegDateTime,
				a.mealModDateTime

		FROM mealKit as a
		WHERE 1=1
		 AND a.mealUseNy = 1 
         AND a.mealDelNy = 0 

				 AND a.mealRegDateTime BETWEEN '2025-04-02 00:00:00' AND '2025-04-03 23:59:59' 

		ORDER BY a.seq DESC

		) aa
		limit 5 offset 0
 {executed in 1 msec} 
2025-04-03T10:03:10.114 [http-nio-8080-exec-9] DEBUG j.sqltiming -  com.zaxxer.hikari.pool.ProxyPreparedStatement.execute(ProxyPreparedStatement.java:44)
31. SELECT COUNT(*)

		FROM mealKit as a
		WHERE 1=1
		 AND a.mealUseNy = 1 
         AND a.mealDelNy = 0 

				 AND a.mealRegDateTime BETWEEN '2025-04-02 00:00:00' AND '2025-04-03 23:59:59' 

		ORDER BY a.seq DESC
 {executed in 1 msec} 
2025-04-03T10:03:10.117 [http-nio-8080-exec-9] DEBUG j.sqltiming -  com.zaxxer.hikari.pool.ProxyPreparedStatement.execute(ProxyPreparedStatement.java:44)
31. SELECT aa.* FROM (
			SELECT
				a.seq,
				a.brandName,
				a.mealKitName,
				a.stock,
				a.price,
				a.score,
				a.ingredient,
				a.mealDelNy,
				a.mealUseNy,
				a.mealRegDateTime,
				a.mealModDateTime

		FROM mealKit as a
		WHERE 1=1
		 AND a.mealUseNy = 1 
         AND a.mealDelNy = 0 

				 AND a.mealRegDateTime BETWEEN '2025-04-02 00:00:00' AND '2025-04-03 23:59:59' 

		ORDER BY a.seq DESC

		) aa
		limit 5 offset 0
 {executed in 1 msec} 
2025-04-03T10:03:12.855 [http-nio-8080-exec-4] DEBUG j.sqltiming -  com.zaxxer.hikari.pool.ProxyPreparedStatement.execute(ProxyPreparedStatement.java:44)
31. SELECT COUNT(*)

		FROM mealKit as a
		WHERE 1=1
		 AND a.mealUseNy = 1 
         AND a.mealDelNy = 0 

				 AND a.mealModDateTime BETWEEN '2025-04-02 00:00:00' AND '2025-04-03 23:59:59' 

		ORDER BY a.seq DESC
 {executed in 1 msec} 
2025-04-03T10:03:12.859 [http-nio-8080-exec-4] DEBUG j.sqltiming -  com.zaxxer.hikari.pool.ProxyPreparedStatement.execute(ProxyPreparedStatement.java:44)
31. SELECT aa.* FROM (
			SELECT
				a.seq,
				a.brandName,
				a.mealKitName,
				a.stock,
				a.price,
				a.score,
				a.ingredient,
				a.mealDelNy,
				a.mealUseNy,
				a.mealRegDateTime,
				a.mealModDateTime

		FROM mealKit as a
		WHERE 1=1
		 AND a.mealUseNy = 1 
         AND a.mealDelNy = 0 

				 AND a.mealModDateTime BETWEEN '2025-04-02 00:00:00' AND '2025-04-03 23:59:59' 

		ORDER BY a.seq DESC

		) aa
		limit 5 offset 0
 {executed in 1 msec} 
2025-04-03T10:03:15.964 [http-nio-8080-exec-1] DEBUG j.sqltiming -  com.zaxxer.hikari.pool.ProxyPreparedStatement.execute(ProxyPreparedStatement.java:44)
31. SELECT COUNT(*)

		FROM userUi as a
		WHERE 1=1

         AND a.delNy = 0 

		ORDER BY a.seq DESC
 {executed in 1 msec} 
2025-04-03T10:03:15.966 [http-nio-8080-exec-1] DEBUG j.sqltiming -  com.zaxxer.hikari.pool.ProxyPreparedStatement.execute(ProxyPreparedStatement.java:44)
31. SELECT aa.* FROM (
			SELECT
				a.seq,

			    a.name,
			    a.gender,
			    a.btd,
			    a.email,
			    a.passWord,
			    a.delNy,
			    a.admSignin,
			    a.mobileCarrier,
			    a.phoneNumber,
			    a.regDateTime,
			    a.modDateTime

		FROM userUi as a
		WHERE 1=1

         AND a.delNy = 0 

		ORDER BY a.seq DESC

		) aa
		limit 5 offset 0
 {executed in 1 msec} 
2025-04-03T10:03:21.682 [http-nio-8080-exec-8] DEBUG j.sqltiming -  com.zaxxer.hikari.pool.ProxyPreparedStatement.execute(ProxyPreparedStatement.java:44)
31. SELECT COUNT(*)

		FROM userUi as a
		WHERE 1=1

         AND a.delNy = 0 

				 AND a.regDateTime BETWEEN '2025-04-02 00:00:00' AND '2025-04-03 23:59:59' 

		ORDER BY a.seq DESC
 {executed in 1 msec} 
2025-04-03T10:03:23.781 [http-nio-8080-exec-8] DEBUG j.sqltiming -  com.zaxxer.hikari.pool.ProxyPreparedStatement.execute(ProxyPreparedStatement.java:44)
31. SELECT COUNT(*)

		FROM userUi as a
		WHERE 1=1

         AND a.delNy = 0 

				 AND a.modDateTime BETWEEN '2025-04-02 00:00:00' AND '2025-04-03 23:59:59' 

		ORDER BY a.seq DESC
 {executed in 1 msec} 
2025-04-03T10:03:23.784 [http-nio-8080-exec-8] DEBUG j.sqltiming -  com.zaxxer.hikari.pool.ProxyPreparedStatement.execute(ProxyPreparedStatement.java:44)
31. SELECT aa.* FROM (
			SELECT
				a.seq,

			    a.name,
			    a.gender,
			    a.btd,
			    a.email,
			    a.passWord,
			    a.delNy,
			    a.admSignin,
			    a.mobileCarrier,
			    a.phoneNumber,
			    a.regDateTime,
			    a.modDateTime

		FROM userUi as a
		WHERE 1=1

         AND a.delNy = 0 

				 AND a.modDateTime BETWEEN '2025-04-02 00:00:00' AND '2025-04-03 23:59:59' 

		ORDER BY a.seq DESC

		) aa
		limit 5 offset 0
 {executed in 1 msec} 
2025-04-03T10:03:25.667 [http-nio-8080-exec-9] DEBUG j.sqltiming -  com.zaxxer.hikari.pool.ProxyPreparedStatement.execute(ProxyPreparedStatement.java:44)
31. SELECT COUNT(*)

		FROM code as a
		LEFT JOIN
			codeGroup b
		ON
			a.ifcgSeq = b.ifcgSeq
		WHERE 1=1
		 AND a.ifcdUseNy = 1 
         AND a.ifcdDelNy = 0 

		ORDER BY a.ifcdSeq DESC
 {executed in 9 msec} 
2025-04-03T10:03:25.669 [http-nio-8080-exec-9] DEBUG j.sqltiming -  com.zaxxer.hikari.pool.ProxyPreparedStatement.execute(ProxyPreparedStatement.java:44)
31. SELECT aa.* FROM (
			SELECT
				a.ifcdSeq,
			    a.ifcdName,
			    a.ifcdDelNy,
			    a.ifcdUseNy,
			    a.ifcdRegDateTime,
			    a.ifcdModDateTime,
			    b.ifcgSeq,
			    b.ifcgName

		FROM code as a
		LEFT JOIN
			codeGroup b
		ON
			a.ifcgSeq = b.ifcgSeq
		WHERE 1=1
		 AND a.ifcdUseNy = 1 
         AND a.ifcdDelNy = 0 

		ORDER BY a.ifcdSeq DESC

		) aa
		limit 5 offset 0
 {executed in 1 msec} 
2025-04-03T10:03:32.959 [http-nio-8080-exec-4] DEBUG j.sqltiming -  com.zaxxer.hikari.pool.ProxyPreparedStatement.execute(ProxyPreparedStatement.java:44)
31. SELECT COUNT(*)

		FROM code as a
		LEFT JOIN
			codeGroup b
		ON
			a.ifcgSeq = b.ifcgSeq
		WHERE 1=1
		 AND a.ifcdUseNy = 1 
         AND a.ifcdDelNy = 0 

					AND a.ifcdRegDateTime BETWEEN '2025-03-31 00:00:00' AND '2025-04-02 23:59:59'

		ORDER BY a.ifcdSeq DESC
 {executed in 1 msec} 
2025-04-03T10:03:32.961 [http-nio-8080-exec-4] DEBUG j.sqltiming -  com.zaxxer.hikari.pool.ProxyPreparedStatement.execute(ProxyPreparedStatement.java:44)
31. SELECT aa.* FROM (
			SELECT
				a.ifcdSeq,
			    a.ifcdName,
			    a.ifcdDelNy,
			    a.ifcdUseNy,
			    a.ifcdRegDateTime,
			    a.ifcdModDateTime,
			    b.ifcgSeq,
			    b.ifcgName

		FROM code as a
		LEFT JOIN
			codeGroup b
		ON
			a.ifcgSeq = b.ifcgSeq
		WHERE 1=1
		 AND a.ifcdUseNy = 1 
         AND a.ifcdDelNy = 0 

					AND a.ifcdRegDateTime BETWEEN '2025-03-31 00:00:00' AND '2025-04-02 23:59:59'

		ORDER BY a.ifcdSeq DESC

		) aa
		limit 5 offset 0
 {executed in 1 msec} 
2025-04-03T10:04:49.990 [http-nio-8080-exec-6] DEBUG j.sqltiming -  com.zaxxer.hikari.pool.ProxyPreparedStatement.execute(ProxyPreparedStatement.java:44)
31. SELECT COUNT(*)

		FROM code as a
		LEFT JOIN
			codeGroup b
		ON
			a.ifcgSeq = b.ifcgSeq
		WHERE 1=1
		 AND a.ifcdUseNy = 1 
         AND a.ifcdDelNy = 0 

					AND a.ifcdRegDateTime BETWEEN '2025-03-31 00:00:00' AND '2025-04-02 23:59:59'

		ORDER BY a.ifcdSeq DESC
 {executed in 0 msec} 
2025-04-03T10:04:49.992 [http-nio-8080-exec-6] DEBUG j.sqltiming -  com.zaxxer.hikari.pool.ProxyPreparedStatement.execute(ProxyPreparedStatement.java:44)
31. SELECT aa.* FROM (
			SELECT
				a.ifcdSeq,
			    a.ifcdName,
			    a.ifcdDelNy,
			    a.ifcdUseNy,
			    a.ifcdRegDateTime,
			    a.ifcdModDateTime,
			    b.ifcgSeq,
			    b.ifcgName

		FROM code as a
		LEFT JOIN
			codeGroup b
		ON
			a.ifcgSeq = b.ifcgSeq
		WHERE 1=1
		 AND a.ifcdUseNy = 1 
         AND a.ifcdDelNy = 0 

					AND a.ifcdRegDateTime BETWEEN '2025-03-31 00:00:00' AND '2025-04-02 23:59:59'

		ORDER BY a.ifcdSeq DESC

		) aa
		limit 5 offset 0
 {executed in 1 msec} 
2025-04-03T10:04:52.456 [http-nio-8080-exec-6] DEBUG j.sqltiming -  com.zaxxer.hikari.pool.ProxyPreparedStatement.execute(ProxyPreparedStatement.java:44)
31. SELECT COUNT(*)

		FROM code as a
		LEFT JOIN
			codeGroup b
		ON
			a.ifcgSeq = b.ifcgSeq
		WHERE 1=1
		 AND a.ifcdUseNy = 1 
         AND a.ifcdDelNy = 0 

					AND a.ifcdRegDateTime BETWEEN '2025-03-31 00:00:00' AND '2025-04-02 23:59:59'

		ORDER BY a.ifcdSeq DESC
 {executed in 0 msec} 
2025-04-03T10:04:52.457 [http-nio-8080-exec-6] DEBUG j.sqltiming -  com.zaxxer.hikari.pool.ProxyPreparedStatement.execute(ProxyPreparedStatement.java:44)
31. SELECT aa.* FROM (
			SELECT
				a.ifcdSeq,
			    a.ifcdName,
			    a.ifcdDelNy,
			    a.ifcdUseNy,
			    a.ifcdRegDateTime,
			    a.ifcdModDateTime,
			    b.ifcgSeq,
			    b.ifcgName

		FROM code as a
		LEFT JOIN
			codeGroup b
		ON
			a.ifcgSeq = b.ifcgSeq
		WHERE 1=1
		 AND a.ifcdUseNy = 1 
         AND a.ifcdDelNy = 0 

					AND a.ifcdRegDateTime BETWEEN '2025-03-31 00:00:00' AND '2025-04-02 23:59:59'

		ORDER BY a.ifcdSeq DESC

		) aa
		limit 5 offset 0
 {executed in 1 msec} 
2025-04-03T10:04:54.779 [http-nio-8080-exec-6] DEBUG j.sqltiming -  com.zaxxer.hikari.pool.ProxyPreparedStatement.execute(ProxyPreparedStatement.java:44)
31. SELECT COUNT(*)

		FROM code as a
		LEFT JOIN
			codeGroup b
		ON
			a.ifcgSeq = b.ifcgSeq
		WHERE 1=1
		 AND a.ifcdUseNy = 1 
         AND a.ifcdDelNy = 0 

					AND a.ifcdModDateTime BETWEEN '2025-03-31 00:00:00' AND '2025-04-02 23:59:59'

		ORDER BY a.ifcdSeq DESC
 {executed in 2 msec} 
2025-04-03T10:04:54.782 [http-nio-8080-exec-6] DEBUG j.sqltiming -  com.zaxxer.hikari.pool.ProxyPreparedStatement.execute(ProxyPreparedStatement.java:44)
31. SELECT aa.* FROM (
			SELECT
				a.ifcdSeq,
			    a.ifcdName,
			    a.ifcdDelNy,
			    a.ifcdUseNy,
			    a.ifcdRegDateTime,
			    a.ifcdModDateTime,
			    b.ifcgSeq,
			    b.ifcgName

		FROM code as a
		LEFT JOIN
			codeGroup b
		ON
			a.ifcgSeq = b.ifcgSeq
		WHERE 1=1
		 AND a.ifcdUseNy = 1 
         AND a.ifcdDelNy = 0 

					AND a.ifcdModDateTime BETWEEN '2025-03-31 00:00:00' AND '2025-04-02 23:59:59'

		ORDER BY a.ifcdSeq DESC

		) aa
		limit 5 offset 0
 {executed in 1 msec} 
2025-04-03T10:04:57.780 [http-nio-8080-exec-2] DEBUG j.sqltiming -  com.zaxxer.hikari.pool.ProxyPreparedStatement.execute(ProxyPreparedStatement.java:44)
31. SELECT COUNT(*)

		FROM codeGroup as a
		WHERE 1=1
		 AND a.ifcgUseNy = 1 
         AND a.ifcgDelNy = 0 

		ORDER BY a.ifcgSeq DESC
 {executed in 1 msec} 
2025-04-03T10:04:57.783 [http-nio-8080-exec-2] DEBUG j.sqltiming -  com.zaxxer.hikari.pool.ProxyPreparedStatement.execute(ProxyPreparedStatement.java:44)
31. SELECT aa.* FROM (
			SELECT
				a.ifcgSeq,
			    a.ifcgName,
			    (select count(aa.ifcdSeq) from code aa 
			    	where 1=1 
			    		and aa.ifcdDelNy = 0
			    		and aa.ifcgSeq = a.ifcgSeq
			    ) as xifcdSeqCount,
			    a.ifcgDelNy,
			    a.ifcgUseNy,
			    a.ifcgRegDateTime,
			    a.ifcgModDateTime

		FROM codeGroup as a
		WHERE 1=1
		 AND a.ifcgUseNy = 1 
         AND a.ifcgDelNy = 0 

		ORDER BY a.ifcgSeq DESC

		) aa
		limit 5 offset 0
 {executed in 2 msec} 
2025-04-03T10:05:02.909 [http-nio-8080-exec-7] DEBUG j.sqltiming -  com.zaxxer.hikari.pool.ProxyPreparedStatement.execute(ProxyPreparedStatement.java:44)
31. SELECT COUNT(*)

		FROM codeGroup as a
		WHERE 1=1
		 AND a.ifcgUseNy = 1 
         AND a.ifcgDelNy = 0 

				AND a.ifcgRegDateTime BETWEEN '2025-03-30 00:00:00' AND '2025-04-03 23:59:59'

		ORDER BY a.ifcgSeq DESC
 {executed in 1 msec} 
2025-04-03T10:05:02.912 [http-nio-8080-exec-7] DEBUG j.sqltiming -  com.zaxxer.hikari.pool.ProxyPreparedStatement.execute(ProxyPreparedStatement.java:44)
31. SELECT aa.* FROM (
			SELECT
				a.ifcgSeq,
			    a.ifcgName,
			    (select count(aa.ifcdSeq) from code aa 
			    	where 1=1 
			    		and aa.ifcdDelNy = 0
			    		and aa.ifcgSeq = a.ifcgSeq
			    ) as xifcdSeqCount,
			    a.ifcgDelNy,
			    a.ifcgUseNy,
			    a.ifcgRegDateTime,
			    a.ifcgModDateTime

		FROM codeGroup as a
		WHERE 1=1
		 AND a.ifcgUseNy = 1 
         AND a.ifcgDelNy = 0 

				AND a.ifcgRegDateTime BETWEEN '2025-03-30 00:00:00' AND '2025-04-03 23:59:59'

		ORDER BY a.ifcgSeq DESC

		) aa
		limit 5 offset 0
 {executed in 1 msec} 
2025-04-03T10:05:12.046 [http-nio-8080-exec-1] DEBUG j.sqltiming -  com.zaxxer.hikari.pool.ProxyPreparedStatement.execute(ProxyPreparedStatement.java:44)
31. SELECT COUNT(*)

		FROM codeGroup as a
		WHERE 1=1
		 AND a.ifcgUseNy = 1 
         AND a.ifcgDelNy = 0 

				AND a.ifcgRegDateTime BETWEEN '2025-03-30 00:00:00' AND '2025-04-02 23:59:59'

		ORDER BY a.ifcgSeq DESC
 {executed in 1 msec} 
2025-04-03T10:05:12.048 [http-nio-8080-exec-1] DEBUG j.sqltiming -  com.zaxxer.hikari.pool.ProxyPreparedStatement.execute(ProxyPreparedStatement.java:44)
31. SELECT aa.* FROM (
			SELECT
				a.ifcgSeq,
			    a.ifcgName,
			    (select count(aa.ifcdSeq) from code aa 
			    	where 1=1 
			    		and aa.ifcdDelNy = 0
			    		and aa.ifcgSeq = a.ifcgSeq
			    ) as xifcdSeqCount,
			    a.ifcgDelNy,
			    a.ifcgUseNy,
			    a.ifcgRegDateTime,
			    a.ifcgModDateTime

		FROM codeGroup as a
		WHERE 1=1
		 AND a.ifcgUseNy = 1 
         AND a.ifcgDelNy = 0 

				AND a.ifcgRegDateTime BETWEEN '2025-03-30 00:00:00' AND '2025-04-02 23:59:59'

		ORDER BY a.ifcgSeq DESC

		) aa
		limit 5 offset 0
 {executed in 1 msec} 
2025-04-03T10:05:14.013 [http-nio-8080-exec-3] DEBUG j.sqltiming -  com.zaxxer.hikari.pool.ProxyPreparedStatement.execute(ProxyPreparedStatement.java:44)
31. SELECT COUNT(*)

		FROM codeGroup as a
		WHERE 1=1
		 AND a.ifcgUseNy = 1 
         AND a.ifcgDelNy = 0 

				AND a.ifcgRegDateTime BETWEEN NULL AND NULL

         AND a.ifcgSeq = '' 
		ORDER BY a.ifcgSeq DESC
 {executed in 0 msec} 
2025-04-03T10:05:16.338 [http-nio-8080-exec-2] DEBUG j.sqltiming -  com.zaxxer.hikari.pool.ProxyPreparedStatement.execute(ProxyPreparedStatement.java:44)
31. SELECT COUNT(*)

		FROM codeGroup as a
		WHERE 1=1
		 AND a.ifcgUseNy = 1 
         AND a.ifcgDelNy = 0 

				AND a.ifcgRegDateTime BETWEEN NULL AND NULL

         AND a.ifcgName LIKE CONCAT('%','','%') 
		ORDER BY a.ifcgSeq DESC
 {executed in 7 msec} 
2025-04-03T10:05:18.177 [http-nio-8080-exec-3] DEBUG j.sqltiming -  com.zaxxer.hikari.pool.ProxyPreparedStatement.execute(ProxyPreparedStatement.java:44)
31. SELECT COUNT(*)

		FROM codeGroup as a
		WHERE 1=1
		 AND a.ifcgUseNy = 1 
         AND a.ifcgDelNy = 0 

				AND a.ifcgRegDateTime BETWEEN NULL AND NULL

		ORDER BY a.ifcgSeq DESC
 {executed in 1 msec} 
2025-04-03T10:05:21.839 [http-nio-8080-exec-5] DEBUG j.sqltiming -  com.zaxxer.hikari.pool.ProxyPreparedStatement.execute(ProxyPreparedStatement.java:44)
31. SELECT COUNT(*)

		FROM codeGroup as a
		WHERE 1=1
		 AND a.ifcgUseNy = 1 
         AND a.ifcgDelNy = 1 

				AND a.ifcgRegDateTime BETWEEN NULL AND NULL

		ORDER BY a.ifcgSeq DESC
 {executed in 1 msec} 
2025-04-03T10:05:23.868 [http-nio-8080-exec-6] DEBUG j.sqltiming -  com.zaxxer.hikari.pool.ProxyPreparedStatement.execute(ProxyPreparedStatement.java:44)
31. SELECT COUNT(*)

		FROM codeGroup as a
		WHERE 1=1
		 AND a.ifcgUseNy = 1 

				AND a.ifcgRegDateTime BETWEEN NULL AND NULL

		ORDER BY a.ifcgSeq DESC
 {executed in 1 msec} 
2025-04-03T10:05:25.281 [http-nio-8080-exec-6] DEBUG j.sqltiming -  com.zaxxer.hikari.pool.ProxyPreparedStatement.execute(ProxyPreparedStatement.java:44)
31. SELECT COUNT(*)

		FROM codeGroup as a
		WHERE 1=1
		 AND a.ifcgUseNy = 1 
         AND a.ifcgDelNy = 0 

		ORDER BY a.ifcgSeq DESC
 {executed in 1 msec} 
2025-04-03T10:05:25.283 [http-nio-8080-exec-6] DEBUG j.sqltiming -  com.zaxxer.hikari.pool.ProxyPreparedStatement.execute(ProxyPreparedStatement.java:44)
31. SELECT aa.* FROM (
			SELECT
				a.ifcgSeq,
			    a.ifcgName,
			    (select count(aa.ifcdSeq) from code aa 
			    	where 1=1 
			    		and aa.ifcdDelNy = 0
			    		and aa.ifcgSeq = a.ifcgSeq
			    ) as xifcdSeqCount,
			    a.ifcgDelNy,
			    a.ifcgUseNy,
			    a.ifcgRegDateTime,
			    a.ifcgModDateTime

		FROM codeGroup as a
		WHERE 1=1
		 AND a.ifcgUseNy = 1 
         AND a.ifcgDelNy = 0 

		ORDER BY a.ifcgSeq DESC

		) aa
		limit 5 offset 0
 {executed in 1 msec} 
2025-04-03T10:06:16.744 [http-nio-8080-exec-4] DEBUG j.sqltiming -  com.zaxxer.hikari.pool.ProxyPreparedStatement.execute(ProxyPreparedStatement.java:44)
31. SELECT COUNT(*)

		FROM codeGroup as a
		WHERE 1=1
		 AND a.ifcgUseNy = 1 
         AND a.ifcgDelNy = 0 

		ORDER BY a.ifcgSeq DESC
 {executed in 2 msec} 
2025-04-03T10:06:16.747 [http-nio-8080-exec-4] DEBUG j.sqltiming -  com.zaxxer.hikari.pool.ProxyPreparedStatement.execute(ProxyPreparedStatement.java:44)
31. SELECT aa.* FROM (
			SELECT
				a.ifcgSeq,
			    a.ifcgName,
			    (select count(aa.ifcdSeq) from code aa 
			    	where 1=1 
			    		and aa.ifcdDelNy = 0
			    		and aa.ifcgSeq = a.ifcgSeq
			    ) as xifcdSeqCount,
			    a.ifcgDelNy,
			    a.ifcgUseNy,
			    a.ifcgRegDateTime,
			    a.ifcgModDateTime

		FROM codeGroup as a
		WHERE 1=1
		 AND a.ifcgUseNy = 1 
         AND a.ifcgDelNy = 0 

		ORDER BY a.ifcgSeq DESC

		) aa
		limit 5 offset 0
 {executed in 1 msec} 
2025-04-03T10:06:22.932 [http-nio-8080-exec-7] DEBUG j.sqltiming -  com.zaxxer.hikari.pool.ProxyPreparedStatement.execute(ProxyPreparedStatement.java:44)
31. SELECT COUNT(*)

		FROM codeGroup as a
		WHERE 1=1
		 AND a.ifcgUseNy = 1 
         AND a.ifcgDelNy = 0 

				AND a.ifcgRegDateTime BETWEEN '2025-03-30 00:00:00' AND '2025-04-02 23:59:59'

		ORDER BY a.ifcgSeq DESC
 {executed in 1 msec} 
2025-04-03T10:06:22.935 [http-nio-8080-exec-7] DEBUG j.sqltiming -  com.zaxxer.hikari.pool.ProxyPreparedStatement.execute(ProxyPreparedStatement.java:44)
31. SELECT aa.* FROM (
			SELECT
				a.ifcgSeq,
			    a.ifcgName,
			    (select count(aa.ifcdSeq) from code aa 
			    	where 1=1 
			    		and aa.ifcdDelNy = 0
			    		and aa.ifcgSeq = a.ifcgSeq
			    ) as xifcdSeqCount,
			    a.ifcgDelNy,
			    a.ifcgUseNy,
			    a.ifcgRegDateTime,
			    a.ifcgModDateTime

		FROM codeGroup as a
		WHERE 1=1
		 AND a.ifcgUseNy = 1 
         AND a.ifcgDelNy = 0 

				AND a.ifcgRegDateTime BETWEEN '2025-03-30 00:00:00' AND '2025-04-02 23:59:59'

		ORDER BY a.ifcgSeq DESC

		) aa
		limit 5 offset 0
 {executed in 1 msec} 
2025-04-03T10:10:30.386 [http-nio-8080-exec-5] INFO o.a.c.h.Http11Processor - Error parsing HTTP request header
 Note: further occurrences of HTTP request parsing errors will be logged at DEBUG level. 
java.lang.IllegalArgumentException: Invalid character found in method name [0x160x030x010x000xf70x010x000x000xf30x030x030xc4+0xaes}0xb80xd1\G0xb6Z0xc9sr(}0xf10xf80xbd0xa50x9c0x06x0x19r0xd40x15g50x0c0xe70x8e ]. HTTP method names must be tokens
	at org.apache.coyote.http11.Http11InputBuffer.parseRequestLine(Http11InputBuffer.java:409)
	at org.apache.coyote.http11.Http11Processor.service(Http11Processor.java:270)
	at org.apache.coyote.AbstractProcessorLight.process(AbstractProcessorLight.java:63)
	at org.apache.coyote.AbstractProtocol$ConnectionHandler.process(AbstractProtocol.java:905)
	at org.apache.tomcat.util.net.NioEndpoint$SocketProcessor.doRun(NioEndpoint.java:1743)
	at org.apache.tomcat.util.net.SocketProcessorBase.run(SocketProcessorBase.java:52)
	at org.apache.tomcat.util.threads.ThreadPoolExecutor.runWorker(ThreadPoolExecutor.java:1190)
	at org.apache.tomcat.util.threads.ThreadPoolExecutor$Worker.run(ThreadPoolExecutor.java:659)
	at org.apache.tomcat.util.threads.TaskThread$WrappingRunnable.run(TaskThread.java:63)
	at java.base/java.lang.Thread.run(Thread.java:1583)
2025-04-03T10:19:49.101 [http-nio-8080-exec-1] ERROR o.a.c.c.C.[.[.[.[dispatcherServlet] - Servlet.service() for servlet [dispatcherServlet] in context with path [] threw exception 
java.io.FileNotFoundException: class path resource [static/assets/xdm/template/admin_ui/js/quixnav-init.js] cannot be resolved to URL because it does not exist
	at org.springframework.core.io.ClassPathResource.getURL(ClassPathResource.java:230)
	at org.springframework.core.io.AbstractFileResolvingResource.lastModified(AbstractFileResolvingResource.java:298)
	at org.springframework.web.servlet.resource.ResourceHttpRequestHandler.handleRequest(ResourceHttpRequestHandler.java:598)
	at org.springframework.web.servlet.mvc.HttpRequestHandlerAdapter.handle(HttpRequestHandlerAdapter.java:52)
	at org.springframework.web.servlet.DispatcherServlet.doDispatch(DispatcherServlet.java:1088)
	at org.springframework.web.servlet.DispatcherServlet.doService(DispatcherServlet.java:978)
	at org.springframework.web.servlet.FrameworkServlet.processRequest(FrameworkServlet.java:1014)
	at org.springframework.web.servlet.FrameworkServlet.doGet(FrameworkServlet.java:903)
	at jakarta.servlet.http.HttpServlet.service(HttpServlet.java:564)
	at org.springframework.web.servlet.FrameworkServlet.service(FrameworkServlet.java:885)
	at jakarta.servlet.http.HttpServlet.service(HttpServlet.java:658)
	at org.apache.catalina.core.ApplicationFilterChain.internalDoFilter(ApplicationFilterChain.java:195)
	at org.apache.catalina.core.ApplicationFilterChain.doFilter(ApplicationFilterChain.java:140)
	at org.apache.tomcat.websocket.server.WsFilter.doFilter(WsFilter.java:51)
	at org.apache.catalina.core.ApplicationFilterChain.internalDoFilter(ApplicationFilterChain.java:164)
	at org.apache.catalina.core.ApplicationFilterChain.doFilter(ApplicationFilterChain.java:140)
	at org.springframework.web.filter.RequestContextFilter.doFilterInternal(RequestContextFilter.java:100)
	at org.springframework.web.filter.OncePerRequestFilter.doFilter(OncePerRequestFilter.java:116)
	at org.apache.catalina.core.ApplicationFilterChain.internalDoFilter(ApplicationFilterChain.java:164)
	at org.apache.catalina.core.ApplicationFilterChain.doFilter(ApplicationFilterChain.java:140)
	at org.springframework.web.filter.FormContentFilter.doFilterInternal(FormContentFilter.java:93)
	at org.springframework.web.filter.OncePerRequestFilter.doFilter(OncePerRequestFilter.java:116)
	at org.apache.catalina.core.ApplicationFilterChain.internalDoFilter(ApplicationFilterChain.java:164)
	at org.apache.catalina.core.ApplicationFilterChain.doFilter(ApplicationFilterChain.java:140)
	at org.springframework.web.filter.CharacterEncodingFilter.doFilterInternal(CharacterEncodingFilter.java:201)
	at org.springframework.web.filter.OncePerRequestFilter.doFilter(OncePerRequestFilter.java:116)
	at org.apache.catalina.core.ApplicationFilterChain.internalDoFilter(ApplicationFilterChain.java:164)
	at org.apache.catalina.core.ApplicationFilterChain.doFilter(ApplicationFilterChain.java:140)
	at org.apache.catalina.core.StandardWrapperValve.invoke(StandardWrapperValve.java:167)
	at org.apache.catalina.core.StandardContextValve.invoke(StandardContextValve.java:90)
	at org.apache.catalina.authenticator.AuthenticatorBase.invoke(AuthenticatorBase.java:483)
	at org.apache.catalina.core.StandardHostValve.invoke(StandardHostValve.java:115)
	at org.apache.catalina.valves.ErrorReportValve.invoke(ErrorReportValve.java:93)
	at org.apache.catalina.core.StandardEngineValve.invoke(StandardEngineValve.java:74)
	at org.apache.catalina.connector.CoyoteAdapter.service(CoyoteAdapter.java:344)
	at org.apache.coyote.http11.Http11Processor.service(Http11Processor.java:397)
	at org.apache.coyote.AbstractProcessorLight.process(AbstractProcessorLight.java:63)
	at org.apache.coyote.AbstractProtocol$ConnectionHandler.process(AbstractProtocol.java:905)
	at org.apache.tomcat.util.net.NioEndpoint$SocketProcessor.doRun(NioEndpoint.java:1743)
	at org.apache.tomcat.util.net.SocketProcessorBase.run(SocketProcessorBase.java:52)
	at org.apache.tomcat.util.threads.ThreadPoolExecutor.runWorker(ThreadPoolExecutor.java:1190)
	at org.apache.tomcat.util.threads.ThreadPoolExecutor$Worker.run(ThreadPoolExecutor.java:659)
	at org.apache.tomcat.util.threads.TaskThread$WrappingRunnable.run(TaskThread.java:63)
	at java.base/java.lang.Thread.run(Thread.java:1583)
2025-04-03T10:19:57.989 [File Watcher] INFO o.s.b.d.a.LocalDevToolsAutoConfiguration$RestartingClassPathChangeChangedEventListener - Restarting due to 33 class path changes (0 additions, 0 deletions, 33 modifications) 
2025-04-03T10:19:57.990 [Thread-15] INFO o.s.b.w.e.t.GracefulShutdown - Commencing graceful shutdown. Waiting for active requests to complete 
2025-04-03T10:19:57.991 [tomcat-shutdown] INFO o.a.c.h.Http11NioProtocol - Pausing ProtocolHandler ["http-nio-8080"] 
2025-04-03T10:19:57.993 [tomcat-shutdown] INFO o.s.b.w.e.t.GracefulShutdown - Graceful shutdown complete 
2025-04-03T10:19:57.994 [Thread-15] INFO o.a.c.h.Http11NioProtocol - Stopping ProtocolHandler ["http-nio-8080"] 
2025-04-03T10:19:57.997 [Thread-15] INFO c.z.h.HikariDataSource - HikariPool-4 - Shutdown initiated... 
2025-04-03T10:19:58.002 [Thread-15] INFO c.z.h.HikariDataSource - HikariPool-4 - Shutdown completed. 
2025-04-03T10:19:58.070 [restartedMain] INFO c.a.ZipApplication - Starting ZipApplication using Java 21.0.5 with PID 10612 (C:\factory\ws_sts4_4270\repo_zip\zip\bin\main started by user in C:\factory\ws_sts4_4270\repo_zip\zip) 
2025-04-03T10:19:58.070 [restartedMain] INFO c.a.ZipApplication - No active profile set, falling back to 1 default profile: "default" 
2025-04-03T10:19:58.292 [restartedMain] INFO o.s.b.w.e.t.TomcatWebServer - Tomcat initialized with port 8080 (http) 
2025-04-03T10:19:58.293 [restartedMain] INFO o.a.c.h.Http11NioProtocol - Initializing ProtocolHandler ["http-nio-8080"] 
2025-04-03T10:19:58.293 [restartedMain] INFO o.a.c.c.StandardService - Starting service [Tomcat] 
2025-04-03T10:19:58.293 [restartedMain] INFO o.a.c.c.StandardEngine - Starting Servlet engine: [Apache Tomcat/10.1.36] 
2025-04-03T10:19:58.301 [restartedMain] INFO o.a.c.c.C.[.[.[/] - Initializing Spring embedded WebApplicationContext 
2025-04-03T10:19:58.302 [restartedMain] INFO o.s.b.w.s.c.ServletWebServerApplicationContext - Root WebApplicationContext: initialization completed in 231 ms 
2025-04-03T10:19:58.378 [restartedMain] INFO c.z.h.HikariDataSource - HikariPool-5 - Starting... 
2025-04-03T10:19:58.395 [restartedMain] INFO c.z.h.p.HikariPool - HikariPool-5 - Added connection net.sf.log4jdbc.sql.jdbcapi.ConnectionSpy@7329c615 
2025-04-03T10:19:58.395 [restartedMain] INFO c.z.h.HikariDataSource - HikariPool-5 - Start completed. 
2025-04-03T10:19:58.396 [restartedMain] DEBUG j.sqltiming -  com.zaxxer.hikari.pool.ProxyPreparedStatement.execute(ProxyPreparedStatement.java:44)
41. SELECT 
			ifcdSeq
			, ifcdName
			, ifcgSeq
		FROM
			code
		WHERE 1=1
			AND ifcdDelNy = 0
		    AND ifcdUseNy = 1
 {executed in 1 msec} 
2025-04-03T10:19:58.477 [restartedMain] INFO o.s.b.d.a.OptionalLiveReloadServer - LiveReload server is running on port 35729 
2025-04-03T10:19:58.483 [restartedMain] INFO o.a.c.h.Http11NioProtocol - Starting ProtocolHandler ["http-nio-8080"] 
2025-04-03T10:19:58.486 [restartedMain] INFO o.s.b.w.e.t.TomcatWebServer - Tomcat started on port 8080 (http) with context path '/' 
2025-04-03T10:19:58.488 [restartedMain] INFO c.a.ZipApplication - Started ZipApplication in 0.455 seconds (process running for 2319.912) 
2025-04-03T10:19:58.489 [restartedMain] INFO o.s.b.d.a.ConditionEvaluationDeltaLoggingListener - Condition evaluation unchanged 
2025-04-03T10:20:00.113 [http-nio-8080-exec-1] INFO o.a.c.c.C.[.[.[/] - Initializing Spring DispatcherServlet 'dispatcherServlet' 
2025-04-03T10:20:00.114 [http-nio-8080-exec-1] INFO o.s.w.s.DispatcherServlet - Initializing Servlet 'dispatcherServlet' 
2025-04-03T10:20:00.115 [http-nio-8080-exec-1] INFO o.s.w.s.DispatcherServlet - Completed initialization in 1 ms 
2025-04-03T10:20:07.715 [RMI TCP Connection(59)-127.0.0.1] INFO o.s.b.a.SpringApplicationAdminMXBeanRegistrar$SpringApplicationAdmin - Application shutdown requested. 
2025-04-03T10:20:07.716 [RMI TCP Connection(59)-127.0.0.1] INFO o.s.b.w.e.t.GracefulShutdown - Commencing graceful shutdown. Waiting for active requests to complete 
2025-04-03T10:20:07.716 [tomcat-shutdown] INFO o.a.c.h.Http11NioProtocol - Pausing ProtocolHandler ["http-nio-8080"] 
2025-04-03T10:20:07.719 [tomcat-shutdown] INFO o.s.b.w.e.t.GracefulShutdown - Graceful shutdown complete 
2025-04-03T10:20:07.719 [RMI TCP Connection(59)-127.0.0.1] INFO o.a.c.h.Http11NioProtocol - Stopping ProtocolHandler ["http-nio-8080"] 
2025-04-03T10:20:07.720 [RMI TCP Connection(59)-127.0.0.1] INFO c.z.h.HikariDataSource - HikariPool-5 - Shutdown initiated... 
2025-04-03T10:20:07.723 [RMI TCP Connection(59)-127.0.0.1] INFO c.z.h.HikariDataSource - HikariPool-5 - Shutdown completed. 
2025-04-03T10:20:22.012 [restartedMain] INFO c.a.ZipApplication - Starting ZipApplication using Java 21.0.5 with PID 20328 (C:\factory\ws_sts4_4270\repo_zip\zip\bin\main started by user in C:\factory\ws_sts4_4270\repo_zip\zip) 
2025-04-03T10:20:22.013 [restartedMain] INFO c.a.ZipApplication - No active profile set, falling back to 1 default profile: "default" 
2025-04-03T10:20:22.041 [restartedMain] INFO o.s.b.d.e.DevToolsPropertyDefaultsPostProcessor - Devtools property defaults active! Set 'spring.devtools.add-properties' to 'false' to disable 
2025-04-03T10:20:22.042 [restartedMain] INFO o.s.b.d.e.DevToolsPropertyDefaultsPostProcessor - For additional web related logging consider setting the 'logging.level.web' property to 'DEBUG' 
2025-04-03T10:20:22.610 [restartedMain] INFO o.s.b.w.e.t.TomcatWebServer - Tomcat initialized with port 8080 (http) 
2025-04-03T10:20:22.617 [restartedMain] INFO o.a.c.h.Http11NioProtocol - Initializing ProtocolHandler ["http-nio-8080"] 
2025-04-03T10:20:22.618 [restartedMain] INFO o.a.c.c.StandardService - Starting service [Tomcat] 
2025-04-03T10:20:22.618 [restartedMain] INFO o.a.c.c.StandardEngine - Starting Servlet engine: [Apache Tomcat/10.1.36] 
2025-04-03T10:20:22.645 [restartedMain] INFO o.a.c.c.C.[.[.[/] - Initializing Spring embedded WebApplicationContext 
2025-04-03T10:20:22.646 [restartedMain] INFO o.s.b.w.s.c.ServletWebServerApplicationContext - Root WebApplicationContext: initialization completed in 603 ms 
2025-04-03T10:20:22.828 [restartedMain] INFO c.z.h.HikariDataSource - HikariPool-1 - Starting... 
2025-04-03T10:20:23.043 [restartedMain] INFO c.z.h.p.HikariPool - HikariPool-1 - Added connection net.sf.log4jdbc.sql.jdbcapi.ConnectionSpy@5f713c3 
2025-04-03T10:20:23.045 [restartedMain] INFO c.z.h.HikariDataSource - HikariPool-1 - Start completed. 
2025-04-03T10:20:23.061 [restartedMain] DEBUG j.sqltiming -  com.zaxxer.hikari.pool.ProxyPreparedStatement.execute(ProxyPreparedStatement.java:44)
1. SELECT 
			ifcdSeq
			, ifcdName
			, ifcgSeq
		FROM
			code
		WHERE 1=1
			AND ifcdDelNy = 0
		    AND ifcdUseNy = 1
 {executed in 5 msec} 
2025-04-03T10:20:23.777 [restartedMain] INFO o.s.b.d.a.OptionalLiveReloadServer - LiveReload server is running on port 35729 
2025-04-03T10:20:23.790 [restartedMain] INFO o.a.c.h.Http11NioProtocol - Starting ProtocolHandler ["http-nio-8080"] 
2025-04-03T10:20:23.800 [restartedMain] INFO o.s.b.w.e.t.TomcatWebServer - Tomcat started on port 8080 (http) with context path '/' 
2025-04-03T10:20:23.805 [restartedMain] INFO c.a.ZipApplication - Started ZipApplication in 1.985 seconds (process running for 3.688) 
2025-04-03T10:20:28.098 [http-nio-8080-exec-1] INFO o.a.c.c.C.[.[.[/] - Initializing Spring DispatcherServlet 'dispatcherServlet' 
2025-04-03T10:20:28.098 [http-nio-8080-exec-1] INFO o.s.w.s.DispatcherServlet - Initializing Servlet 'dispatcherServlet' 
2025-04-03T10:20:28.099 [http-nio-8080-exec-1] INFO o.s.w.s.DispatcherServlet - Completed initialization in 1 ms 
2025-04-03T10:24:25.229 [http-nio-8080-exec-9] DEBUG j.sqltiming -  com.zaxxer.hikari.pool.ProxyPreparedStatement.execute(ProxyPreparedStatement.java:44)
1. SELECT
			a.seq,
			a.email,
			a.passWord,
			a.name
		FROM
			userUi a
		WHERE 1=1
			AND a.email = 'qwer@naver.com'
			 AND a.passWord = '1234'
 {executed in 3 msec} 
2025-04-03T10:30:27.067 [http-nio-8080-exec-1] DEBUG j.sqltiming -  com.zaxxer.hikari.pool.ProxyPreparedStatement.execute(ProxyPreparedStatement.java:44)
1. SELECT
			a.seq,
			a.email,
			a.passWord,
			a.name
		FROM
			userUi a
		WHERE 1=1
			AND a.email = 'qwer@naver.com'
			 AND a.passWord = '1234'
 {executed in 2 msec} 
2025-04-03T10:33:59.765 [http-nio-8080-exec-2] DEBUG j.sqltiming -  com.zaxxer.hikari.pool.ProxyPreparedStatement.execute(ProxyPreparedStatement.java:44)
1. SELECT
			a.seq,
			a.email,
			a.passWord,
			a.name
		FROM
			userUi a
		WHERE 1=1
			AND a.email = 'qwer@naver.com'
			 AND a.passWord = '1234'
 {executed in 2 msec} 
2025-04-03T10:34:09.420 [http-nio-8080-exec-2] DEBUG j.sqltiming -  com.zaxxer.hikari.pool.ProxyPreparedStatement.execute(ProxyPreparedStatement.java:44)
1. SELECT COUNT(*)

		FROM userUi as a
		WHERE 1=1

         AND a.delNy = 0 

		ORDER BY a.seq DESC
 {executed in 1 msec} 
2025-04-03T10:34:09.424 [http-nio-8080-exec-2] DEBUG j.sqltiming -  com.zaxxer.hikari.pool.ProxyPreparedStatement.execute(ProxyPreparedStatement.java:44)
1. SELECT aa.* FROM (
			SELECT
				a.seq,

			    a.name,
			    a.gender,
			    a.btd,
			    a.email,
			    a.passWord,
			    a.delNy,
			    a.admSignin,
			    a.mobileCarrier,
			    a.phoneNumber,
			    a.regDateTime,
			    a.modDateTime

		FROM userUi as a
		WHERE 1=1

         AND a.delNy = 0 

		ORDER BY a.seq DESC

		) aa
		limit 5 offset 0
 {executed in 1 msec} 
2025-04-03T10:34:11.012 [http-nio-8080-exec-2] DEBUG j.sqltiming -  com.zaxxer.hikari.pool.ProxyPreparedStatement.execute(ProxyPreparedStatement.java:44)
1. SELECT COUNT(*)

		FROM mealKit as a
		WHERE 1=1
		 AND a.mealUseNy = 1 
         AND a.mealDelNy = 0 

		ORDER BY a.seq DESC
 {executed in 1 msec} 
2025-04-03T10:34:11.015 [http-nio-8080-exec-2] DEBUG j.sqltiming -  com.zaxxer.hikari.pool.ProxyPreparedStatement.execute(ProxyPreparedStatement.java:44)
1. SELECT aa.* FROM (
			SELECT
				a.seq,
				a.brandName,
				a.mealKitName,
				a.stock,
				a.price,
				a.score,
				a.ingredient,
				a.mealDelNy,
				a.mealUseNy,
				a.mealRegDateTime,
				a.mealModDateTime

		FROM mealKit as a
		WHERE 1=1
		 AND a.mealUseNy = 1 
         AND a.mealDelNy = 0 

		ORDER BY a.seq DESC

		) aa
		limit 5 offset 0
 {executed in 2 msec} 
2025-04-03T10:34:12.584 [http-nio-8080-exec-1] DEBUG j.sqltiming -  com.zaxxer.hikari.pool.ProxyPreparedStatement.execute(ProxyPreparedStatement.java:44)
1. SELECT COUNT(*)

		FROM code as a
		LEFT JOIN
			codeGroup b
		ON
			a.ifcgSeq = b.ifcgSeq
		WHERE 1=1
		 AND a.ifcdUseNy = 1 
         AND a.ifcdDelNy = 0 

		ORDER BY a.ifcdSeq DESC
 {executed in 1 msec} 
2025-04-03T10:34:12.586 [http-nio-8080-exec-1] DEBUG j.sqltiming -  com.zaxxer.hikari.pool.ProxyPreparedStatement.execute(ProxyPreparedStatement.java:44)
1. SELECT aa.* FROM (
			SELECT
				a.ifcdSeq,
			    a.ifcdName,
			    a.ifcdDelNy,
			    a.ifcdUseNy,
			    a.ifcdRegDateTime,
			    a.ifcdModDateTime,
			    b.ifcgSeq,
			    b.ifcgName

		FROM code as a
		LEFT JOIN
			codeGroup b
		ON
			a.ifcgSeq = b.ifcgSeq
		WHERE 1=1
		 AND a.ifcdUseNy = 1 
         AND a.ifcdDelNy = 0 

		ORDER BY a.ifcdSeq DESC

		) aa
		limit 5 offset 0
 {executed in 0 msec} 
2025-04-03T10:34:13.591 [http-nio-8080-exec-8] DEBUG j.sqltiming -  com.zaxxer.hikari.pool.ProxyPreparedStatement.execute(ProxyPreparedStatement.java:44)
1. SELECT COUNT(*)

		FROM codeGroup as a
		WHERE 1=1
		 AND a.ifcgUseNy = 1 
         AND a.ifcgDelNy = 0 

		ORDER BY a.ifcgSeq DESC
 {executed in 1 msec} 
2025-04-03T10:34:13.595 [http-nio-8080-exec-8] DEBUG j.sqltiming -  com.zaxxer.hikari.pool.ProxyPreparedStatement.execute(ProxyPreparedStatement.java:44)
1. SELECT aa.* FROM (
			SELECT
				a.ifcgSeq,
			    a.ifcgName,
			    (select count(aa.ifcdSeq) from code aa 
			    	where 1=1 
			    		and aa.ifcdDelNy = 0
			    		and aa.ifcgSeq = a.ifcgSeq
			    ) as xifcdSeqCount,
			    a.ifcgDelNy,
			    a.ifcgUseNy,
			    a.ifcgRegDateTime,
			    a.ifcgModDateTime

		FROM codeGroup as a
		WHERE 1=1
		 AND a.ifcgUseNy = 1 
         AND a.ifcgDelNy = 0 

		ORDER BY a.ifcgSeq DESC

		) aa
		limit 5 offset 0
 {executed in 1 msec} 
2025-04-03T10:53:47.088 [http-nio-8080-exec-7] ERROR o.t.TemplateEngine - [THYMELEAF][http-nio-8080-exec-7] Exception processing template "usr/userUi/UserSignup": An error happened during template parsing (template: "class path resource [templates/usr/userUi/UserSignup.html]" - line 92, col 93) 
org.thymeleaf.exceptions.TemplateInputException: An error happened during template parsing (template: "class path resource [templates/usr/userUi/UserSignup.html]" - line 92, col 93)
	at org.thymeleaf.templateparser.markup.AbstractMarkupTemplateParser.parse(AbstractMarkupTemplateParser.java:239)
	at org.thymeleaf.templateparser.markup.AbstractMarkupTemplateParser.parseStandalone(AbstractMarkupTemplateParser.java:100)
	at org.thymeleaf.engine.TemplateManager.parseAndProcess(TemplateManager.java:666)
	at org.thymeleaf.TemplateEngine.process(TemplateEngine.java:1103)
	at org.thymeleaf.TemplateEngine.process(TemplateEngine.java:1077)
	at org.thymeleaf.spring6.view.ThymeleafView.renderFragment(ThymeleafView.java:372)
	at org.thymeleaf.spring6.view.ThymeleafView.render(ThymeleafView.java:192)
	at org.springframework.web.servlet.DispatcherServlet.render(DispatcherServlet.java:1435)
	at org.springframework.web.servlet.DispatcherServlet.processDispatchResult(DispatcherServlet.java:1167)
	at org.springframework.web.servlet.DispatcherServlet.doDispatch(DispatcherServlet.java:1105)
	at org.springframework.web.servlet.DispatcherServlet.doService(DispatcherServlet.java:978)
	at org.springframework.web.servlet.FrameworkServlet.processRequest(FrameworkServlet.java:1014)
	at org.springframework.web.servlet.FrameworkServlet.doGet(FrameworkServlet.java:903)
	at jakarta.servlet.http.HttpServlet.service(HttpServlet.java:564)
	at org.springframework.web.servlet.FrameworkServlet.service(FrameworkServlet.java:885)
	at jakarta.servlet.http.HttpServlet.service(HttpServlet.java:658)
	at org.apache.catalina.core.ApplicationFilterChain.internalDoFilter(ApplicationFilterChain.java:195)
	at org.apache.catalina.core.ApplicationFilterChain.doFilter(ApplicationFilterChain.java:140)
	at org.apache.tomcat.websocket.server.WsFilter.doFilter(WsFilter.java:51)
	at org.apache.catalina.core.ApplicationFilterChain.internalDoFilter(ApplicationFilterChain.java:164)
	at org.apache.catalina.core.ApplicationFilterChain.doFilter(ApplicationFilterChain.java:140)
	at org.springframework.web.filter.RequestContextFilter.doFilterInternal(RequestContextFilter.java:100)
	at org.springframework.web.filter.OncePerRequestFilter.doFilter(OncePerRequestFilter.java:116)
	at org.apache.catalina.core.ApplicationFilterChain.internalDoFilter(ApplicationFilterChain.java:164)
	at org.apache.catalina.core.ApplicationFilterChain.doFilter(ApplicationFilterChain.java:140)
	at org.springframework.web.filter.FormContentFilter.doFilterInternal(FormContentFilter.java:93)
	at org.springframework.web.filter.OncePerRequestFilter.doFilter(OncePerRequestFilter.java:116)
	at org.apache.catalina.core.ApplicationFilterChain.internalDoFilter(ApplicationFilterChain.java:164)
	at org.apache.catalina.core.ApplicationFilterChain.doFilter(ApplicationFilterChain.java:140)
	at org.springframework.web.filter.CharacterEncodingFilter.doFilterInternal(CharacterEncodingFilter.java:201)
	at org.springframework.web.filter.OncePerRequestFilter.doFilter(OncePerRequestFilter.java:116)
	at org.apache.catalina.core.ApplicationFilterChain.internalDoFilter(ApplicationFilterChain.java:164)
	at org.apache.catalina.core.ApplicationFilterChain.doFilter(ApplicationFilterChain.java:140)
	at org.apache.catalina.core.StandardWrapperValve.invoke(StandardWrapperValve.java:167)
	at org.apache.catalina.core.StandardContextValve.invoke(StandardContextValve.java:90)
	at org.apache.catalina.authenticator.AuthenticatorBase.invoke(AuthenticatorBase.java:483)
	at org.apache.catalina.core.StandardHostValve.invoke(StandardHostValve.java:115)
	at org.apache.catalina.valves.ErrorReportValve.invoke(ErrorReportValve.java:93)
	at org.apache.catalina.core.StandardEngineValve.invoke(StandardEngineValve.java:74)
	at org.apache.catalina.connector.CoyoteAdapter.service(CoyoteAdapter.java:344)
	at org.apache.coyote.http11.Http11Processor.service(Http11Processor.java:397)
	at org.apache.coyote.AbstractProcessorLight.process(AbstractProcessorLight.java:63)
	at org.apache.coyote.AbstractProtocol$ConnectionHandler.process(AbstractProtocol.java:905)
	at org.apache.tomcat.util.net.NioEndpoint$SocketProcessor.doRun(NioEndpoint.java:1743)
	at org.apache.tomcat.util.net.SocketProcessorBase.run(SocketProcessorBase.java:52)
	at org.apache.tomcat.util.threads.ThreadPoolExecutor.runWorker(ThreadPoolExecutor.java:1190)
	at org.apache.tomcat.util.threads.ThreadPoolExecutor$Worker.run(ThreadPoolExecutor.java:659)
	at org.apache.tomcat.util.threads.TaskThread$WrappingRunnable.run(TaskThread.java:63)
	at java.base/java.lang.Thread.run(Thread.java:1583)
Caused by: org.attoparser.ParseException: (Line = 92, Column = 93) Malformed markup: Attribute "class" appears more than once in element
	at org.attoparser.MarkupEventProcessorHandler.handleAttribute(MarkupEventProcessorHandler.java:549)
	at org.attoparser.ParsingAttributeSequenceUtil.parseAttributeSequence(ParsingAttributeSequenceUtil.java:275)
	at org.attoparser.ParsingElementMarkupUtil.parseOpenElement(ParsingElementMarkupUtil.java:153)
	at org.attoparser.MarkupParser.parseBuffer(MarkupParser.java:710)
	at org.attoparser.MarkupParser.parseDocument(MarkupParser.java:301)
	at org.attoparser.MarkupParser.parse(MarkupParser.java:257)
	at org.thymeleaf.templateparser.markup.AbstractMarkupTemplateParser.parse(AbstractMarkupTemplateParser.java:230)
	... 48 common frames omitted
2025-04-03T10:53:47.091 [http-nio-8080-exec-7] ERROR o.a.c.c.C.[.[.[.[dispatcherServlet] - Servlet.service() for servlet [dispatcherServlet] in context with path [] threw exception [Request processing failed: org.thymeleaf.exceptions.TemplateInputException: An error happened during template parsing (template: "class path resource [templates/usr/userUi/UserSignup.html]" - line 92, col 93)] with root cause 
org.attoparser.ParseException: (Line = 92, Column = 93) Malformed markup: Attribute "class" appears more than once in element
	at org.attoparser.MarkupEventProcessorHandler.handleAttribute(MarkupEventProcessorHandler.java:549)
	at org.attoparser.ParsingAttributeSequenceUtil.parseAttributeSequence(ParsingAttributeSequenceUtil.java:275)
	at org.attoparser.ParsingElementMarkupUtil.parseOpenElement(ParsingElementMarkupUtil.java:153)
	at org.attoparser.MarkupParser.parseBuffer(MarkupParser.java:710)
	at org.attoparser.MarkupParser.parseDocument(MarkupParser.java:301)
	at org.attoparser.MarkupParser.parse(MarkupParser.java:257)
	at org.thymeleaf.templateparser.markup.AbstractMarkupTemplateParser.parse(AbstractMarkupTemplateParser.java:230)
	at org.thymeleaf.templateparser.markup.AbstractMarkupTemplateParser.parseStandalone(AbstractMarkupTemplateParser.java:100)
	at org.thymeleaf.engine.TemplateManager.parseAndProcess(TemplateManager.java:666)
	at org.thymeleaf.TemplateEngine.process(TemplateEngine.java:1103)
	at org.thymeleaf.TemplateEngine.process(TemplateEngine.java:1077)
	at org.thymeleaf.spring6.view.ThymeleafView.renderFragment(ThymeleafView.java:372)
	at org.thymeleaf.spring6.view.ThymeleafView.render(ThymeleafView.java:192)
	at org.springframework.web.servlet.DispatcherServlet.render(DispatcherServlet.java:1435)
	at org.springframework.web.servlet.DispatcherServlet.processDispatchResult(DispatcherServlet.java:1167)
	at org.springframework.web.servlet.DispatcherServlet.doDispatch(DispatcherServlet.java:1105)
	at org.springframework.web.servlet.DispatcherServlet.doService(DispatcherServlet.java:978)
	at org.springframework.web.servlet.FrameworkServlet.processRequest(FrameworkServlet.java:1014)
	at org.springframework.web.servlet.FrameworkServlet.doGet(FrameworkServlet.java:903)
	at jakarta.servlet.http.HttpServlet.service(HttpServlet.java:564)
	at org.springframework.web.servlet.FrameworkServlet.service(FrameworkServlet.java:885)
	at jakarta.servlet.http.HttpServlet.service(HttpServlet.java:658)
	at org.apache.catalina.core.ApplicationFilterChain.internalDoFilter(ApplicationFilterChain.java:195)
	at org.apache.catalina.core.ApplicationFilterChain.doFilter(ApplicationFilterChain.java:140)
	at org.apache.tomcat.websocket.server.WsFilter.doFilter(WsFilter.java:51)
	at org.apache.catalina.core.ApplicationFilterChain.internalDoFilter(ApplicationFilterChain.java:164)
	at org.apache.catalina.core.ApplicationFilterChain.doFilter(ApplicationFilterChain.java:140)
	at org.springframework.web.filter.RequestContextFilter.doFilterInternal(RequestContextFilter.java:100)
	at org.springframework.web.filter.OncePerRequestFilter.doFilter(OncePerRequestFilter.java:116)
	at org.apache.catalina.core.ApplicationFilterChain.internalDoFilter(ApplicationFilterChain.java:164)
	at org.apache.catalina.core.ApplicationFilterChain.doFilter(ApplicationFilterChain.java:140)
	at org.springframework.web.filter.FormContentFilter.doFilterInternal(FormContentFilter.java:93)
	at org.springframework.web.filter.OncePerRequestFilter.doFilter(OncePerRequestFilter.java:116)
	at org.apache.catalina.core.ApplicationFilterChain.internalDoFilter(ApplicationFilterChain.java:164)
	at org.apache.catalina.core.ApplicationFilterChain.doFilter(ApplicationFilterChain.java:140)
	at org.springframework.web.filter.CharacterEncodingFilter.doFilterInternal(CharacterEncodingFilter.java:201)
	at org.springframework.web.filter.OncePerRequestFilter.doFilter(OncePerRequestFilter.java:116)
	at org.apache.catalina.core.ApplicationFilterChain.internalDoFilter(ApplicationFilterChain.java:164)
	at org.apache.catalina.core.ApplicationFilterChain.doFilter(ApplicationFilterChain.java:140)
	at org.apache.catalina.core.StandardWrapperValve.invoke(StandardWrapperValve.java:167)
	at org.apache.catalina.core.StandardContextValve.invoke(StandardContextValve.java:90)
	at org.apache.catalina.authenticator.AuthenticatorBase.invoke(AuthenticatorBase.java:483)
	at org.apache.catalina.core.StandardHostValve.invoke(StandardHostValve.java:115)
	at org.apache.catalina.valves.ErrorReportValve.invoke(ErrorReportValve.java:93)
	at org.apache.catalina.core.StandardEngineValve.invoke(StandardEngineValve.java:74)
	at org.apache.catalina.connector.CoyoteAdapter.service(CoyoteAdapter.java:344)
	at org.apache.coyote.http11.Http11Processor.service(Http11Processor.java:397)
	at org.apache.coyote.AbstractProcessorLight.process(AbstractProcessorLight.java:63)
	at org.apache.coyote.AbstractProtocol$ConnectionHandler.process(AbstractProtocol.java:905)
	at org.apache.tomcat.util.net.NioEndpoint$SocketProcessor.doRun(NioEndpoint.java:1743)
	at org.apache.tomcat.util.net.SocketProcessorBase.run(SocketProcessorBase.java:52)
	at org.apache.tomcat.util.threads.ThreadPoolExecutor.runWorker(ThreadPoolExecutor.java:1190)
	at org.apache.tomcat.util.threads.ThreadPoolExecutor$Worker.run(ThreadPoolExecutor.java:659)
	at org.apache.tomcat.util.threads.TaskThread$WrappingRunnable.run(TaskThread.java:63)
	at java.base/java.lang.Thread.run(Thread.java:1583)
